Log file open, 03/10/22 11:54:48
LogWindows: Failed to load 'aqProf.dll' (GetLastError=126)
LogWindows: File 'aqProf.dll' does not exist
LogWindows: Failed to load 'VtuneApi.dll' (GetLastError=126)
LogWindows: File 'VtuneApi.dll' does not exist
LogWindows: Failed to load 'VtuneApi32e.dll' (GetLastError=126)
LogWindows: File 'VtuneApi32e.dll' does not exist
LogConsoleResponse: Display: Failed to find resolution value strings in scalability ini. Falling back to default.
LogConsoleResponse: Display: Failed to find resolution value strings in scalability ini. Falling back to default.
LogInit: Display: Running engine for game: MP2
LogPlatformFile: Not using cached read wrapper
LogTaskGraph: Started task graph with 5 named threads and 23 total threads with 3 sets of task threads.
LogStats: Stats thread started at 0.266355
LogICUInternationalization: ICU TimeZone Detection - Raw Offset: -6:00, Platform Override: ''
LogInit: Display: Loading text-based GConfig....
LogPluginManager: Mounting plugin MeshPainting
LogPluginManager: Mounting plugin XGEController
LogPluginManager: Mounting plugin LiveLink
LogPluginManager: Mounting plugin Paper2D
LogPluginManager: Mounting plugin AISupport
LogPluginManager: Mounting plugin EnvironmentQueryEditor
LogPluginManager: Mounting plugin LightPropagationVolume
LogPluginManager: Mounting plugin OodleData
LogPluginManager: Mounting plugin OodleNetwork
LogPluginManager: Mounting plugin AssetManagerEditor
LogPluginManager: Mounting plugin CryptoKeys
LogPluginManager: Mounting plugin CurveEditorTools
LogPluginManager: Mounting plugin DataValidation
LogPluginManager: Mounting plugin EditorScriptingUtilities
LogPluginManager: Mounting plugin FacialAnimation
LogPluginManager: Mounting plugin GameplayTagsEditor
LogPluginManager: Mounting plugin GeometryMode
LogPluginManager: Mounting plugin MacGraphicsSwitching
LogPluginManager: Mounting plugin MaterialAnalyzer
LogPluginManager: Mounting plugin MobileLauncherProfileWizard
LogPluginManager: Mounting plugin PluginBrowser
LogPluginManager: Mounting plugin StylusInput
LogPluginManager: Mounting plugin SpeedTreeImporter
LogPluginManager: Mounting plugin AnimationSharing
LogPluginManager: Mounting plugin CLionSourceCodeAccess
LogPluginManager: Mounting plugin CodeLiteSourceCodeAccess
LogPluginManager: Mounting plugin DatasmithContent
LogPluginManager: Mounting plugin GitSourceControl
LogPluginManager: Mounting plugin KDevelopSourceCodeAccess
LogPluginManager: Mounting plugin NullSourceCodeAccess
LogPluginManager: Mounting plugin PerforceSourceControl
LogPluginManager: Mounting plugin PixWinPlugin
LogPluginManager: Mounting plugin PlasticSourceControl
LogPluginManager: Mounting plugin VariantManagerContent
LogPluginManager: Mounting plugin PropertyAccessNode
LogPluginManager: Mounting plugin PluginUtils
LogPluginManager: Mounting plugin RiderSourceCodeAccess
LogPluginManager: Mounting plugin SubversionSourceControl
LogPluginManager: Mounting plugin TextureFormatOodle
LogPluginManager: Mounting plugin UObjectPlugin
LogPluginManager: Mounting plugin VisualStudioSourceCodeAccess
LogPluginManager: Mounting plugin VisualStudioCodeSourceCodeAccess
LogPluginManager: Mounting plugin XCodeSourceCodeAccess
LogPluginManager: Mounting plugin AlembicImporter
LogPluginManager: Mounting plugin AutomationUtils
LogPluginManager: Mounting plugin BackChannel
LogPluginManager: Mounting plugin ChaosCloth
LogPluginManager: Mounting plugin ChaosClothEditor
LogPluginManager: Mounting plugin ChaosEditor
LogPluginManager: Mounting plugin ChaosNiagara
LogPluginManager: Mounting plugin ChaosSolverPlugin
LogPluginManager: Mounting plugin CharacterAI
LogPluginManager: Mounting plugin GeometryCache
LogPluginManager: Mounting plugin GeometryCollectionPlugin
LogPluginManager: Mounting plugin GeometryProcessing
LogPluginManager: Mounting plugin MeshModelingToolset
LogPluginManager: Mounting plugin ModelingToolsEditorMode
LogPluginManager: Mounting plugin MotoSynth
LogPluginManager: Mounting plugin OpenImageDenoise
LogPluginManager: Mounting plugin PlanarCut
LogPluginManager: Mounting plugin PlatformCrypto
LogPluginManager: Mounting plugin ProxyLODPlugin
LogPluginManager: Mounting plugin LuminPlatformFeatures
LogPluginManager: Mounting plugin PythonScriptPlugin
LogPluginManager: Mounting plugin MagicLeap
LogPluginManager: Mounting plugin Niagara
LogPluginManager: Mounting plugin MagicLeapLightEstimation
LogPluginManager: Mounting plugin MagicLeapMedia
LogPluginManager: Mounting plugin MagicLeapPassableWorld
LogPluginManager: Mounting plugin MLSDK
LogPluginManager: Mounting plugin SkeletalReduction
LogPluginManager: Mounting plugin AndroidMedia
LogPluginManager: Mounting plugin AvfMedia
LogPluginManager: Mounting plugin ImgMedia
LogPluginManager: Mounting plugin MediaCompositing
LogPluginManager: Mounting plugin MediaPlayerEditor
LogPluginManager: Mounting plugin WebMMedia
LogPluginManager: Mounting plugin WmfMedia
LogPluginManager: Mounting plugin TcpMessaging
LogPluginManager: Mounting plugin UdpMessaging
LogPluginManager: Mounting plugin ActorSequence
LogPluginManager: Mounting plugin MatineeToLevelSequence
LogPluginManager: Mounting plugin LevelSequenceEditor
LogPluginManager: Mounting plugin TemplateSequence
LogPluginManager: Mounting plugin LauncherChunkInstaller
LogPluginManager: Mounting plugin OnlineSubsystem
LogPluginManager: Mounting plugin OnlineSubsystemNull
LogPluginManager: Mounting plugin OnlineSubsystemUtils
LogPluginManager: Mounting plugin ActorLayerUtilities
LogPluginManager: Mounting plugin AndroidDeviceProfileSelector
LogPluginManager: Mounting plugin AndroidMoviePlayer
LogPluginManager: Mounting plugin AndroidPermission
LogPluginManager: Mounting plugin AppleImageUtils
LogPluginManager: Mounting plugin AppleMoviePlayer
LogPluginManager: Mounting plugin ArchVisCharacter
LogPluginManager: Mounting plugin AssetTags
LogPluginManager: Mounting plugin AudioCapture
LogPluginManager: Mounting plugin AudioSynesthesia
LogPluginManager: Mounting plugin ChunkDownloader
LogPluginManager: Mounting plugin CableComponent
LogPluginManager: Mounting plugin CustomMeshComponent
LogPluginManager: Mounting plugin EditableMesh
LogPluginManager: Mounting plugin ExampleDeviceProfileSelector
LogPluginManager: Mounting plugin GoogleCloudMessaging
LogPluginManager: Mounting plugin GooglePAD
LogPluginManager: Mounting plugin HairStrands
LogPluginManager: Mounting plugin IOSDeviceProfileSelector
LogPluginManager: Mounting plugin LinuxDeviceProfileSelector
LogPluginManager: Mounting plugin LocationServicesBPLibrary
LogPluginManager: Mounting plugin MobilePatchingUtils
LogPluginManager: Mounting plugin OpenXR
LogPluginManager: Mounting plugin OpenXREyeTracker
LogPluginManager: Mounting plugin OpenXRHandTracking
LogPluginManager: Mounting plugin PhysXVehicles
LogPluginManager: Mounting plugin ScreenshotTools
LogPluginManager: Mounting plugin PostSplashScreen
LogPluginManager: Mounting plugin ProceduralMeshComponent
LogPluginManager: Mounting plugin PropertyAccessEditor
LogPluginManager: Mounting plugin RuntimePhysXCooking
LogPluginManager: Mounting plugin SignificanceManager
LogPluginManager: Mounting plugin SoundFields
LogPluginManager: Mounting plugin Synthesis
LogPluginManager: Mounting plugin WebMMoviePlayer
LogPluginManager: Mounting plugin WindowsMoviePlayer
LogPluginManager: Mounting plugin CameraShakePreviewer
LogPluginManager: Mounting plugin Takes
LogPluginManager: Mounting plugin GameplayCameras
LogPluginManager: Mounting plugin ContentBrowserAssetDataSource
LogPluginManager: Mounting plugin ContentBrowserClassDataSource
LogPluginManager: Mounting plugin ContentBrowserFileDataSource
LogPluginManager: Mounting plugin OnlineSubsystemGooglePlay
LogPluginManager: Mounting plugin OnlineSubsystemIOS
LogPluginManager: Mounting plugin OculusVR
PixWinPlugin: PIX capture plugin failed to initialize! Check that the process is launched from PIX.
LogInit: Using libcurl 7.55.1-DEV
LogInit:  - built for x86_64-pc-win32
LogInit:  - supports SSL with OpenSSL/1.1.1
LogInit:  - supports HTTP deflate (compression) using libz 1.2.8
LogInit:  - other features:
LogInit:      CURL_VERSION_SSL
LogInit:      CURL_VERSION_LIBZ
LogInit:      CURL_VERSION_IPV6
LogInit:      CURL_VERSION_ASYNCHDNS
LogInit:      CURL_VERSION_LARGEFILE
LogInit:      CURL_VERSION_IDN
LogInit:  CurlRequestOptions (configurable via config and command line):
LogInit:  - bVerifyPeer = true  - Libcurl will verify peer certificate
LogInit:  - bUseHttpProxy = false  - Libcurl will NOT use HTTP proxy
LogInit:  - bDontReuseConnections = false  - Libcurl will reuse connections
LogInit:  - MaxHostConnections = 16  - Libcurl will limit the number of connections to a host
LogInit:  - LocalHostAddr = Default
LogInit:  - BufferSize = 65536
LogOnline: OSS: Creating online subsystem instance for: NULL
LogInit: WinSock: version 1.1 (2.2), MaxSocks=32767, MaxUdp=65467
LogOnline: OSS: TryLoadSubsystemAndSetDefault: Loaded subsystem for module [NULL]
LogOculusPluginWrapper: OculusPlugin initialized successfully
LogHMD: Failed initializing OVRPlugin 1.59.0
LogInit: Build: ++UE4+Release-4.27-CL-18319896
LogInit: Engine Version: 4.27.2-18319896+++UE4+Release-4.27
LogInit: Compatible Engine Version: 4.27.0-17155196+++UE4+Release-4.27
LogInit: Net CL: 17155196
LogInit: OS: Windows 10 (Release 2009) (), CPU: Intel(R) Xeon(R) W-2123 CPU @ 3.60GHz, GPU: Microsoft Remote Display Adapter
LogInit: Compiled (64-bit): Nov 30 2021 07:12:08
LogInit: Compiled with Visual C++: 19.24.28315.00
LogInit: Build Configuration: Development
LogInit: Branch Name: ++UE4+Release-4.27
LogInit: Command Line: 
LogInit: Base Directory: C:/Program Files/Epic Games/UE_4.27/Engine/Binaries/Win64/
LogInit: Allocator: TBB
LogInit: Installed Engine Build: 1
LogDevObjectVersion: Number of dev versions registered: 29
LogDevObjectVersion:   Dev-Blueprints (B0D832E4-1F89-4F0D-ACCF-7EB736FD4AA2): 10
LogDevObjectVersion:   Dev-Build (E1C64328-A22C-4D53-A36C-8E866417BD8C): 0
LogDevObjectVersion:   Dev-Core (375EC13C-06E4-48FB-B500-84F0262A717E): 4
LogDevObjectVersion:   Dev-Editor (E4B068ED-F494-42E9-A231-DA0B2E46BB41): 40
LogDevObjectVersion:   Dev-Framework (CFFC743F-43B0-4480-9391-14DF171D2073): 37
LogDevObjectVersion:   Dev-Mobile (B02B49B5-BB20-44E9-A304-32B752E40360): 3
LogDevObjectVersion:   Dev-Networking (A4E4105C-59A1-49B5-A7C5-40C4547EDFEE): 0
LogDevObjectVersion:   Dev-Online (39C831C9-5AE6-47DC-9A44-9C173E1C8E7C): 0
LogDevObjectVersion:   Dev-Physics (78F01B33-EBEA-4F98-B9B4-84EACCB95AA2): 14
LogDevObjectVersion:   Dev-Platform (6631380F-2D4D-43E0-8009-CF276956A95A): 0
LogDevObjectVersion:   Dev-Rendering (12F88B9F-8875-4AFC-A67C-D90C383ABD29): 45
LogDevObjectVersion:   Dev-Sequencer (7B5AE74C-D270-4C10-A958-57980B212A5A): 13
LogDevObjectVersion:   Dev-VR (D7296918-1DD6-4BDD-9DE2-64A83CC13884): 3
LogDevObjectVersion:   Dev-LoadTimes (C2A15278-BFE7-4AFE-6C17-90FF531DF755): 1
LogDevObjectVersion:   Private-Geometry (6EACA3D4-40EC-4CC1-B786-8BED09428FC5): 3
LogDevObjectVersion:   Dev-AnimPhys (29E575DD-E0A3-4627-9D10-D276232CDCEA): 17
LogDevObjectVersion:   Dev-Anim (AF43A65D-7FD3-4947-9873-3E8ED9C1BB05): 15
LogDevObjectVersion:   Dev-ReflectionCapture (6B266CEC-1EC7-4B8F-A30B-E4D90942FC07): 1
LogDevObjectVersion:   Dev-Automation (0DF73D61-A23F-47EA-B727-89E90C41499A): 1
LogDevObjectVersion:   FortniteMain (601D1886-AC64-4F84-AA16-D3DE0DEAC7D6): 47
LogDevObjectVersion:   FortniteRelease (E7086368-6B23-4C58-8439-1B7016265E91): 1
LogDevObjectVersion:   Dev-Enterprise (9DFFBCD6-494F-0158-E221-12823C92A888): 10
LogDevObjectVersion:   Dev-Niagara (F2AED0AC-9AFE-416F-8664-AA7FFA26D6FC): 1
LogDevObjectVersion:   Dev-Destruction (174F1F0B-B4C6-45A5-B13F-2EE8D0FB917D): 10
LogDevObjectVersion:   Dev-Physics-Ext (35F94A83-E258-406C-A318-09F59610247C): 41
LogDevObjectVersion:   Dev-PhysicsMaterial-Chaos (B68FC16E-8B1B-42E2-B453-215C058844FE): 1
LogDevObjectVersion:   Dev-CineCamera (B2E18506-4273-CFC2-A54E-F4BB758BBA07): 1
LogDevObjectVersion:   Dev-VirtualProduction (64F58936-FD1B-42BA-BA96-7289D5D0FA4E): 1
LogDevObjectVersion:   Dev-MediaFramework (6F0ED827-A609-4895-9C91-998D90180EA4): 2
LogInit: Presizing for max 25165824 objects, including 0 objects not considered by GC, pre-allocating 0 bytes for permanent pool.
LogConfig: Applying CVar settings from Section [/Script/Engine.StreamingSettings] File [C:/Users/cortiz42/Documents/Unreal Projects/CS498GD-MP2/Saved/Config/Windows/Engine.ini]
LogConfig: Setting CVar [[s.MinBulkDataSizeForAsyncLoading:131072]]
LogConfig: Setting CVar [[s.AsyncLoadingThreadEnabled:0]]
LogConfig: Setting CVar [[s.EventDrivenLoaderEnabled:1]]
LogConfig: Setting CVar [[s.WarnIfTimeLimitExceeded:0]]
LogConfig: Setting CVar [[s.TimeLimitExceededMultiplier:1.5]]
LogConfig: Setting CVar [[s.TimeLimitExceededMinTime:0.005]]
LogConfig: Setting CVar [[s.UseBackgroundLevelStreaming:1]]
LogConfig: Setting CVar [[s.PriorityAsyncLoadingExtraTime:15.0]]
LogConfig: Setting CVar [[s.LevelStreamingActorsUpdateTimeLimit:5.0]]
LogConfig: Setting CVar [[s.PriorityLevelStreamingActorsUpdateExtraTime:5.0]]
LogConfig: Setting CVar [[s.LevelStreamingComponentsRegistrationGranularity:10]]
LogConfig: Setting CVar [[s.UnregisterComponentsTimeLimit:1.0]]
LogConfig: Setting CVar [[s.LevelStreamingComponentsUnregistrationGranularity:5]]
LogConfig: Setting CVar [[s.FlushStreamingOnExit:1]]
LogInit: Object subsystem initialized
LogConfig: Setting CVar [[con.DebugEarlyDefault:1]]
LogConfig: Setting CVar [[r.setres:1280x720]]
LogConfig: Setting CVar [[fx.NiagaraAllowRuntimeScalabilityChanges:1]]
[2022.03.10-17.54.49:177][  0]LogConfig: Setting CVar [[r.VSync:0]]
[2022.03.10-17.54.49:177][  0]LogConfig: Setting CVar [[r.RHICmdBypass:0]]
[2022.03.10-17.54.49:177][  0]LogConfig: Applying CVar settings from Section [/Script/Engine.RendererSettings] File [C:/Users/cortiz42/Documents/Unreal Projects/CS498GD-MP2/Saved/Config/Windows/Engine.ini]
[2022.03.10-17.54.49:177][  0]LogConfig: Setting CVar [[r.GPUCrashDebugging:0]]
[2022.03.10-17.54.49:177][  0]LogConfig: Setting CVar [[r.MobileMSAA:4]]
[2022.03.10-17.54.49:177][  0]LogConfig: Setting CVar [[r.Mobile.AmbientOcclusion:1]]
[2022.03.10-17.54.49:177][  0]LogConfig: Setting CVar [[r.GenerateMeshDistanceFields:1]]
[2022.03.10-17.54.49:177][  0]LogConfig: Setting CVar [[r.SSGI.Enable:1]]
[2022.03.10-17.54.49:177][  0]LogConfig: Setting CVar [[r.SupportAtmosphericFog:0]]
[2022.03.10-17.54.49:177][  0]LogConfig: Setting CVar [[r.SupportSkyAtmosphereAffectsHeightFog:1]]
[2022.03.10-17.54.49:177][  0]LogConfig: Applying CVar settings from Section [/Script/Engine.RendererOverrideSettings] File [C:/Users/cortiz42/Documents/Unreal Projects/CS498GD-MP2/Saved/Config/Windows/Engine.ini]
[2022.03.10-17.54.49:177][  0]LogConfig: Applying CVar settings from Section [/Script/Engine.StreamingSettings] File [C:/Users/cortiz42/Documents/Unreal Projects/CS498GD-MP2/Saved/Config/Windows/Engine.ini]
[2022.03.10-17.54.49:177][  0]LogConfig: Setting CVar [[s.MinBulkDataSizeForAsyncLoading:131072]]
[2022.03.10-17.54.49:177][  0]LogConfig: Setting CVar [[s.AsyncLoadingThreadEnabled:0]]
[2022.03.10-17.54.49:177][  0]LogConfig: Setting CVar [[s.EventDrivenLoaderEnabled:1]]
[2022.03.10-17.54.49:177][  0]LogConfig: Setting CVar [[s.WarnIfTimeLimitExceeded:0]]
[2022.03.10-17.54.49:177][  0]LogConfig: Setting CVar [[s.TimeLimitExceededMultiplier:1.5]]
[2022.03.10-17.54.49:177][  0]LogConfig: Setting CVar [[s.TimeLimitExceededMinTime:0.005]]
[2022.03.10-17.54.49:178][  0]LogConfig: Setting CVar [[s.UseBackgroundLevelStreaming:1]]
[2022.03.10-17.54.49:178][  0]LogConfig: Setting CVar [[s.PriorityAsyncLoadingExtraTime:15.0]]
[2022.03.10-17.54.49:178][  0]LogConfig: Setting CVar [[s.LevelStreamingActorsUpdateTimeLimit:5.0]]
[2022.03.10-17.54.49:178][  0]LogConfig: Setting CVar [[s.PriorityLevelStreamingActorsUpdateExtraTime:5.0]]
[2022.03.10-17.54.49:178][  0]LogConfig: Setting CVar [[s.LevelStreamingComponentsRegistrationGranularity:10]]
[2022.03.10-17.54.49:178][  0]LogConfig: Setting CVar [[s.UnregisterComponentsTimeLimit:1.0]]
[2022.03.10-17.54.49:178][  0]LogConfig: Setting CVar [[s.LevelStreamingComponentsUnregistrationGranularity:5]]
[2022.03.10-17.54.49:178][  0]LogConfig: Setting CVar [[s.FlushStreamingOnExit:1]]
[2022.03.10-17.54.49:178][  0]LogConfig: Applying CVar settings from Section [/Script/Engine.GarbageCollectionSettings] File [C:/Users/cortiz42/Documents/Unreal Projects/CS498GD-MP2/Saved/Config/Windows/Engine.ini]
[2022.03.10-17.54.49:178][  0]LogConfig: Setting CVar [[gc.MaxObjectsNotConsideredByGC:1]]
[2022.03.10-17.54.49:178][  0]LogConfig: Setting CVar [[gc.SizeOfPermanentObjectPool:0]]
[2022.03.10-17.54.49:178][  0]LogConfig: Setting CVar [[gc.FlushStreamingOnGC:0]]
[2022.03.10-17.54.49:178][  0]LogConfig: Setting CVar [[gc.NumRetriesBeforeForcingGC:10]]
[2022.03.10-17.54.49:178][  0]LogConfig: Setting CVar [[gc.AllowParallelGC:1]]
[2022.03.10-17.54.49:178][  0]LogConfig: Setting CVar [[gc.TimeBetweenPurgingPendingKillObjects:61.1]]
[2022.03.10-17.54.49:178][  0]LogConfig: Setting CVar [[gc.MaxObjectsInEditor:25165824]]
[2022.03.10-17.54.49:178][  0]LogConfig: Setting CVar [[gc.IncrementalBeginDestroyEnabled:1]]
[2022.03.10-17.54.49:178][  0]LogConfig: Setting CVar [[gc.CreateGCClusters:1]]
[2022.03.10-17.54.49:178][  0]LogConfig: Setting CVar [[gc.MinGCClusterSize:5]]
[2022.03.10-17.54.49:178][  0]LogConfig: Setting CVar [[gc.ActorClusteringEnabled:0]]
[2022.03.10-17.54.49:178][  0]LogConfig: Setting CVar [[gc.BlueprintClusteringEnabled:0]]
[2022.03.10-17.54.49:178][  0]LogConfig: Setting CVar [[gc.UseDisregardForGCOnDedicatedServers:0]]
[2022.03.10-17.54.49:178][  0]LogConfig: Setting CVar [[gc.MultithreadedDestructionEnabled:1]]
[2022.03.10-17.54.49:178][  0]LogConfig: Applying CVar settings from Section [/Script/Engine.NetworkSettings] File [C:/Users/cortiz42/Documents/Unreal Projects/CS498GD-MP2/Saved/Config/Windows/Engine.ini]
[2022.03.10-17.54.49:178][  0]LogConfig: Applying CVar settings from Section [/Script/UnrealEd.CookerSettings] File [C:/Users/cortiz42/Documents/Unreal Projects/CS498GD-MP2/Saved/Config/Windows/Engine.ini]
[2022.03.10-17.54.49:181][  0]LogConfig: Applying CVar settings from Section [ViewDistanceQuality@3] File [C:/Users/cortiz42/Documents/Unreal Projects/CS498GD-MP2/Saved/Config/Windows/Scalability.ini]
[2022.03.10-17.54.49:181][  0]LogConfig: Setting CVar [[r.SkeletalMeshLODBias:0]]
[2022.03.10-17.54.49:181][  0]LogConfig: Setting CVar [[r.ViewDistanceScale:1.0]]
[2022.03.10-17.54.49:181][  0]LogConfig: Applying CVar settings from Section [AntiAliasingQuality@3] File [C:/Users/cortiz42/Documents/Unreal Projects/CS498GD-MP2/Saved/Config/Windows/Scalability.ini]
[2022.03.10-17.54.49:181][  0]LogConfig: Setting CVar [[r.PostProcessAAQuality:4]]
[2022.03.10-17.54.49:181][  0]LogConfig: Applying CVar settings from Section [ShadowQuality@3] File [C:/Users/cortiz42/Documents/Unreal Projects/CS498GD-MP2/Saved/Config/Windows/Scalability.ini]
[2022.03.10-17.54.49:181][  0]LogConfig: Setting CVar [[r.LightFunctionQuality:1]]
[2022.03.10-17.54.49:181][  0]LogConfig: Setting CVar [[r.ShadowQuality:5]]
[2022.03.10-17.54.49:181][  0]LogConfig: Setting CVar [[r.Shadow.CSM.MaxCascades:10]]
[2022.03.10-17.54.49:181][  0]LogConfig: Setting CVar [[r.Shadow.MaxResolution:2048]]
[2022.03.10-17.54.49:181][  0]LogConfig: Setting CVar [[r.Shadow.MaxCSMResolution:2048]]
[2022.03.10-17.54.49:181][  0]LogConfig: Setting CVar [[r.Shadow.RadiusThreshold:0.01]]
[2022.03.10-17.54.49:181][  0]LogConfig: Setting CVar [[r.Shadow.DistanceScale:1.0]]
[2022.03.10-17.54.49:181][  0]LogConfig: Setting CVar [[r.Shadow.CSM.TransitionScale:1.0]]
[2022.03.10-17.54.49:181][  0]LogConfig: Setting CVar [[r.Shadow.PreShadowResolutionFactor:1.0]]
[2022.03.10-17.54.49:181][  0]LogConfig: Setting CVar [[r.DistanceFieldShadowing:1]]
[2022.03.10-17.54.49:181][  0]LogConfig: Setting CVar [[r.DistanceFieldAO:1]]
[2022.03.10-17.54.49:181][  0]LogConfig: Setting CVar [[r.AOQuality:2]]
[2022.03.10-17.54.49:181][  0]LogConfig: Setting CVar [[r.VolumetricFog:1]]
[2022.03.10-17.54.49:181][  0]LogConfig: Setting CVar [[r.VolumetricFog.GridPixelSize:8]]
[2022.03.10-17.54.49:181][  0]LogConfig: Setting CVar [[r.VolumetricFog.GridSizeZ:128]]
[2022.03.10-17.54.49:181][  0]LogConfig: Setting CVar [[r.VolumetricFog.HistoryMissSupersampleCount:4]]
[2022.03.10-17.54.49:181][  0]LogConfig: Setting CVar [[r.LightMaxDrawDistanceScale:1]]
[2022.03.10-17.54.49:181][  0]LogConfig: Setting CVar [[r.CapsuleShadows:1]]
[2022.03.10-17.54.49:181][  0]LogConfig: Applying CVar settings from Section [PostProcessQuality@3] File [C:/Users/cortiz42/Documents/Unreal Projects/CS498GD-MP2/Saved/Config/Windows/Scalability.ini]
[2022.03.10-17.54.49:181][  0]LogConfig: Setting CVar [[r.MotionBlurQuality:4]]
[2022.03.10-17.54.49:181][  0]LogConfig: Setting CVar [[r.AmbientOcclusionMipLevelFactor:0.4]]
[2022.03.10-17.54.49:181][  0]LogConfig: Setting CVar [[r.AmbientOcclusionMaxQuality:100]]
[2022.03.10-17.54.49:181][  0]LogConfig: Setting CVar [[r.AmbientOcclusionLevels:-1]]
[2022.03.10-17.54.49:181][  0]LogConfig: Setting CVar [[r.AmbientOcclusionRadiusScale:1.0]]
[2022.03.10-17.54.49:181][  0]LogConfig: Setting CVar [[r.DepthOfFieldQuality:2]]
[2022.03.10-17.54.49:181][  0]LogConfig: Setting CVar [[r.RenderTargetPoolMin:400]]
[2022.03.10-17.54.49:181][  0]LogConfig: Setting CVar [[r.LensFlareQuality:2]]
[2022.03.10-17.54.49:181][  0]LogConfig: Setting CVar [[r.SceneColorFringeQuality:1]]
[2022.03.10-17.54.49:181][  0]LogConfig: Setting CVar [[r.EyeAdaptationQuality:2]]
[2022.03.10-17.54.49:181][  0]LogConfig: Setting CVar [[r.BloomQuality:5]]
[2022.03.10-17.54.49:181][  0]LogConfig: Setting CVar [[r.FastBlurThreshold:100]]
[2022.03.10-17.54.49:181][  0]LogConfig: Setting CVar [[r.Upscale.Quality:3]]
[2022.03.10-17.54.49:181][  0]LogConfig: Setting CVar [[r.Tonemapper.GrainQuantization:1]]
[2022.03.10-17.54.49:181][  0]LogConfig: Setting CVar [[r.LightShaftQuality:1]]
[2022.03.10-17.54.49:181][  0]LogConfig: Setting CVar [[r.Filter.SizeScale:1]]
[2022.03.10-17.54.49:181][  0]LogConfig: Setting CVar [[r.Tonemapper.Quality:5]]
[2022.03.10-17.54.49:181][  0]LogConfig: Setting CVar [[r.DOF.Gather.AccumulatorQuality:1        ; higher gathering accumulator quality]]
[2022.03.10-17.54.49:181][  0]LogConfig: Setting CVar [[r.DOF.Gather.PostfilterMethod:1          ; Median3x3 postfilering method]]
[2022.03.10-17.54.49:181][  0]LogConfig: Setting CVar [[r.DOF.Gather.EnableBokehSettings:0       ; no bokeh simulation when gathering]]
[2022.03.10-17.54.49:181][  0]LogConfig: Setting CVar [[r.DOF.Gather.RingCount:4                 ; medium number of samples when gathering]]
[2022.03.10-17.54.49:181][  0]LogConfig: Setting CVar [[r.DOF.Scatter.ForegroundCompositing:1    ; additive foreground scattering]]
[2022.03.10-17.54.49:181][  0]LogConfig: Setting CVar [[r.DOF.Scatter.BackgroundCompositing:2    ; additive background scattering]]
[2022.03.10-17.54.49:181][  0]LogConfig: Setting CVar [[r.DOF.Scatter.EnableBokehSettings:1      ; bokeh simulation when scattering]]
[2022.03.10-17.54.49:181][  0]LogConfig: Setting CVar [[r.DOF.Scatter.MaxSpriteRatio:0.1         ; only a maximum of 10% of scattered bokeh]]
[2022.03.10-17.54.49:181][  0]LogConfig: Setting CVar [[r.DOF.Recombine.Quality:1                ; cheap slight out of focus]]
[2022.03.10-17.54.49:181][  0]LogConfig: Setting CVar [[r.DOF.Recombine.EnableBokehSettings:0    ; no bokeh simulation on slight out of focus]]
[2022.03.10-17.54.49:181][  0]LogConfig: Setting CVar [[r.DOF.TemporalAAQuality:1                ; more stable temporal accumulation]]
[2022.03.10-17.54.49:181][  0]LogConfig: Setting CVar [[r.DOF.Kernel.MaxForegroundRadius:0.025]]
[2022.03.10-17.54.49:181][  0]LogConfig: Setting CVar [[r.DOF.Kernel.MaxBackgroundRadius:0.025]]
[2022.03.10-17.54.49:182][  0]LogConfig: Applying CVar settings from Section [TextureQuality@3] File [C:/Users/cortiz42/Documents/Unreal Projects/CS498GD-MP2/Saved/Config/Windows/Scalability.ini]
[2022.03.10-17.54.49:182][  0]LogConfig: Setting CVar [[r.Streaming.MipBias:0]]
[2022.03.10-17.54.49:182][  0]LogConfig: Setting CVar [[r.Streaming.AmortizeCPUToGPUCopy:0]]
[2022.03.10-17.54.49:182][  0]LogConfig: Setting CVar [[r.Streaming.MaxNumTexturesToStreamPerFrame:0]]
[2022.03.10-17.54.49:182][  0]LogConfig: Setting CVar [[r.Streaming.Boost:1]]
[2022.03.10-17.54.49:182][  0]LogConfig: Setting CVar [[r.MaxAnisotropy:8]]
[2022.03.10-17.54.49:182][  0]LogConfig: Setting CVar [[r.VT.MaxAnisotropy:8]]
[2022.03.10-17.54.49:182][  0]LogConfig: Setting CVar [[r.Streaming.LimitPoolSizeToVRAM:0]]
[2022.03.10-17.54.49:182][  0]LogConfig: Setting CVar [[r.Streaming.PoolSize:1000]]
[2022.03.10-17.54.49:182][  0]LogConfig: Setting CVar [[r.Streaming.MaxEffectiveScreenSize:0]]
[2022.03.10-17.54.49:182][  0]LogConfig: Applying CVar settings from Section [EffectsQuality@3] File [C:/Users/cortiz42/Documents/Unreal Projects/CS498GD-MP2/Saved/Config/Windows/Scalability.ini]
[2022.03.10-17.54.49:182][  0]LogConfig: Setting CVar [[r.TranslucencyLightingVolumeDim:64]]
[2022.03.10-17.54.49:182][  0]LogConfig: Setting CVar [[r.RefractionQuality:2]]
[2022.03.10-17.54.49:182][  0]LogConfig: Setting CVar [[r.SSR.Quality:3]]
[2022.03.10-17.54.49:182][  0]LogConfig: Setting CVar [[r.SSR.HalfResSceneColor:0]]
[2022.03.10-17.54.49:182][  0]LogConfig: Setting CVar [[r.SceneColorFormat:4]]
[2022.03.10-17.54.49:182][  0]LogConfig: Setting CVar [[r.DetailMode:2]]
[2022.03.10-17.54.49:182][  0]LogConfig: Setting CVar [[r.TranslucencyVolumeBlur:1]]
[2022.03.10-17.54.49:182][  0]LogConfig: Setting CVar [[r.MaterialQualityLevel:1 ; High quality]]
[2022.03.10-17.54.49:182][  0]LogConfig: Setting CVar [[r.AnisotropicMaterials:1]]
[2022.03.10-17.54.49:182][  0]LogConfig: Setting CVar [[r.SSS.Scale:1]]
[2022.03.10-17.54.49:182][  0]LogConfig: Setting CVar [[r.SSS.SampleSet:2]]
[2022.03.10-17.54.49:182][  0]LogConfig: Setting CVar [[r.SSS.Quality:1]]
[2022.03.10-17.54.49:182][  0]LogConfig: Setting CVar [[r.SSS.HalfRes:0]]
[2022.03.10-17.54.49:182][  0]LogConfig: Setting CVar [[r.SSGI.Quality:3]]
[2022.03.10-17.54.49:182][  0]LogConfig: Setting CVar [[r.EmitterSpawnRateScale:1.0]]
[2022.03.10-17.54.49:182][  0]LogConfig: Setting CVar [[r.ParticleLightQuality:2]]
[2022.03.10-17.54.49:182][  0]LogConfig: Setting CVar [[r.SkyAtmosphere.AerialPerspectiveLUT.FastApplyOnOpaque:1 ; Always have FastSkyLUT 1 in this case to avoid wrong sky]]
[2022.03.10-17.54.49:182][  0]LogConfig: Setting CVar [[r.SkyAtmosphere.AerialPerspectiveLUT.SampleCountMaxPerSlice:4]]
[2022.03.10-17.54.49:182][  0]LogConfig: Setting CVar [[r.SkyAtmosphere.AerialPerspectiveLUT.DepthResolution:16.0]]
[2022.03.10-17.54.49:182][  0]LogConfig: Setting CVar [[r.SkyAtmosphere.FastSkyLUT:1]]
[2022.03.10-17.54.49:182][  0]LogConfig: Setting CVar [[r.SkyAtmosphere.FastSkyLUT.SampleCountMin:4.0]]
[2022.03.10-17.54.49:182][  0]LogConfig: Setting CVar [[r.SkyAtmosphere.FastSkyLUT.SampleCountMax:128.0]]
[2022.03.10-17.54.49:182][  0]LogConfig: Setting CVar [[r.SkyAtmosphere.SampleCountMin:4.0]]
[2022.03.10-17.54.49:182][  0]LogConfig: Setting CVar [[r.SkyAtmosphere.SampleCountMax:128.0]]
[2022.03.10-17.54.49:182][  0]LogConfig: Setting CVar [[r.SkyAtmosphere.TransmittanceLUT.UseSmallFormat:0]]
[2022.03.10-17.54.49:182][  0]LogConfig: Setting CVar [[r.SkyAtmosphere.TransmittanceLUT.SampleCount:10.0]]
[2022.03.10-17.54.49:182][  0]LogConfig: Setting CVar [[r.SkyAtmosphere.MultiScatteringLUT.SampleCount:15.0]]
[2022.03.10-17.54.49:182][  0]LogConfig: Setting CVar [[r.SkyLight.RealTimeReflectionCapture:1]]
[2022.03.10-17.54.49:182][  0]LogConfig: Setting CVar [[fx.Niagara.QualityLevel:3]]
[2022.03.10-17.54.49:182][  0]LogConfig: Applying CVar settings from Section [FoliageQuality@3] File [C:/Users/cortiz42/Documents/Unreal Projects/CS498GD-MP2/Saved/Config/Windows/Scalability.ini]
[2022.03.10-17.54.49:182][  0]LogConfig: Setting CVar [[foliage.DensityScale:1.0]]
[2022.03.10-17.54.49:182][  0]LogConfig: Setting CVar [[grass.DensityScale:1.0]]
[2022.03.10-17.54.49:182][  0]LogConfig: Applying CVar settings from Section [ShadingQuality@3] File [C:/Users/cortiz42/Documents/Unreal Projects/CS498GD-MP2/Saved/Config/Windows/Scalability.ini]
[2022.03.10-17.54.49:182][  0]LogConfig: Setting CVar [[r.HairStrands.SkyLighting.IntegrationType:2]]
[2022.03.10-17.54.49:182][  0]LogConfig: Setting CVar [[r.HairStrands.SkyAO.SampleCount:4]]
[2022.03.10-17.54.49:182][  0]LogConfig: Setting CVar [[r.HairStrands.Visibility.MSAA.SamplePerPixel:4]]
[2022.03.10-17.54.49:182][  0]LogConfig: Setting CVar [[r.HairStrands.Interpolation.UseSingleGuide:0]]
[2022.03.10-17.54.49:182][  0]LogInit: Selected Device Profile: [Windows]
[2022.03.10-17.54.49:182][  0]LogInit: Applying CVar settings loaded from the selected device profile: [Windows]
[2022.03.10-17.54.49:182][  0]LogHAL: Display: Platform has ~ 16 GB [16885571584 / 17179869184 / 16], which maps to Larger [LargestMinGB=32, LargerMinGB=12, DefaultMinGB=8, SmallerMinGB=6, SmallestMinGB=0)
[2022.03.10-17.54.49:182][  0]LogInit: Going up to parent DeviceProfile []
[2022.03.10-17.54.49:182][  0]LogConfig: Applying CVar settings from Section [ViewDistanceQuality@3] File [C:/Users/cortiz42/Documents/Unreal Projects/CS498GD-MP2/Saved/Config/Windows/Scalability.ini]
[2022.03.10-17.54.49:182][  0]LogConfig: Setting CVar [[r.SkeletalMeshLODBias:0]]
[2022.03.10-17.54.49:182][  0]LogConfig: Setting CVar [[r.ViewDistanceScale:1.0]]
[2022.03.10-17.54.49:182][  0]LogConfig: Applying CVar settings from Section [AntiAliasingQuality@3] File [C:/Users/cortiz42/Documents/Unreal Projects/CS498GD-MP2/Saved/Config/Windows/Scalability.ini]
[2022.03.10-17.54.49:182][  0]LogConfig: Setting CVar [[r.PostProcessAAQuality:4]]
[2022.03.10-17.54.49:182][  0]LogConfig: Applying CVar settings from Section [ShadowQuality@3] File [C:/Users/cortiz42/Documents/Unreal Projects/CS498GD-MP2/Saved/Config/Windows/Scalability.ini]
[2022.03.10-17.54.49:182][  0]LogConfig: Setting CVar [[r.LightFunctionQuality:1]]
[2022.03.10-17.54.49:182][  0]LogConfig: Setting CVar [[r.ShadowQuality:5]]
[2022.03.10-17.54.49:182][  0]LogConfig: Setting CVar [[r.Shadow.CSM.MaxCascades:10]]
[2022.03.10-17.54.49:182][  0]LogConfig: Setting CVar [[r.Shadow.MaxResolution:2048]]
[2022.03.10-17.54.49:182][  0]LogConfig: Setting CVar [[r.Shadow.MaxCSMResolution:2048]]
[2022.03.10-17.54.49:182][  0]LogConfig: Setting CVar [[r.Shadow.RadiusThreshold:0.01]]
[2022.03.10-17.54.49:182][  0]LogConfig: Setting CVar [[r.Shadow.DistanceScale:1.0]]
[2022.03.10-17.54.49:182][  0]LogConfig: Setting CVar [[r.Shadow.CSM.TransitionScale:1.0]]
[2022.03.10-17.54.49:182][  0]LogConfig: Setting CVar [[r.Shadow.PreShadowResolutionFactor:1.0]]
[2022.03.10-17.54.49:182][  0]LogConfig: Setting CVar [[r.DistanceFieldShadowing:1]]
[2022.03.10-17.54.49:182][  0]LogConfig: Setting CVar [[r.DistanceFieldAO:1]]
[2022.03.10-17.54.49:182][  0]LogConfig: Setting CVar [[r.AOQuality:2]]
[2022.03.10-17.54.49:182][  0]LogConfig: Setting CVar [[r.VolumetricFog:1]]
[2022.03.10-17.54.49:182][  0]LogConfig: Setting CVar [[r.VolumetricFog.GridPixelSize:8]]
[2022.03.10-17.54.49:182][  0]LogConfig: Setting CVar [[r.VolumetricFog.GridSizeZ:128]]
[2022.03.10-17.54.49:183][  0]LogConfig: Setting CVar [[r.VolumetricFog.HistoryMissSupersampleCount:4]]
[2022.03.10-17.54.49:183][  0]LogConfig: Setting CVar [[r.LightMaxDrawDistanceScale:1]]
[2022.03.10-17.54.49:183][  0]LogConfig: Setting CVar [[r.CapsuleShadows:1]]
[2022.03.10-17.54.49:183][  0]LogConfig: Applying CVar settings from Section [PostProcessQuality@3] File [C:/Users/cortiz42/Documents/Unreal Projects/CS498GD-MP2/Saved/Config/Windows/Scalability.ini]
[2022.03.10-17.54.49:183][  0]LogConfig: Setting CVar [[r.MotionBlurQuality:4]]
[2022.03.10-17.54.49:183][  0]LogConfig: Setting CVar [[r.AmbientOcclusionMipLevelFactor:0.4]]
[2022.03.10-17.54.49:183][  0]LogConfig: Setting CVar [[r.AmbientOcclusionMaxQuality:100]]
[2022.03.10-17.54.49:183][  0]LogConfig: Setting CVar [[r.AmbientOcclusionLevels:-1]]
[2022.03.10-17.54.49:183][  0]LogConfig: Setting CVar [[r.AmbientOcclusionRadiusScale:1.0]]
[2022.03.10-17.54.49:183][  0]LogConfig: Setting CVar [[r.DepthOfFieldQuality:2]]
[2022.03.10-17.54.49:183][  0]LogConfig: Setting CVar [[r.RenderTargetPoolMin:400]]
[2022.03.10-17.54.49:183][  0]LogConfig: Setting CVar [[r.LensFlareQuality:2]]
[2022.03.10-17.54.49:183][  0]LogConfig: Setting CVar [[r.SceneColorFringeQuality:1]]
[2022.03.10-17.54.49:183][  0]LogConfig: Setting CVar [[r.EyeAdaptationQuality:2]]
[2022.03.10-17.54.49:183][  0]LogConfig: Setting CVar [[r.BloomQuality:5]]
[2022.03.10-17.54.49:183][  0]LogConfig: Setting CVar [[r.FastBlurThreshold:100]]
[2022.03.10-17.54.49:183][  0]LogConfig: Setting CVar [[r.Upscale.Quality:3]]
[2022.03.10-17.54.49:183][  0]LogConfig: Setting CVar [[r.Tonemapper.GrainQuantization:1]]
[2022.03.10-17.54.49:183][  0]LogConfig: Setting CVar [[r.LightShaftQuality:1]]
[2022.03.10-17.54.49:183][  0]LogConfig: Setting CVar [[r.Filter.SizeScale:1]]
[2022.03.10-17.54.49:183][  0]LogConfig: Setting CVar [[r.Tonemapper.Quality:5]]
[2022.03.10-17.54.49:183][  0]LogConfig: Setting CVar [[r.DOF.Gather.AccumulatorQuality:1        ; higher gathering accumulator quality]]
[2022.03.10-17.54.49:183][  0]LogConfig: Setting CVar [[r.DOF.Gather.PostfilterMethod:1          ; Median3x3 postfilering method]]
[2022.03.10-17.54.49:183][  0]LogConfig: Setting CVar [[r.DOF.Gather.EnableBokehSettings:0       ; no bokeh simulation when gathering]]
[2022.03.10-17.54.49:183][  0]LogConfig: Setting CVar [[r.DOF.Gather.RingCount:4                 ; medium number of samples when gathering]]
[2022.03.10-17.54.49:183][  0]LogConfig: Setting CVar [[r.DOF.Scatter.ForegroundCompositing:1    ; additive foreground scattering]]
[2022.03.10-17.54.49:183][  0]LogConfig: Setting CVar [[r.DOF.Scatter.BackgroundCompositing:2    ; additive background scattering]]
[2022.03.10-17.54.49:183][  0]LogConfig: Setting CVar [[r.DOF.Scatter.EnableBokehSettings:1      ; bokeh simulation when scattering]]
[2022.03.10-17.54.49:183][  0]LogConfig: Setting CVar [[r.DOF.Scatter.MaxSpriteRatio:0.1         ; only a maximum of 10% of scattered bokeh]]
[2022.03.10-17.54.49:183][  0]LogConfig: Setting CVar [[r.DOF.Recombine.Quality:1                ; cheap slight out of focus]]
[2022.03.10-17.54.49:183][  0]LogConfig: Setting CVar [[r.DOF.Recombine.EnableBokehSettings:0    ; no bokeh simulation on slight out of focus]]
[2022.03.10-17.54.49:183][  0]LogConfig: Setting CVar [[r.DOF.TemporalAAQuality:1                ; more stable temporal accumulation]]
[2022.03.10-17.54.49:183][  0]LogConfig: Setting CVar [[r.DOF.Kernel.MaxForegroundRadius:0.025]]
[2022.03.10-17.54.49:183][  0]LogConfig: Setting CVar [[r.DOF.Kernel.MaxBackgroundRadius:0.025]]
[2022.03.10-17.54.49:183][  0]LogConfig: Applying CVar settings from Section [TextureQuality@3] File [C:/Users/cortiz42/Documents/Unreal Projects/CS498GD-MP2/Saved/Config/Windows/Scalability.ini]
[2022.03.10-17.54.49:183][  0]LogConfig: Setting CVar [[r.Streaming.MipBias:0]]
[2022.03.10-17.54.49:183][  0]LogConfig: Setting CVar [[r.Streaming.AmortizeCPUToGPUCopy:0]]
[2022.03.10-17.54.49:183][  0]LogConfig: Setting CVar [[r.Streaming.MaxNumTexturesToStreamPerFrame:0]]
[2022.03.10-17.54.49:183][  0]LogConfig: Setting CVar [[r.Streaming.Boost:1]]
[2022.03.10-17.54.49:183][  0]LogConfig: Setting CVar [[r.MaxAnisotropy:8]]
[2022.03.10-17.54.49:183][  0]LogConfig: Setting CVar [[r.VT.MaxAnisotropy:8]]
[2022.03.10-17.54.49:183][  0]LogConfig: Setting CVar [[r.Streaming.LimitPoolSizeToVRAM:0]]
[2022.03.10-17.54.49:183][  0]LogConfig: Setting CVar [[r.Streaming.PoolSize:1000]]
[2022.03.10-17.54.49:183][  0]LogConfig: Setting CVar [[r.Streaming.MaxEffectiveScreenSize:0]]
[2022.03.10-17.54.49:183][  0]LogConfig: Applying CVar settings from Section [EffectsQuality@3] File [C:/Users/cortiz42/Documents/Unreal Projects/CS498GD-MP2/Saved/Config/Windows/Scalability.ini]
[2022.03.10-17.54.49:183][  0]LogConfig: Setting CVar [[r.TranslucencyLightingVolumeDim:64]]
[2022.03.10-17.54.49:183][  0]LogConfig: Setting CVar [[r.RefractionQuality:2]]
[2022.03.10-17.54.49:183][  0]LogConfig: Setting CVar [[r.SSR.Quality:3]]
[2022.03.10-17.54.49:183][  0]LogConfig: Setting CVar [[r.SSR.HalfResSceneColor:0]]
[2022.03.10-17.54.49:183][  0]LogConfig: Setting CVar [[r.SceneColorFormat:4]]
[2022.03.10-17.54.49:183][  0]LogConfig: Setting CVar [[r.DetailMode:2]]
[2022.03.10-17.54.49:183][  0]LogConfig: Setting CVar [[r.TranslucencyVolumeBlur:1]]
[2022.03.10-17.54.49:183][  0]LogConfig: Setting CVar [[r.MaterialQualityLevel:1 ; High quality]]
[2022.03.10-17.54.49:183][  0]LogConfig: Setting CVar [[r.AnisotropicMaterials:1]]
[2022.03.10-17.54.49:183][  0]LogConfig: Setting CVar [[r.SSS.Scale:1]]
[2022.03.10-17.54.49:183][  0]LogConfig: Setting CVar [[r.SSS.SampleSet:2]]
[2022.03.10-17.54.49:183][  0]LogConfig: Setting CVar [[r.SSS.Quality:1]]
[2022.03.10-17.54.49:183][  0]LogConfig: Setting CVar [[r.SSS.HalfRes:0]]
[2022.03.10-17.54.49:183][  0]LogConfig: Setting CVar [[r.SSGI.Quality:3]]
[2022.03.10-17.54.49:183][  0]LogConfig: Setting CVar [[r.EmitterSpawnRateScale:1.0]]
[2022.03.10-17.54.49:183][  0]LogConfig: Setting CVar [[r.ParticleLightQuality:2]]
[2022.03.10-17.54.49:183][  0]LogConfig: Setting CVar [[r.SkyAtmosphere.AerialPerspectiveLUT.FastApplyOnOpaque:1 ; Always have FastSkyLUT 1 in this case to avoid wrong sky]]
[2022.03.10-17.54.49:183][  0]LogConfig: Setting CVar [[r.SkyAtmosphere.AerialPerspectiveLUT.SampleCountMaxPerSlice:4]]
[2022.03.10-17.54.49:183][  0]LogConfig: Setting CVar [[r.SkyAtmosphere.AerialPerspectiveLUT.DepthResolution:16.0]]
[2022.03.10-17.54.49:183][  0]LogConfig: Setting CVar [[r.SkyAtmosphere.FastSkyLUT:1]]
[2022.03.10-17.54.49:183][  0]LogConfig: Setting CVar [[r.SkyAtmosphere.FastSkyLUT.SampleCountMin:4.0]]
[2022.03.10-17.54.49:183][  0]LogConfig: Setting CVar [[r.SkyAtmosphere.FastSkyLUT.SampleCountMax:128.0]]
[2022.03.10-17.54.49:183][  0]LogConfig: Setting CVar [[r.SkyAtmosphere.SampleCountMin:4.0]]
[2022.03.10-17.54.49:183][  0]LogConfig: Setting CVar [[r.SkyAtmosphere.SampleCountMax:128.0]]
[2022.03.10-17.54.49:183][  0]LogConfig: Setting CVar [[r.SkyAtmosphere.TransmittanceLUT.UseSmallFormat:0]]
[2022.03.10-17.54.49:183][  0]LogConfig: Setting CVar [[r.SkyAtmosphere.TransmittanceLUT.SampleCount:10.0]]
[2022.03.10-17.54.49:183][  0]LogConfig: Setting CVar [[r.SkyAtmosphere.MultiScatteringLUT.SampleCount:15.0]]
[2022.03.10-17.54.49:183][  0]LogConfig: Setting CVar [[r.SkyLight.RealTimeReflectionCapture:1]]
[2022.03.10-17.54.49:183][  0]LogConfig: Setting CVar [[fx.Niagara.QualityLevel:3]]
[2022.03.10-17.54.49:183][  0]LogConfig: Applying CVar settings from Section [FoliageQuality@3] File [C:/Users/cortiz42/Documents/Unreal Projects/CS498GD-MP2/Saved/Config/Windows/Scalability.ini]
[2022.03.10-17.54.49:183][  0]LogConfig: Setting CVar [[foliage.DensityScale:1.0]]
[2022.03.10-17.54.49:183][  0]LogConfig: Setting CVar [[grass.DensityScale:1.0]]
[2022.03.10-17.54.49:183][  0]LogConfig: Applying CVar settings from Section [ShadingQuality@3] File [C:/Users/cortiz42/Documents/Unreal Projects/CS498GD-MP2/Saved/Config/Windows/Scalability.ini]
[2022.03.10-17.54.49:183][  0]LogConfig: Setting CVar [[r.HairStrands.SkyLighting.IntegrationType:2]]
[2022.03.10-17.54.49:183][  0]LogConfig: Setting CVar [[r.HairStrands.SkyAO.SampleCount:4]]
[2022.03.10-17.54.49:183][  0]LogConfig: Setting CVar [[r.HairStrands.Visibility.MSAA.SamplePerPixel:4]]
[2022.03.10-17.54.49:183][  0]LogConfig: Setting CVar [[r.HairStrands.Interpolation.UseSingleGuide:0]]
[2022.03.10-17.54.49:183][  0]LogConfig: Applying CVar settings from Section [Startup] File [../../../Engine/Config/ConsoleVariables.ini]
[2022.03.10-17.54.49:184][  0]LogConfig: Setting CVar [[net.UseAdaptiveNetUpdateFrequency:0]]
[2022.03.10-17.54.49:184][  0]LogConfig: Setting CVar [[p.chaos.AllowCreatePhysxBodies:1]]
[2022.03.10-17.54.49:184][  0]LogConfig: Setting CVar [[fx.SkipVectorVMBackendOptimizations:1]]
[2022.03.10-17.54.49:184][  0]LogConfig: Applying CVar settings from Section [ConsoleVariables] File [C:/Users/cortiz42/Documents/Unreal Projects/CS498GD-MP2/Saved/Config/Windows/Engine.ini]
[2022.03.10-17.54.49:184][  0]LogConfig: Applying CVar settings from Section [ConsoleVariables] File [C:/Users/cortiz42/Documents/Unreal Projects/CS498GD-MP2/Saved/Config/Windows/Editor.ini]
[2022.03.10-17.54.49:184][  0]LogInit: Computer: SIEBL-4107-15
[2022.03.10-17.54.49:184][  0]LogInit: User: cortiz42
[2022.03.10-17.54.49:184][  0]LogInit: CPU Page size=4096, Cores=4
[2022.03.10-17.54.49:184][  0]LogInit: High frequency timer resolution =10.000000 MHz
[2022.03.10-17.54.49:184][  0]LogMemory: Memory total: Physical=15.7GB (16GB approx)
[2022.03.10-17.54.49:184][  0]LogMemory: Platform Memory Stats for Windows
[2022.03.10-17.54.49:184][  0]LogMemory: Process Physical Memory: 147.47 MB used, 147.47 MB peak
[2022.03.10-17.54.49:184][  0]LogMemory: Process Virtual Memory: 128.62 MB used, 128.62 MB peak
[2022.03.10-17.54.49:184][  0]LogMemory: Physical Memory: 5778.04 MB used,  10325.29 MB free, 16103.34 MB total
[2022.03.10-17.54.49:184][  0]LogMemory: Virtual Memory: 134207240.00 MB used,  10487.13 MB free, 134217728.00 MB total
[2022.03.10-17.54.49:190][  0]LogWindows: WindowsPlatformFeatures enabled
[2022.03.10-17.54.49:227][  0]LogInit: Physics initialised using underlying interface: PhysX
[2022.03.10-17.54.49:229][  0]LogInit: Using OS detected language (en-US).
[2022.03.10-17.54.49:229][  0]LogInit: Using OS detected locale (en-US).
[2022.03.10-17.54.49:236][  0]LogTextLocalizationManager: No specific localization for 'en-US' exists, so the 'en' localization will be used.
[2022.03.10-17.54.49:427][  0]LogInit: Setting process to per monitor DPI aware
[2022.03.10-17.54.49:444][  0]LogWindowsTextInputMethodSystem: Display: IME system deactivated.
[2022.03.10-17.54.49:461][  0]LogSlate: New Slate User Created.  User Index 0, Is Virtual User: 0
[2022.03.10-17.54.49:461][  0]LogSlate: Slate User Registered.  User Index 0, Is Virtual User: 0
[2022.03.10-17.54.49:635][  0]LogD3D11RHI: Loaded GFSDK_Aftermath_Lib.x64.dll
[2022.03.10-17.54.49:639][  0]LogHMD: Failed to enumerate extensions. Please check that you have a valid OpenXR runtime installed.
[2022.03.10-17.54.49:639][  0]LogD3D11RHI: D3D11 min allowed feature level: 11_0
[2022.03.10-17.54.49:639][  0]LogD3D11RHI: D3D11 max allowed feature level: 11_0
[2022.03.10-17.54.49:639][  0]LogD3D11RHI: D3D11 adapters:
[2022.03.10-17.54.49:733][  0]LogD3D11RHI:    0. 'NVIDIA GeForce RTX 2080 Ti' (Feature Level 11_0)
[2022.03.10-17.54.49:733][  0]LogD3D11RHI:       11049/0/8051 MB DedicatedVideo/DedicatedSystem/SharedSystem, Outputs:1, VendorId:0x10de
[2022.03.10-17.54.49:737][  0]LogD3D11RHI:    1. 'Microsoft Basic Render Driver' (Feature Level 11_0)
[2022.03.10-17.54.49:737][  0]LogD3D11RHI:       0/0/8051 MB DedicatedVideo/DedicatedSystem/SharedSystem, Outputs:0, VendorId:0x1414
[2022.03.10-17.54.49:806][  0]LogD3D11RHI:    2. 'NVIDIA GeForce RTX 2080 Ti' (Feature Level 11_0)
[2022.03.10-17.54.49:806][  0]LogD3D11RHI:       11049/0/8051 MB DedicatedVideo/DedicatedSystem/SharedSystem, Outputs:0, VendorId:0x10de
[2022.03.10-17.54.49:806][  0]LogD3D11RHI: Chosen D3D11 Adapter:
[2022.03.10-17.54.49:806][  0]LogD3D11RHI:     Description : NVIDIA GeForce RTX 2080 Ti
[2022.03.10-17.54.49:806][  0]LogD3D11RHI:     VendorId    : 10de
[2022.03.10-17.54.49:806][  0]LogD3D11RHI:     DeviceId    : 1e04
[2022.03.10-17.54.49:806][  0]LogD3D11RHI:     SubSysId    : 8550103c
[2022.03.10-17.54.49:806][  0]LogD3D11RHI:     Revision    : 00a1
[2022.03.10-17.54.49:806][  0]LogD3D11RHI:     DedicatedVideoMemory : 11585716224 bytes
[2022.03.10-17.54.49:806][  0]LogD3D11RHI:     DedicatedSystemMemory : 0 bytes
[2022.03.10-17.54.49:806][  0]LogD3D11RHI:     SharedSystemMemory : 8442785792 bytes
[2022.03.10-17.54.49:806][  0]LogD3D11RHI:     AdapterLuid : 0 149899
[2022.03.10-17.54.49:811][  0]LogD3D11RHI: Creating new Direct3DDevice
[2022.03.10-17.54.49:811][  0]LogD3D11RHI:     GPU DeviceId: 0x1e04 (for the marketing name, search the web for "GPU Device Id")
[2022.03.10-17.54.49:811][  0]LogWindows: EnumDisplayDevices:
[2022.03.10-17.54.49:812][  0]LogWindows:    0. 'Microsoft Remote Display Adapter' (P:1 D:1)
[2022.03.10-17.54.49:812][  0]LogWindows:    1. 'Microsoft Remote Display Adapter' (P:0 D:0)
[2022.03.10-17.54.49:812][  0]LogWindows:    2. 'Microsoft Remote Display Adapter' (P:0 D:0)
[2022.03.10-17.54.49:812][  0]LogWindows:    3. 'Microsoft Remote Display Adapter' (P:0 D:0)
[2022.03.10-17.54.49:812][  0]LogWindows:    4. 'Microsoft Remote Display Adapter' (P:0 D:0)
[2022.03.10-17.54.49:812][  0]LogWindows:    5. 'Microsoft Remote Display Adapter' (P:0 D:0)
[2022.03.10-17.54.49:812][  0]LogWindows:    6. 'Microsoft Remote Display Adapter' (P:0 D:0)
[2022.03.10-17.54.49:812][  0]LogWindows:    7. 'Microsoft Remote Display Adapter' (P:0 D:0)
[2022.03.10-17.54.49:812][  0]LogWindows:    8. 'Microsoft Remote Display Adapter' (P:0 D:0)
[2022.03.10-17.54.49:812][  0]LogWindows:    9. 'Microsoft Remote Display Adapter' (P:0 D:0)
[2022.03.10-17.54.49:812][  0]LogWindows:    10. 'Microsoft Remote Display Adapter' (P:0 D:0)
[2022.03.10-17.54.49:812][  0]LogWindows:    11. 'Microsoft Remote Display Adapter' (P:0 D:0)
[2022.03.10-17.54.49:812][  0]LogWindows:    12. 'Microsoft Remote Display Adapter' (P:0 D:0)
[2022.03.10-17.54.49:812][  0]LogWindows:    13. 'Microsoft Remote Display Adapter' (P:0 D:0)
[2022.03.10-17.54.49:812][  0]LogWindows:    14. 'Microsoft Remote Display Adapter' (P:0 D:0)
[2022.03.10-17.54.49:812][  0]LogWindows:    15. 'Microsoft Remote Display Adapter' (P:0 D:0)
[2022.03.10-17.54.49:812][  0]LogWindows: DebugString: PrimaryDriverLocationFailed PrimaryDriverLocationFailed PrimaryDriverLocationFailed PrimaryDriverLocationFailed PrimaryDriverLocationFailed PrimaryDriverLocationFailed PrimaryDriverLocationFailed PrimaryDriverLocationFailed PrimaryDriverLocationFailed PrimaryDriverLocationFailed PrimaryDriverLocationFailed PrimaryDriverLocationFailed PrimaryDriverLocationFailed PrimaryDriverLocationFailed PrimaryDriverLocationFailed PrimaryDriverLocationFailed FoundDriverCount:0 
[2022.03.10-17.54.49:813][  0]LogD3D11RHI:     Adapter Name: NVIDIA GeForce RTX 2080 Ti
[2022.03.10-17.54.49:813][  0]LogD3D11RHI:   Driver Version: Unknown (internal:Unknown, unified:Unknown)
[2022.03.10-17.54.49:813][  0]LogD3D11RHI:      Driver Date: Unknown
[2022.03.10-17.54.49:813][  0]LogRHI: Texture pool is 7734 MB (70% of 11049 MB)
[2022.03.10-17.54.49:813][  0]LogD3D11RHI: Creating D3DDevice using adapter:
[2022.03.10-17.54.49:813][  0]LogD3D11RHI:     Description : NVIDIA GeForce RTX 2080 Ti
[2022.03.10-17.54.49:813][  0]LogD3D11RHI:     VendorId    : 10de
[2022.03.10-17.54.49:813][  0]LogD3D11RHI:     DeviceId    : 1e04
[2022.03.10-17.54.49:813][  0]LogD3D11RHI:     SubSysId    : 8550103c
[2022.03.10-17.54.49:813][  0]LogD3D11RHI:     Revision    : 00a1
[2022.03.10-17.54.49:813][  0]LogD3D11RHI:     DedicatedVideoMemory : 11585716224 bytes
[2022.03.10-17.54.49:813][  0]LogD3D11RHI:     DedicatedSystemMemory : 0 bytes
[2022.03.10-17.54.49:813][  0]LogD3D11RHI:     SharedSystemMemory : 8442785792 bytes
[2022.03.10-17.54.49:813][  0]LogD3D11RHI:     AdapterLuid : 0 149899
[2022.03.10-17.54.49:877][  0]LogD3D11RHI: RHI has support for 64 bit atomics
[2022.03.10-17.54.49:877][  0]LogD3D11RHI: Async texture creation enabled
[2022.03.10-17.54.49:877][  0]LogD3D11RHI: Array index from any shader is supported
[2022.03.10-17.54.49:890][  0]LogD3D11RHI: GPU Timing Frequency: 1000.000000 (Debug: 2 1)
[2022.03.10-17.54.49:925][  0]LogRHI: GeForceNow SDK initialized: 1
[2022.03.10-17.54.50:276][  0]LogTargetPlatformManager: Display: Loaded TargetPlatform 'AllDesktop'
[2022.03.10-17.54.50:299][  0]LogTargetPlatformManager: Display: Loaded TargetPlatform 'Android'
[2022.03.10-17.54.50:299][  0]LogTargetPlatformManager: Display: Loaded TargetPlatform 'Android_ASTC'
[2022.03.10-17.54.50:299][  0]LogTargetPlatformManager: Display: Loaded TargetPlatform 'Android_DXT'
[2022.03.10-17.54.50:299][  0]LogTargetPlatformManager: Display: Loaded TargetPlatform 'Android_ETC2'
[2022.03.10-17.54.50:299][  0]LogTargetPlatformManager: Display: Loaded TargetPlatform 'AndroidClient'
[2022.03.10-17.54.50:299][  0]LogTargetPlatformManager: Display: Loaded TargetPlatform 'Android_ASTCClient'
[2022.03.10-17.54.50:299][  0]LogTargetPlatformManager: Display: Loaded TargetPlatform 'Android_DXTClient'
[2022.03.10-17.54.50:299][  0]LogTargetPlatformManager: Display: Loaded TargetPlatform 'Android_ETC2Client'
[2022.03.10-17.54.50:299][  0]LogTargetPlatformManager: Display: Loaded TargetPlatform 'Android_Multi'
[2022.03.10-17.54.50:299][  0]LogTargetPlatformManager: Display: Loaded TargetPlatform 'Android_MultiClient'
[2022.03.10-17.54.50:319][  0]LogTargetPlatformManager: Display: Loaded TargetPlatform 'IOSClient'
[2022.03.10-17.54.50:319][  0]LogTargetPlatformManager: Display: Loaded TargetPlatform 'IOS'
[2022.03.10-17.54.50:330][  0]LogTargetPlatformManager: Display: Loaded TargetPlatform 'Linux'
[2022.03.10-17.54.50:335][  0]LogTargetPlatformManager: Display: Loaded TargetPlatform 'LinuxNoEditor'
[2022.03.10-17.54.50:340][  0]LogTargetPlatformManager: Display: Loaded TargetPlatform 'LinuxClient'
[2022.03.10-17.54.50:344][  0]LogTargetPlatformManager: Display: Loaded TargetPlatform 'LinuxServer'
[2022.03.10-17.54.50:354][  0]LogTargetPlatformManager: Display: Loaded TargetPlatform 'LinuxAArch64NoEditor'
[2022.03.10-17.54.50:359][  0]LogTargetPlatformManager: Display: Loaded TargetPlatform 'LinuxAArch64Client'
[2022.03.10-17.54.50:364][  0]LogTargetPlatformManager: Display: Loaded TargetPlatform 'LinuxAArch64Server'
[2022.03.10-17.54.50:389][  0]LogTargetPlatformManager: Display: Loaded TargetPlatform 'Lumin'
[2022.03.10-17.54.50:389][  0]LogTargetPlatformManager: Display: Loaded TargetPlatform 'LuminClient'
[2022.03.10-17.54.50:398][  0]LogTargetPlatformManager: Display: Loaded TargetPlatform 'MacNoEditor'
[2022.03.10-17.54.50:402][  0]LogTargetPlatformManager: Display: Loaded TargetPlatform 'Mac'
[2022.03.10-17.54.50:407][  0]LogTargetPlatformManager: Display: Loaded TargetPlatform 'MacClient'
[2022.03.10-17.54.50:412][  0]LogTargetPlatformManager: Display: Loaded TargetPlatform 'MacServer'
[2022.03.10-17.54.50:423][  0]LogTargetPlatformManager: Display: Loaded TargetPlatform 'TVOSClient'
[2022.03.10-17.54.50:423][  0]LogTargetPlatformManager: Display: Loaded TargetPlatform 'TVOS'
[2022.03.10-17.54.50:432][  0]LogTargetPlatformManager: Display: Loaded TargetPlatform 'WindowsNoEditor'
[2022.03.10-17.54.50:437][  0]LogTargetPlatformManager: Display: Loaded TargetPlatform 'Windows'
[2022.03.10-17.54.50:442][  0]LogTargetPlatformManager: Display: Loaded TargetPlatform 'WindowsClient'
[2022.03.10-17.54.50:447][  0]LogTargetPlatformManager: Display: Loaded TargetPlatform 'WindowsServer'
[2022.03.10-17.54.50:447][  0]LogTargetPlatformManager: Display: Building Assets For Windows
[2022.03.10-17.54.50:457][  0]LogAudioDebug: Display: Lib vorbis DLL was dynamically loaded.
[2022.03.10-17.54.50:496][  0]LogTextureFormatOodle: Display: Oodle Texture 2.9.0 init RDO Off
[2022.03.10-17.54.50:530][  0]LogRendererCore: Ray tracing is disabled. Reason: r.RayTracing=0.
[2022.03.10-17.54.50:530][  0]LogShaderCompilers: Guid format shader working directory is -22 characters bigger than the processId version (../../../../../../Users/cortiz42/Documents/Unreal Projects/CS498GD-MP2/Intermediate/Shaders/WorkingDirectory/15476/).
[2022.03.10-17.54.50:530][  0]LogShaderCompilers: Cleaned the shader compiler working directory 'C:/Users/cortiz42/AppData/Local/Temp/UnrealShaderWorkingDir/439A0B6B4E7C445DEBF676A57907E54E/'.
[2022.03.10-17.54.50:530][  0]LogXGEController: Cannot use XGE Controller as Incredibuild is not installed on this machine.
[2022.03.10-17.54.50:530][  0]LogShaderCompilers: Cannot use XGE Shader Compiler as Incredibuild is not installed on this machine.
[2022.03.10-17.54.50:530][  0]LogShaderCompilers: Display: Using Local Shader Compiler.
[2022.03.10-17.54.51:368][  0]LogDerivedDataCache: Display: Max Cache Size: 512 MB
[2022.03.10-17.54.51:433][  0]LogDerivedDataCache: Loaded boot cache 0.07s 98MB C:/Users/cortiz42/AppData/Local/UnrealEngine/4.27/DerivedDataCache/Boot.ddc.
[2022.03.10-17.54.51:434][  0]LogDerivedDataCache: Display: Loaded Boot cache: C:/Users/cortiz42/AppData/Local/UnrealEngine/4.27/DerivedDataCache/Boot.ddc
[2022.03.10-17.54.51:434][  0]LogDerivedDataCache: FDerivedDataBackendGraph:  Pak pak cache file ../../../../../../Users/cortiz42/Documents/Unreal Projects/CS498GD-MP2/DerivedDataCache/DDC.ddp not found, will not use a pak cache.
[2022.03.10-17.54.51:434][  0]LogDerivedDataCache: Unable to find inner node Pak for hierarchical cache Hierarchy.
[2022.03.10-17.54.51:434][  0]LogDerivedDataCache: FDerivedDataBackendGraph:  CompressedPak pak cache file ../../../../../../Users/cortiz42/Documents/Unreal Projects/CS498GD-MP2/DerivedDataCache/Compressed.ddp not found, will not use a pak cache.
[2022.03.10-17.54.51:434][  0]LogDerivedDataCache: Unable to find inner node CompressedPak for hierarchical cache Hierarchy.
[2022.03.10-17.54.51:451][  0]LogDerivedDataCache: Display: Pak cache opened for reading ../../../Engine/DerivedDataCache/Compressed.ddp.
[2022.03.10-17.54.51:451][  0]LogDerivedDataCache: FDerivedDataBackendGraph:  EnterprisePak pak cache file ../../../Enterprise/DerivedDataCache/Compressed.ddp not found, will not use a pak cache.
[2022.03.10-17.54.51:451][  0]LogDerivedDataCache: Unable to find inner node EnterprisePak for hierarchical cache Hierarchy.
[2022.03.10-17.54.51:462][  0]LogDerivedDataCache: Speed tests for C:/Users/cortiz42/AppData/Local/UnrealEngine/Common/DerivedDataCache took 0.01 seconds
[2022.03.10-17.54.51:462][  0]LogDerivedDataCache: Display: Performance to C:/Users/cortiz42/AppData/Local/UnrealEngine/Common/DerivedDataCache: Latency=0.03ms. RandomReadSpeed=690.91MBs, RandomWriteSpeed=101.18MBs. Assigned SpeedClass 'Local'
[2022.03.10-17.54.51:463][  0]LogDerivedDataCache: Using Local data cache path C:/Users/cortiz42/AppData/Local/UnrealEngine/Common/DerivedDataCache: Writable
[2022.03.10-17.54.51:463][  0]LogDerivedDataCache: Shared data cache path not found in *engine.ini, will not use an Shared cache.
[2022.03.10-17.54.51:463][  0]LogDerivedDataCache: Unable to find inner node Shared for hierarchical cache Hierarchy.
[2022.03.10-17.54.51:518][  0]LogSlate: Using FreeType 2.10.0
[2022.03.10-17.54.51:519][  0]LogSlate: SlateFontServices - WITH_FREETYPE: 1, WITH_HARFBUZZ: 1
[2022.03.10-17.54.51:519][  0]LogHMD: Failed to enumerate extensions. Please check that you have a valid OpenXR runtime installed.
[2022.03.10-17.54.51:545][  0]LogAssetRegistry: FAssetRegistry took 0.0031 seconds to start up
[2022.03.10-17.54.51:791][  0]LogInit: Selected Device Profile: [Windows]
[2022.03.10-17.54.51:791][  0]LogInit: Active device profile: [000001D4D8268F00][000001D4D6C24740 49] Windows
[2022.03.10-17.54.51:791][  0]LogInit: Profiles: [000001D4D8268F00][000001D4D6C24740 49] Windows, [000001D4D822A200][000001D4D6C2C8C0 49] WindowsNoEditor, [000001D4D8269F00][000001D4D6C30A40 49] WindowsServer, [000001D4D8229400][000001D4D6C34BC0 49] WindowsClient, [000001D4D8269000][000001D4D6C38D40 49] IOS, [000001D4D822BB00][000001D4D6C3CEC0 49] iPadAir, [000001D4D826B300][000001D4D6C41040 49] iPadAir2, [000001D4D81D1300][000001D4D6C49300 49] IPadPro, [000001D4D81D1400][000001D4D6C45340 49] iPadAir3, [000001D4D8228B00][000001D4D6C4D4C0 49] iPadAir4, [000001D4D81D2100][000001D4D6C51640 49] iPadMini2, [000001D4D822B200][000001D4D6C557C0 49] iPadMini3, [000001D4D81D2C00][000001D4D6C59940 49] iPadMini4, [000001D4D822A500][000001D4D6C5DAC0 49] iPadMini5, [000001D4D81D8E00][000001D4D6C64200 49] iPhone6, [000001D4D81D8F00][000001D4D6C60240 49] iPodTouch6, [000001D4D826A800][000001D4D6C6C500 49] iPhone7, [000001D4D826A900][000001D4D6C68540 49] iPodTouch7, [000001D4D81D0C00][000001D4D6C28680 49] iPhone5S, [000001D4D8269300][000001D4D49147C0 49] iPhone6Plus, [000001D4D81D2A00][000001D4D4918900 49] iPhone6S, [000001D4D826AD00][000001D4D491CA40 49] iPhone6SPlus, [000001D4D81D8100][000001D4D4924BC0 49] iPhone7Plus, [000001D4D81D1D00][000001D4D4928D40 49] iPhoneSE, [000001D4D81D8C00][000001D4D492CEC0 49] iPhone8, [000001D4D81D0400][000001D4D4931040 49] iPhone8Plus, [000001D4D81DAA00][000001D4D49351C0 49] iPhoneX, [000001D4D81D3C00][000001D4D4939340 49] iPhoneXS, [000001D4D81DA900][000001D4D493D4C0 49] iPhoneXSMax, [000001D4D81D0B00][000001D4D4941640 49] iPhoneXR, [000001D4D826B800][000001D4D49457C0 49] iPhone11, [000001D4D81D3D00][000001D4D4949940 49] iPhone11Pro, [000001D4D8269C00][000001D4D494DAC0 49] iPhone11ProMax, [000001D4D81D1100][000001D4D49500C0 49] iPhoneSE2, [000001D4D8269200][000001D4D4954240 49] iPhone12Mini, [000001D4D81D3100][000001D4D49583C0 49] iPhone12, [000001D4D8268900][000001D4D495C540 49] iPhone12Pro, [000001D4D81D0D00][000001D4D49606C0 49] iPhone12ProMax, [000001D4D826BC00][000001D4D4920800 49] iPadPro105, [000001D4D81D3700][000001D4D4964940 49] iPadPro129, [000001D4D826B000][000001D4D4968A80 49] iPadPro97, [000001D4D81D0F00][000001D4D496CBC0 49] iPadPro2_129, [000001D4D8268C00][000001D4D4974D40 49] iPad5, [000001D4D81D3B00][000001D4D4978EC0 49] iPad6, [000001D4D8268400][000001D4D497D040 49] iPad7, [000001D4D81D3E00][000001D4D49811C0 49] iPad8, [000001D4D8269B00][000001D4D4985340 49] iPadPro11, [000001D4D81D2400][000001D4D49894C0 49] iPadPro2_11, [000001D4D8268800][000001D4D498D640 49] iPadPro3_129, [000001D4D81D2800][000001D4D49917C0 49] iPadPro4_129, [000001D4D826AF00][000001D4D4995940 49] AppleTV, [000001D4D81D1200][000001D4D4999AC0 49] AppleTV4K, [000001D4D8269700][000001D4D499C0C0 49] TVOS, [000001D4D81D3600][000001D4D49A0240 49] Mac, [000001D4D826BA00][000001D4D49A43C0 49] MacClient, [000001D4D81D2500][000001D4D49A8540 49] MacNoEditor, [000001D4D8268500][000001D4D49AC6C0 49] MacServer, [000001D4D81D2000][000001D4D49B0840 49] Linux, [000001D4D826BB00][000001D4D73049C0 49] LinuxAArch64, [000001D4D81D0300][000001D4D4970B00 49] LinuxNoEditor, [000001D4D826B700][000001D4D7308C40 49] LinuxAArch64NoEditor, [000001D4D81D2600][000001D4D730CD80 49] LinuxClient, [000001D4D826A600][000001D4D7314F00 49] LinuxAArch64Client, [000001D4D81D1A00][000001D4D7319080 49] LinuxServer, [000001D4D8268200][000001D4D731D200 49] LinuxAArch64Server, [000001D4D81D1600][000001D4D7321380 49] Android, [000001D4D826A100][000001D4D7325500 49] Android_Low, [000001D4D81D3800][000001D4D7329680 49] Android_Mid, [000001D4D8268600][000001D4D732D800 49] Android_High, [000001D4D81D2300][000001D4D7331980 49] Android_Default, [000001D4D826A300][000001D4D7335B00 49] Android_Adreno4xx, [000001D4D81D3000][000001D4D7338100 49] Android_Adreno5xx_Low, [000001D4D826AA00][000001D4D733C280 49] Android_Adreno5xx, [000001D4D81D0100][000001D4D7340400 49] Android_Adreno6xx, [000001D4D8268B00][000001D4D7344580 49] Android_Adreno6xx_Vulkan, [000001D4D81D0A00][000001D4D7348700 49] Android_Mali_T6xx, [000001D4D8268700][000001D4D734C880 49] Android_Mali_T7xx, [000001D4D8229800][000001D4D7350A00 49] Android_Mali_T8xx, [000001D4D81D8300][000001D4D7354B80 49] Android_Mali_G71, [000001D4D8228600][000001D4D7310CC0 49] Android_Mali_G72, [000001D4D81D9200][000001D4D7358E00 49] Android_Mali_G72_Vulkan, [000001D4D822B900][000001D4D735CF40 49] Android_Mali_G76, [000001D4D81D8700][000001D4D73650C0 49] Android_Mali_G76_Vulkan, [000001D4D822B800][000001D4D7369240 49] Android_Mali_G77, [000001D4D81DBB00][000001D4D736D3C0 49] Android_Mali_G77_Vulkan, [000001D4D8229900][000001D4D7371540 49] Android_Mali_G78, [000001D4D81DB100][000001D4D73756C0 49] Android_Mali_G78_Vulkan, [000001D4D822B700][000001D4D7379840 49] Android_Mali_G710, [000001D4D81DAC00][000001D4D737D9C0 49] Android_Mali_G710_Vulkan, [000001D4D822B400][000001D4D7381B40 49] Android_Vulkan_SM5, [000001D4D81DB800][000001D4D7384140 49] Android_PowerVR_G6xxx, [000001D4D8229700][000001D4D73882C0 49] Android_PowerVR_GT7xxx, [000001D4D81D9D00][000001D4D738C440 49] Android_PowerVR_GE8xxx, [000001D4D822AB00][000001D4D73905C0 49] Android_PowerVR_GM9xxx, [000001D4D81D8800][000001D4D7394740 49] Android_PowerVR_GM9xxx_Vulkan, [000001D4D8229A00][000001D4D73988C0 49] Android_TegraK1, [000001D4D81D9000][000001D4D739CA40 49] Android_Unknown_Vulkan, [000001D4D822A100][000001D4D73A0BC0 49] Lumin, [000001D4D81DBE00][000001D4D73A4D40 49] Lumin_Desktop, [000001D4D822A900][000001D4D7360E80 49] HoloLens, 
[2022.03.10-17.54.51:928][  0]LogMeshReduction: Using QuadricMeshReduction for automatic static mesh reduction
[2022.03.10-17.54.51:928][  0]LogMeshReduction: Using SimplygonMeshReduction for automatic skeletal mesh reduction
[2022.03.10-17.54.51:928][  0]LogMeshReduction: Using ProxyLODMeshReduction for automatic mesh merging
[2022.03.10-17.54.51:928][  0]LogMeshReduction: No distributed automatic mesh merging module available
[2022.03.10-17.54.51:928][  0]LogMeshMerging: No distributed automatic mesh merging module available
[2022.03.10-17.54.51:946][  0]LogNetVersion: MP2 1.0.0, NetCL: 17155196, EngineNetVer: 17, GameNetVer: 0 (Checksum: 2849652843)
[2022.03.10-17.54.52:337][  0]LogTexture: Default maximum texture size for cubemaps generated from long-lat sources has been changed from 512 to unlimited. In order to preserve old behaiour for '/Engine/MapTemplates/Sky/DaylightAmbientCubemap.DaylightAmbientCubemap', its maximum texture size has been explicitly set to 512.
[2022.03.10-17.54.52:435][  0]LogHMD: PokeAHoleMaterial loaded successfully
[2022.03.10-17.54.52:442][  0]LogUObjectArray: 17947 objects as part of root set at end of initial load.
[2022.03.10-17.54.52:442][  0]LogUObjectAllocator: 4584912 out of 0 bytes used by permanent object pool.
[2022.03.10-17.54.52:442][  0]LogUObjectArray: CloseDisregardForGC: 0/0 objects in disregard for GC pool
[2022.03.10-17.54.52:725][  0]LogPython: Using Python 3.7.7
[2022.03.10-17.54.53:340][  0]LogNiagaraDebuggerClient: Niagara Debugger Client Initialized | Session: 096C3FFD4984D11B2F89CD8CEE2BE029 | Instance: F5A7CF1E4CF69E2F1AB7A1BA53825846 (SIEBL-4107-15-15476).
[2022.03.10-17.54.53:389][  0]LogTcpMessaging: Initializing TcpMessaging bridge
[2022.03.10-17.54.53:394][  0]LogUdpMessaging: Initializing bridge on interface 0.0.0.0:0 to multicast group 230.0.0.1:6666.
[2022.03.10-17.54.53:662][  0]SourceControl: Source control is disabled
[2022.03.10-17.54.53:662][  0]SourceControl: Source control is disabled
[2022.03.10-17.54.53:665][  0]SourceControl: Source control is disabled
[2022.03.10-17.54.53:669][  0]SourceControl: Source control is disabled
[2022.03.10-17.54.53:682][  0]SourceControl: Source control is disabled
[2022.03.10-17.54.53:689][  0]LogUProjectInfo: Found projects:
[2022.03.10-17.54.53:872][  0]LogOpenImageDenoise: OIDN starting up
[2022.03.10-17.54.53:928][  0]LogAndroidPermission: UAndroidPermissionCallbackProxy::GetInstance
[2022.03.10-17.54.53:954][  0]LogAudioCaptureCore: Display: No Audio Capture implementations found. Audio input will be silent.
[2022.03.10-17.54.53:954][  0]LogAudioCaptureCore: Display: No Audio Capture implementations found. Audio input will be silent.
[2022.03.10-17.54.54:094][  0]LogCollectionManager: Loaded 0 collections in 0.002019 seconds
[2022.03.10-17.54.54:120][  0]LogFileCache: Scanning file cache for directory 'C:/Users/cortiz42/Documents/Unreal Projects/CS498GD-MP2/Saved/Collections/' took 0.00s
[2022.03.10-17.54.54:120][  0]LogFileCache: Scanning file cache for directory 'C:/Users/cortiz42/Documents/Unreal Projects/CS498GD-MP2/Content/Developers/cortiz42/Collections/' took 0.00s
[2022.03.10-17.54.54:120][  0]LogFileCache: Scanning file cache for directory 'C:/Users/cortiz42/Documents/Unreal Projects/CS498GD-MP2/Content/Collections/' took 0.00s
[2022.03.10-17.54.54:120][  0]LogOcInput: OculusInput pre-init called
[2022.03.10-17.54.54:372][  0]LogClass: Display: IntProperty FPhysicsConvexData::NumVertices is not initialized properly. Module:MeshModelingTools File:Public/Physics/CollisionPropertySets.h
[2022.03.10-17.54.54:372][  0]LogClass: Display: IntProperty FPhysicsConvexData::NumFaces is not initialized properly. Module:MeshModelingTools File:Public/Physics/CollisionPropertySets.h
[2022.03.10-17.54.54:372][  0]LogClass: Display: FloatProperty FPhysicsCapsuleData::Radius is not initialized properly. Module:MeshModelingTools File:Public/Physics/CollisionPropertySets.h
[2022.03.10-17.54.54:372][  0]LogClass: Display: FloatProperty FPhysicsCapsuleData::Length is not initialized properly. Module:MeshModelingTools File:Public/Physics/CollisionPropertySets.h
[2022.03.10-17.54.54:373][  0]LogClass: Display: StructProperty FPhysicsBoxData::Dimensions is not initialized properly. Module:MeshModelingTools File:Public/Physics/CollisionPropertySets.h
[2022.03.10-17.54.54:373][  0]LogClass: Display: FloatProperty FPhysicsSphereData::Radius is not initialized properly. Module:MeshModelingTools File:Public/Physics/CollisionPropertySets.h
[2022.03.10-17.54.54:373][  0]LogClass: Display: EnumProperty FLODLevelGenerateSettings::TargetMode is not initialized properly. Module:MeshModelingToolsEditorOnly File:Public/GenerateLODMeshesTool.h
[2022.03.10-17.54.54:373][  0]LogClass: Display: IntProperty FLODLevelGenerateSettings::TargetPercentage is not initialized properly. Module:MeshModelingToolsEditorOnly File:Public/GenerateLODMeshesTool.h
[2022.03.10-17.54.54:373][  0]LogClass: Display: IntProperty FLODLevelGenerateSettings::TargetCount is not initialized properly. Module:MeshModelingToolsEditorOnly File:Public/GenerateLODMeshesTool.h
[2022.03.10-17.54.54:373][  0]LogClass: Display: 9 Uninitialized script struct members found including 0 object properties
[2022.03.10-17.54.54:374][  0]LogEngine: Initializing Engine...
[2022.03.10-17.54.54:375][  0]LogHMD: Failed to enumerate extensions. Please check that you have a valid OpenXR runtime installed.
[2022.03.10-17.54.54:375][  0]LogMagicLeap: Warning: VR disabled because ZI is not enabled.  To enable, in the editor, Edit -> Project Settings -> Plugins -> Magic Leap Plugin -> Enable Zero Iteration
[2022.03.10-17.54.54:375][  0]LogStylusInput: Initializing StylusInput subsystem.
[2022.03.10-17.54.54:377][  0]LogStats: UGameplayTagsManager::InitializeManager -  0.000 s
[2022.03.10-17.54.54:510][  0]LogInit: Initializing FReadOnlyCVARCache
[2022.03.10-17.54.54:519][  0]LogAIModule: Creating AISystem for world Untitled
[2022.03.10-17.54.54:535][  0]LogAudio: Display: Initializing Audio Device Manager...
[2022.03.10-17.54.54:539][  0]LogAudio: Display: Loading Default Audio Settings Objects...
[2022.03.10-17.54.54:540][  0]LogAudio: Display: No default SoundConcurrencyObject specified (or failed to load).
[2022.03.10-17.54.54:541][  0]LogAudio: Display: Audio Device Manager Initialized
[2022.03.10-17.54.54:541][  0]LogAudio: Display: Creating Audio Device:                 Id: 1, Scope: Shared, Realtime: True
[2022.03.10-17.54.54:541][  0]LogAudioMixer: Display: Audio Mixer Platform Settings:
[2022.03.10-17.54.54:541][  0]LogAudioMixer: Display: 	Sample Rate:						  48000
[2022.03.10-17.54.54:541][  0]LogAudioMixer: Display: 	Callback Buffer Frame Size Requested: 1024
[2022.03.10-17.54.54:541][  0]LogAudioMixer: Display: 	Callback Buffer Frame Size To Use:	  1024
[2022.03.10-17.54.54:541][  0]LogAudioMixer: Display: 	Number of buffers to queue:			  2
[2022.03.10-17.54.54:541][  0]LogAudioMixer: Display: 	Max Channels (voices):				  32
[2022.03.10-17.54.54:541][  0]LogAudioMixer: Display: 	Number of Async Source Workers:		  0
[2022.03.10-17.54.54:541][  0]LogAudio: Display: AudioDevice MaxSources: 32
[2022.03.10-17.54.54:541][  0]LogAudio: Display: Audio Spatialization Plugin: None (built-in).
[2022.03.10-17.54.54:541][  0]LogAudio: Display: Audio Reverb Plugin: None (built-in).
[2022.03.10-17.54.54:541][  0]LogAudio: Display: Audio Occlusion Plugin: None (built-in).
[2022.03.10-17.54.54:541][  0]LogAudioMixer: Display: Initializing audio mixer.
[2022.03.10-17.54.54:558][  0]LogAudioMixer: Display: 0: FrontLeft
[2022.03.10-17.54.54:558][  0]LogAudioMixer: Display: 1: FrontRight
[2022.03.10-17.54.54:637][  0]LogAudioMixer: Display: Using Audio Device Remote Audio
[2022.03.10-17.54.54:641][  0]LogAudioMixer: Display: Initializing Sound Submixes...
[2022.03.10-17.54.54:643][  0]LogAudioMixer: Display: Creating Master Submix 'MasterSubmixDefault'
[2022.03.10-17.54.54:643][  0]LogAudioMixer: Display: Creating Master Submix 'MasterReverbSubmixDefault'
[2022.03.10-17.54.54:644][  0]LogAudioMixer: Display: Creating Master Submix 'MasterEQSubmixDefault'
[2022.03.10-17.54.54:644][  0]LogAudioMixer: FMixerPlatformXAudio2::StartAudioStream() called
[2022.03.10-17.54.54:644][  0]LogAudioMixer: Display: Output buffers initialized: Frames=1024, Channels=2, Samples=2048
[2022.03.10-17.54.54:646][  0]LogAudioMixer: Display: Starting AudioMixerPlatformInterface::RunInternal()
[2022.03.10-17.54.54:646][  0]LogAudioMixer: Display: FMixerPlatformXAudio2::SubmitBuffer() called for the first time
[2022.03.10-17.54.54:646][  0]LogInit: FAudioDevice initialized.
[2022.03.10-17.54.54:646][  0]LogAudio: Display: Audio Device (ID: 1) registered with world 'Untitled'.
[2022.03.10-17.54.54:646][  0]LogNetVersion: Set ProjectVersion to 4.1. Version Checksum will be recalculated on next use.
[2022.03.10-17.54.54:709][  0]LogDerivedDataCache: Saved boot cache 0.06s 98MB C:/Users/cortiz42/AppData/Local/UnrealEngine/4.27/DerivedDataCache/Boot.ddc.
[2022.03.10-17.54.54:713][  0]LogInit: Texture streaming: Enabled
[2022.03.10-17.54.54:726][  0]LogAnalytics: Display: [UEEditor.Rocket.Release] APIServer = https://datarouter.ol.epicgames.com/. AppVersion = 4.27.2-18319896+++UE4+Release-4.27
[2022.03.10-17.54.54:731][  0]LogEngineSessionManager: EngineSessionManager initialized
[2022.03.10-17.54.54:732][  0]LogEditorSessionSummary: Verbose: Initializing EditorSessionSummaryWriter for editor session tracking
[2022.03.10-17.54.54:737][  0]LogEditorSessionSummary: EditorSessionSummaryWriter initialized
[2022.03.10-17.54.54:768][  0]LogInit: Transaction tracking system initialized
[2022.03.10-17.54.54:791][  0]BlueprintLog: New page: Editor Load
[2022.03.10-17.54.54:856][  0]LocalizationService: Localization service is disabled
[2022.03.10-17.54.54:881][  0]TimingProfiler: Initialize
[2022.03.10-17.54.54:881][  0]TimingProfiler: OnSessionChanged
[2022.03.10-17.54.54:881][  0]LoadingProfiler: Initialize
[2022.03.10-17.54.54:881][  0]LoadingProfiler: OnSessionChanged
[2022.03.10-17.54.54:881][  0]NetworkingProfiler: Initialize
[2022.03.10-17.54.54:881][  0]NetworkingProfiler: OnSessionChanged
[2022.03.10-17.54.54:881][  0]MemoryProfiler: Initialize
[2022.03.10-17.54.54:881][  0]MemoryProfiler: OnSessionChanged
[2022.03.10-17.54.54:885][  0]LogClass: Warning: In asset 'None', there is an enum property of type 'EIOSVersion' with an invalid value of 'IOS_11'
[2022.03.10-17.54.54:886][  0]LogObj: Error: LoadConfig (/Script/IOSRuntimeSettings.Default__IOSRuntimeSettings): import failed for MinimumiOSVersion in: IOS_11
[2022.03.10-17.54.55:044][  0]LogCook: Display: CookSettings for Memory: MemoryMaxUsedVirtual 0MiB, MemoryMaxUsedPhysical 16384MiB, MemoryMinFreeVirtual 0MiB, MemoryMinFreePhysical 1024MiB
[2022.03.10-17.54.55:044][  0]LogCook: Display: Mobile HDR setting 1
[2022.03.10-17.54.55:270][  0]LogFileCache: Scanning file cache for directory 'C:/Users/cortiz42/Documents/Unreal Projects/CS498GD-MP2/Content/' took 0.03s
[2022.03.10-17.54.55:270][  0]LogInit: Display: Engine is initialized. Leaving FEngineLoop::Init()
[2022.03.10-17.54.55:276][  0]SourceControl: Source control is disabled
[2022.03.10-17.54.55:276][  0]LogUnrealEdMisc: Loading editor; pre map load, took 7.605
[2022.03.10-17.54.55:276][  0]Cmd: MAP LOAD FILE="../../../../../../Users/cortiz42/Documents/Unreal Projects/CS498GD-MP2/Content/LearningKit_Games/Maps/LearningKit_Games_Showcase.umap" TEMPLATE=0 SHOWPROGRESS=1 FEATURELEVEL=3
[2022.03.10-17.54.55:277][  0]LightingResults: New page: Lighting Build
[2022.03.10-17.54.55:278][  0]LogWorld: UWorld::CleanupWorld for Untitled, bSessionEnded=true, bCleanupResources=true
[2022.03.10-17.54.55:278][  0]LogSlate: InvalidateAllWidgets triggered.  All widgets were invalidated
[2022.03.10-17.54.55:278][  0]MapCheck: New page: Map Check
[2022.03.10-17.54.55:278][  0]LightingResults: New page: Lighting Build
[2022.03.10-17.54.55:283][  0]LogAudio: Display: Audio Device unregistered from world 'None'.
[2022.03.10-17.54.55:286][  0]LogUObjectHash: Compacting FUObjectHashTables data took   0.86ms
[2022.03.10-17.54.56:590][  0]LogAudio: Display: Audio Device (ID: 1) registered with world 'LearningKit_Games_Showcase'.
[2022.03.10-17.54.56:591][  0]LogAIModule: Creating AISystem for world LearningKit_Games_Showcase
[2022.03.10-17.54.58:550][  0]LogEditorServer: Finished looking for orphan Actors (0.000 secs)
[2022.03.10-17.54.58:565][  0]LogUObjectHash: Compacting FUObjectHashTables data took   1.30ms
[2022.03.10-17.54.58:566][  0]Cmd: MAP CHECKDEP NOCLEARLOG
[2022.03.10-17.54.58:566][  0]MapCheck: Map check complete: 0 Error(s), 0 Warning(s), took 0.208ms to complete.
[2022.03.10-17.54.58:566][  0]LogFileHelpers: Loading map 'LearningKit_Games_Showcase' took 3.291
[2022.03.10-17.54.58:568][  0]LogUnrealEdMisc: Total Editor Startup Time, took 10.897
[2022.03.10-17.54.58:738][  0]LogSlate: Updating window title bar state: overlay mode, drag disabled, window buttons hidden, title bar hidden
[2022.03.10-17.54.58:744][  0]LogSlate: Updating window title bar state: overlay mode, drag disabled, window buttons hidden, title bar hidden
[2022.03.10-17.54.58:750][  0]LogSlate: Updating window title bar state: overlay mode, drag disabled, window buttons hidden, title bar hidden
[2022.03.10-17.54.58:755][  0]LogSlate: Updating window title bar state: overlay mode, drag disabled, window buttons hidden, title bar hidden
[2022.03.10-17.54.58:773][  0]LogNativeClassHierarchy: Verbose: Native class hierarchy populated in 0.0104 seconds. Added 4200 classes and 956 folders.
[2022.03.10-17.54.58:775][  0]LogNativeClassHierarchy: Verbose: Native class hierarchy updated for 'WidgetCarousel' in 0.0003 seconds. Added 0 classes and 0 folders.
[2022.03.10-17.54.58:776][  0]LogPakFile: PakFile PrimaryIndexSize=187
[2022.03.10-17.54.58:776][  0]LogPakFile: PakFile PathHashIndexSize=101
[2022.03.10-17.54.58:776][  0]LogPakFile: PakFile FullDirectoryIndexSize=148
[2022.03.10-17.54.58:776][  0]LogShaderLibrary: Display: ShaderCodeLibraryPakFileMountedCallback: PakFile 'C:/Program Files/Epic Games/UE_4.27/FeaturePacks/FP_FirstPerson.upack' (chunk index -1, root 'root:/') mounted
[2022.03.10-17.54.58:776][  0]LogShaderLibrary: Display: ShaderCodeLibraryPakFileMountedCallback: pending pak file info (ChunkID:-1 Root:root:/ File:C:/Program Files/Epic Games/UE_4.27/FeaturePacks/FP_FirstPerson.upack)
[2022.03.10-17.54.58:776][  0]LogPakFile: OnPakFileMounted2Time == 0.000058
[2022.03.10-17.54.58:777][  0]LogPakFile: PakFile PrimaryIndexSize=189
[2022.03.10-17.54.58:777][  0]LogPakFile: PakFile PathHashIndexSize=101
[2022.03.10-17.54.58:777][  0]LogPakFile: PakFile FullDirectoryIndexSize=152
[2022.03.10-17.54.58:777][  0]LogShaderLibrary: Display: ShaderCodeLibraryPakFileMountedCallback: PakFile 'C:/Program Files/Epic Games/UE_4.27/FeaturePacks/FP_FirstPersonBP.upack' (chunk index -1, root 'root:/') mounted
[2022.03.10-17.54.58:777][  0]LogShaderLibrary: Display: ShaderCodeLibraryPakFileMountedCallback: pending pak file info (ChunkID:-1 Root:root:/ File:C:/Program Files/Epic Games/UE_4.27/FeaturePacks/FP_FirstPersonBP.upack)
[2022.03.10-17.54.58:777][  0]LogPakFile: OnPakFileMounted2Time == 0.000042
[2022.03.10-17.54.58:778][  0]LogPakFile: PakFile PrimaryIndexSize=191
[2022.03.10-17.54.58:778][  0]LogPakFile: PakFile PathHashIndexSize=101
[2022.03.10-17.54.58:778][  0]LogPakFile: PakFile FullDirectoryIndexSize=160
[2022.03.10-17.54.58:778][  0]LogShaderLibrary: Display: ShaderCodeLibraryPakFileMountedCallback: PakFile 'C:/Program Files/Epic Games/UE_4.27/FeaturePacks/MobileStarterContent.upack' (chunk index -1, root 'root:/') mounted
[2022.03.10-17.54.58:778][  0]LogShaderLibrary: Display: ShaderCodeLibraryPakFileMountedCallback: pending pak file info (ChunkID:-1 Root:root:/ File:C:/Program Files/Epic Games/UE_4.27/FeaturePacks/MobileStarterContent.upack)
[2022.03.10-17.54.58:778][  0]LogPakFile: OnPakFileMounted2Time == 0.000037
[2022.03.10-17.54.58:779][  0]LogPakFile: PakFile PrimaryIndexSize=185
[2022.03.10-17.54.58:779][  0]LogPakFile: PakFile PathHashIndexSize=101
[2022.03.10-17.54.58:779][  0]LogPakFile: PakFile FullDirectoryIndexSize=148
[2022.03.10-17.54.58:779][  0]LogShaderLibrary: Display: ShaderCodeLibraryPakFileMountedCallback: PakFile 'C:/Program Files/Epic Games/UE_4.27/FeaturePacks/StarterContent.upack' (chunk index -1, root 'root:/') mounted
[2022.03.10-17.54.58:779][  0]LogShaderLibrary: Display: ShaderCodeLibraryPakFileMountedCallback: pending pak file info (ChunkID:-1 Root:root:/ File:C:/Program Files/Epic Games/UE_4.27/FeaturePacks/StarterContent.upack)
[2022.03.10-17.54.58:779][  0]LogPakFile: OnPakFileMounted2Time == 0.000038
[2022.03.10-17.54.58:779][  0]LogPakFile: PakFile PrimaryIndexSize=190
[2022.03.10-17.54.58:779][  0]LogPakFile: PakFile PathHashIndexSize=101
[2022.03.10-17.54.58:779][  0]LogPakFile: PakFile FullDirectoryIndexSize=154
[2022.03.10-17.54.58:779][  0]LogShaderLibrary: Display: ShaderCodeLibraryPakFileMountedCallback: PakFile 'C:/Program Files/Epic Games/UE_4.27/FeaturePacks/TP_2DSideScroller.upack' (chunk index -1, root 'root:/') mounted
[2022.03.10-17.54.58:779][  0]LogShaderLibrary: Display: ShaderCodeLibraryPakFileMountedCallback: pending pak file info (ChunkID:-1 Root:root:/ File:C:/Program Files/Epic Games/UE_4.27/FeaturePacks/TP_2DSideScroller.upack)
[2022.03.10-17.54.58:779][  0]LogPakFile: OnPakFileMounted2Time == 0.000037
[2022.03.10-17.54.58:780][  0]LogPakFile: PakFile PrimaryIndexSize=192
[2022.03.10-17.54.58:780][  0]LogPakFile: PakFile PathHashIndexSize=101
[2022.03.10-17.54.58:780][  0]LogPakFile: PakFile FullDirectoryIndexSize=158
[2022.03.10-17.54.58:780][  0]LogShaderLibrary: Display: ShaderCodeLibraryPakFileMountedCallback: PakFile 'C:/Program Files/Epic Games/UE_4.27/FeaturePacks/TP_2DSideScrollerBP.upack' (chunk index -1, root 'root:/') mounted
[2022.03.10-17.54.58:780][  0]LogShaderLibrary: Display: ShaderCodeLibraryPakFileMountedCallback: pending pak file info (ChunkID:-1 Root:root:/ File:C:/Program Files/Epic Games/UE_4.27/FeaturePacks/TP_2DSideScrollerBP.upack)
[2022.03.10-17.54.58:780][  0]LogPakFile: OnPakFileMounted2Time == 0.000035
[2022.03.10-17.54.58:781][  0]LogPakFile: PakFile PrimaryIndexSize=182
[2022.03.10-17.54.58:781][  0]LogPakFile: PakFile PathHashIndexSize=101
[2022.03.10-17.54.58:781][  0]LogPakFile: PakFile FullDirectoryIndexSize=138
[2022.03.10-17.54.58:781][  0]LogShaderLibrary: Display: ShaderCodeLibraryPakFileMountedCallback: PakFile 'C:/Program Files/Epic Games/UE_4.27/FeaturePacks/TP_Flying.upack' (chunk index -1, root 'root:/') mounted
[2022.03.10-17.54.58:781][  0]LogShaderLibrary: Display: ShaderCodeLibraryPakFileMountedCallback: pending pak file info (ChunkID:-1 Root:root:/ File:C:/Program Files/Epic Games/UE_4.27/FeaturePacks/TP_Flying.upack)
[2022.03.10-17.54.58:781][  0]LogPakFile: OnPakFileMounted2Time == 0.000035
[2022.03.10-17.54.58:781][  0]LogPakFile: PakFile PrimaryIndexSize=184
[2022.03.10-17.54.58:781][  0]LogPakFile: PakFile PathHashIndexSize=101
[2022.03.10-17.54.58:781][  0]LogPakFile: PakFile FullDirectoryIndexSize=142
[2022.03.10-17.54.58:781][  0]LogShaderLibrary: Display: ShaderCodeLibraryPakFileMountedCallback: PakFile 'C:/Program Files/Epic Games/UE_4.27/FeaturePacks/TP_FlyingBP.upack' (chunk index -1, root 'root:/') mounted
[2022.03.10-17.54.58:781][  0]LogShaderLibrary: Display: ShaderCodeLibraryPakFileMountedCallback: pending pak file info (ChunkID:-1 Root:root:/ File:C:/Program Files/Epic Games/UE_4.27/FeaturePacks/TP_FlyingBP.upack)
[2022.03.10-17.54.58:781][  0]LogPakFile: OnPakFileMounted2Time == 0.000035
[2022.03.10-17.54.58:782][  0]LogPakFile: PakFile PrimaryIndexSize=188
[2022.03.10-17.54.58:782][  0]LogPakFile: PakFile PathHashIndexSize=101
[2022.03.10-17.54.58:782][  0]LogPakFile: PakFile FullDirectoryIndexSize=150
[2022.03.10-17.54.58:782][  0]LogShaderLibrary: Display: ShaderCodeLibraryPakFileMountedCallback: PakFile 'C:/Program Files/Epic Games/UE_4.27/FeaturePacks/TP_HandheldARBP.upack' (chunk index -1, root 'root:/') mounted
[2022.03.10-17.54.58:782][  0]LogShaderLibrary: Display: ShaderCodeLibraryPakFileMountedCallback: pending pak file info (ChunkID:-1 Root:root:/ File:C:/Program Files/Epic Games/UE_4.27/FeaturePacks/TP_HandheldARBP.upack)
[2022.03.10-17.54.58:782][  0]LogPakFile: OnPakFileMounted2Time == 0.000037
[2022.03.10-17.54.58:783][  0]LogPakFile: PakFile PrimaryIndexSize=182
[2022.03.10-17.54.58:783][  0]LogPakFile: PakFile PathHashIndexSize=101
[2022.03.10-17.54.58:783][  0]LogPakFile: PakFile FullDirectoryIndexSize=138
[2022.03.10-17.54.58:783][  0]LogShaderLibrary: Display: ShaderCodeLibraryPakFileMountedCallback: PakFile 'C:/Program Files/Epic Games/UE_4.27/FeaturePacks/TP_Puzzle.upack' (chunk index -1, root 'root:/') mounted
[2022.03.10-17.54.58:783][  0]LogShaderLibrary: Display: ShaderCodeLibraryPakFileMountedCallback: pending pak file info (ChunkID:-1 Root:root:/ File:C:/Program Files/Epic Games/UE_4.27/FeaturePacks/TP_Puzzle.upack)
[2022.03.10-17.54.58:783][  0]LogPakFile: OnPakFileMounted2Time == 0.000037
[2022.03.10-17.54.58:783][  0]LogPakFile: PakFile PrimaryIndexSize=184
[2022.03.10-17.54.58:783][  0]LogPakFile: PakFile PathHashIndexSize=101
[2022.03.10-17.54.58:783][  0]LogPakFile: PakFile FullDirectoryIndexSize=142
[2022.03.10-17.54.58:783][  0]LogShaderLibrary: Display: ShaderCodeLibraryPakFileMountedCallback: PakFile 'C:/Program Files/Epic Games/UE_4.27/FeaturePacks/TP_PuzzleBP.upack' (chunk index -1, root 'root:/') mounted
[2022.03.10-17.54.58:783][  0]LogShaderLibrary: Display: ShaderCodeLibraryPakFileMountedCallback: pending pak file info (ChunkID:-1 Root:root:/ File:C:/Program Files/Epic Games/UE_4.27/FeaturePacks/TP_PuzzleBP.upack)
[2022.03.10-17.54.58:783][  0]LogPakFile: OnPakFileMounted2Time == 0.000037
[2022.03.10-17.54.58:784][  0]LogPakFile: PakFile PrimaryIndexSize=183
[2022.03.10-17.54.58:784][  0]LogPakFile: PakFile PathHashIndexSize=101
[2022.03.10-17.54.58:784][  0]LogPakFile: PakFile FullDirectoryIndexSize=140
[2022.03.10-17.54.58:784][  0]LogShaderLibrary: Display: ShaderCodeLibraryPakFileMountedCallback: PakFile 'C:/Program Files/Epic Games/UE_4.27/FeaturePacks/TP_Rolling.upack' (chunk index -1, root 'root:/') mounted
[2022.03.10-17.54.58:784][  0]LogShaderLibrary: Display: ShaderCodeLibraryPakFileMountedCallback: pending pak file info (ChunkID:-1 Root:root:/ File:C:/Program Files/Epic Games/UE_4.27/FeaturePacks/TP_Rolling.upack)
[2022.03.10-17.54.58:784][  0]LogPakFile: OnPakFileMounted2Time == 0.000037
[2022.03.10-17.54.58:785][  0]LogPakFile: PakFile PrimaryIndexSize=185
[2022.03.10-17.54.58:785][  0]LogPakFile: PakFile PathHashIndexSize=101
[2022.03.10-17.54.58:785][  0]LogPakFile: PakFile FullDirectoryIndexSize=144
[2022.03.10-17.54.58:785][  0]LogShaderLibrary: Display: ShaderCodeLibraryPakFileMountedCallback: PakFile 'C:/Program Files/Epic Games/UE_4.27/FeaturePacks/TP_RollingBP.upack' (chunk index -1, root 'root:/') mounted
[2022.03.10-17.54.58:785][  0]LogShaderLibrary: Display: ShaderCodeLibraryPakFileMountedCallback: pending pak file info (ChunkID:-1 Root:root:/ File:C:/Program Files/Epic Games/UE_4.27/FeaturePacks/TP_RollingBP.upack)
[2022.03.10-17.54.58:785][  0]LogPakFile: OnPakFileMounted2Time == 0.000036
[2022.03.10-17.54.58:785][  0]LogPakFile: PakFile PrimaryIndexSize=188
[2022.03.10-17.54.58:785][  0]LogPakFile: PakFile PathHashIndexSize=101
[2022.03.10-17.54.58:785][  0]LogPakFile: PakFile FullDirectoryIndexSize=150
[2022.03.10-17.54.58:785][  0]LogShaderLibrary: Display: ShaderCodeLibraryPakFileMountedCallback: PakFile 'C:/Program Files/Epic Games/UE_4.27/FeaturePacks/TP_SideScroller.upack' (chunk index -1, root 'root:/') mounted
[2022.03.10-17.54.58:785][  0]LogShaderLibrary: Display: ShaderCodeLibraryPakFileMountedCallback: pending pak file info (ChunkID:-1 Root:root:/ File:C:/Program Files/Epic Games/UE_4.27/FeaturePacks/TP_SideScroller.upack)
[2022.03.10-17.54.58:785][  0]LogPakFile: OnPakFileMounted2Time == 0.000037
[2022.03.10-17.54.58:786][  0]LogPakFile: PakFile PrimaryIndexSize=190
[2022.03.10-17.54.58:786][  0]LogPakFile: PakFile PathHashIndexSize=101
[2022.03.10-17.54.58:786][  0]LogPakFile: PakFile FullDirectoryIndexSize=154
[2022.03.10-17.54.58:786][  0]LogShaderLibrary: Display: ShaderCodeLibraryPakFileMountedCallback: PakFile 'C:/Program Files/Epic Games/UE_4.27/FeaturePacks/TP_SideScrollerBP.upack' (chunk index -1, root 'root:/') mounted
[2022.03.10-17.54.58:786][  0]LogShaderLibrary: Display: ShaderCodeLibraryPakFileMountedCallback: pending pak file info (ChunkID:-1 Root:root:/ File:C:/Program Files/Epic Games/UE_4.27/FeaturePacks/TP_SideScrollerBP.upack)
[2022.03.10-17.54.58:786][  0]LogPakFile: OnPakFileMounted2Time == 0.000037
[2022.03.10-17.54.58:787][  0]LogPakFile: PakFile PrimaryIndexSize=187
[2022.03.10-17.54.58:787][  0]LogPakFile: PakFile PathHashIndexSize=101
[2022.03.10-17.54.58:787][  0]LogPakFile: PakFile FullDirectoryIndexSize=148
[2022.03.10-17.54.58:787][  0]LogShaderLibrary: Display: ShaderCodeLibraryPakFileMountedCallback: PakFile 'C:/Program Files/Epic Games/UE_4.27/FeaturePacks/TP_ThirdPerson.upack' (chunk index -1, root 'root:/') mounted
[2022.03.10-17.54.58:787][  0]LogShaderLibrary: Display: ShaderCodeLibraryPakFileMountedCallback: pending pak file info (ChunkID:-1 Root:root:/ File:C:/Program Files/Epic Games/UE_4.27/FeaturePacks/TP_ThirdPerson.upack)
[2022.03.10-17.54.58:787][  0]LogPakFile: OnPakFileMounted2Time == 0.000073
[2022.03.10-17.54.58:788][  0]LogPakFile: PakFile PrimaryIndexSize=189
[2022.03.10-17.54.58:788][  0]LogPakFile: PakFile PathHashIndexSize=101
[2022.03.10-17.54.58:788][  0]LogPakFile: PakFile FullDirectoryIndexSize=152
[2022.03.10-17.54.58:788][  0]LogShaderLibrary: Display: ShaderCodeLibraryPakFileMountedCallback: PakFile 'C:/Program Files/Epic Games/UE_4.27/FeaturePacks/TP_ThirdPersonBP.upack' (chunk index -1, root 'root:/') mounted
[2022.03.10-17.54.58:788][  0]LogShaderLibrary: Display: ShaderCodeLibraryPakFileMountedCallback: pending pak file info (ChunkID:-1 Root:root:/ File:C:/Program Files/Epic Games/UE_4.27/FeaturePacks/TP_ThirdPersonBP.upack)
[2022.03.10-17.54.58:788][  0]LogPakFile: OnPakFileMounted2Time == 0.000039
[2022.03.10-17.54.58:788][  0]LogPakFile: PakFile PrimaryIndexSize=183
[2022.03.10-17.54.58:788][  0]LogPakFile: PakFile PathHashIndexSize=101
[2022.03.10-17.54.58:788][  0]LogPakFile: PakFile FullDirectoryIndexSize=140
[2022.03.10-17.54.58:788][  0]LogShaderLibrary: Display: ShaderCodeLibraryPakFileMountedCallback: PakFile 'C:/Program Files/Epic Games/UE_4.27/FeaturePacks/TP_TopDown.upack' (chunk index -1, root 'root:/') mounted
[2022.03.10-17.54.58:788][  0]LogShaderLibrary: Display: ShaderCodeLibraryPakFileMountedCallback: pending pak file info (ChunkID:-1 Root:root:/ File:C:/Program Files/Epic Games/UE_4.27/FeaturePacks/TP_TopDown.upack)
[2022.03.10-17.54.58:788][  0]LogPakFile: OnPakFileMounted2Time == 0.000044
[2022.03.10-17.54.58:789][  0]LogPakFile: PakFile PrimaryIndexSize=185
[2022.03.10-17.54.58:789][  0]LogPakFile: PakFile PathHashIndexSize=101
[2022.03.10-17.54.58:789][  0]LogPakFile: PakFile FullDirectoryIndexSize=144
[2022.03.10-17.54.58:789][  0]LogShaderLibrary: Display: ShaderCodeLibraryPakFileMountedCallback: PakFile 'C:/Program Files/Epic Games/UE_4.27/FeaturePacks/TP_TopDownBP.upack' (chunk index -1, root 'root:/') mounted
[2022.03.10-17.54.58:789][  0]LogShaderLibrary: Display: ShaderCodeLibraryPakFileMountedCallback: pending pak file info (ChunkID:-1 Root:root:/ File:C:/Program Files/Epic Games/UE_4.27/FeaturePacks/TP_TopDownBP.upack)
[2022.03.10-17.54.58:789][  0]LogPakFile: OnPakFileMounted2Time == 0.000037
[2022.03.10-17.54.58:790][  0]LogPakFile: PakFile PrimaryIndexSize=185
[2022.03.10-17.54.58:790][  0]LogPakFile: PakFile PathHashIndexSize=101
[2022.03.10-17.54.58:790][  0]LogPakFile: PakFile FullDirectoryIndexSize=144
[2022.03.10-17.54.58:790][  0]LogShaderLibrary: Display: ShaderCodeLibraryPakFileMountedCallback: PakFile 'C:/Program Files/Epic Games/UE_4.27/FeaturePacks/TP_TwinStick.upack' (chunk index -1, root 'root:/') mounted
[2022.03.10-17.54.58:790][  0]LogShaderLibrary: Display: ShaderCodeLibraryPakFileMountedCallback: pending pak file info (ChunkID:-1 Root:root:/ File:C:/Program Files/Epic Games/UE_4.27/FeaturePacks/TP_TwinStick.upack)
[2022.03.10-17.54.58:790][  0]LogPakFile: OnPakFileMounted2Time == 0.000037
[2022.03.10-17.54.58:790][  0]LogPakFile: PakFile PrimaryIndexSize=187
[2022.03.10-17.54.58:790][  0]LogPakFile: PakFile PathHashIndexSize=101
[2022.03.10-17.54.58:790][  0]LogPakFile: PakFile FullDirectoryIndexSize=148
[2022.03.10-17.54.58:790][  0]LogShaderLibrary: Display: ShaderCodeLibraryPakFileMountedCallback: PakFile 'C:/Program Files/Epic Games/UE_4.27/FeaturePacks/TP_TwinStickBP.upack' (chunk index -1, root 'root:/') mounted
[2022.03.10-17.54.58:790][  0]LogShaderLibrary: Display: ShaderCodeLibraryPakFileMountedCallback: pending pak file info (ChunkID:-1 Root:root:/ File:C:/Program Files/Epic Games/UE_4.27/FeaturePacks/TP_TwinStickBP.upack)
[2022.03.10-17.54.58:790][  0]LogPakFile: OnPakFileMounted2Time == 0.000037
[2022.03.10-17.54.58:791][  0]LogPakFile: PakFile PrimaryIndexSize=183
[2022.03.10-17.54.58:791][  0]LogPakFile: PakFile PathHashIndexSize=101
[2022.03.10-17.54.58:791][  0]LogPakFile: PakFile FullDirectoryIndexSize=140
[2022.03.10-17.54.58:791][  0]LogShaderLibrary: Display: ShaderCodeLibraryPakFileMountedCallback: PakFile 'C:/Program Files/Epic Games/UE_4.27/FeaturePacks/TP_Vehicle.upack' (chunk index -1, root 'root:/') mounted
[2022.03.10-17.54.58:791][  0]LogShaderLibrary: Display: ShaderCodeLibraryPakFileMountedCallback: pending pak file info (ChunkID:-1 Root:root:/ File:C:/Program Files/Epic Games/UE_4.27/FeaturePacks/TP_Vehicle.upack)
[2022.03.10-17.54.58:791][  0]LogPakFile: OnPakFileMounted2Time == 0.000037
[2022.03.10-17.54.58:792][  0]LogPakFile: PakFile PrimaryIndexSize=186
[2022.03.10-17.54.58:792][  0]LogPakFile: PakFile PathHashIndexSize=101
[2022.03.10-17.54.58:792][  0]LogPakFile: PakFile FullDirectoryIndexSize=146
[2022.03.10-17.54.58:792][  0]LogShaderLibrary: Display: ShaderCodeLibraryPakFileMountedCallback: PakFile 'C:/Program Files/Epic Games/UE_4.27/FeaturePacks/TP_VehicleAdv.upack' (chunk index -1, root 'root:/') mounted
[2022.03.10-17.54.58:792][  0]LogShaderLibrary: Display: ShaderCodeLibraryPakFileMountedCallback: pending pak file info (ChunkID:-1 Root:root:/ File:C:/Program Files/Epic Games/UE_4.27/FeaturePacks/TP_VehicleAdv.upack)
[2022.03.10-17.54.58:792][  0]LogPakFile: OnPakFileMounted2Time == 0.000035
[2022.03.10-17.54.58:792][  0]LogPakFile: PakFile PrimaryIndexSize=188
[2022.03.10-17.54.58:792][  0]LogPakFile: PakFile PathHashIndexSize=101
[2022.03.10-17.54.58:792][  0]LogPakFile: PakFile FullDirectoryIndexSize=150
[2022.03.10-17.54.58:792][  0]LogShaderLibrary: Display: ShaderCodeLibraryPakFileMountedCallback: PakFile 'C:/Program Files/Epic Games/UE_4.27/FeaturePacks/TP_VehicleAdvBP.upack' (chunk index -1, root 'root:/') mounted
[2022.03.10-17.54.58:792][  0]LogShaderLibrary: Display: ShaderCodeLibraryPakFileMountedCallback: pending pak file info (ChunkID:-1 Root:root:/ File:C:/Program Files/Epic Games/UE_4.27/FeaturePacks/TP_VehicleAdvBP.upack)
[2022.03.10-17.54.58:792][  0]LogPakFile: OnPakFileMounted2Time == 0.000034
[2022.03.10-17.54.58:793][  0]LogPakFile: PakFile PrimaryIndexSize=185
[2022.03.10-17.54.58:793][  0]LogPakFile: PakFile PathHashIndexSize=101
[2022.03.10-17.54.58:793][  0]LogPakFile: PakFile FullDirectoryIndexSize=144
[2022.03.10-17.54.58:793][  0]LogShaderLibrary: Display: ShaderCodeLibraryPakFileMountedCallback: PakFile 'C:/Program Files/Epic Games/UE_4.27/FeaturePacks/TP_VehicleBP.upack' (chunk index -1, root 'root:/') mounted
[2022.03.10-17.54.58:793][  0]LogShaderLibrary: Display: ShaderCodeLibraryPakFileMountedCallback: pending pak file info (ChunkID:-1 Root:root:/ File:C:/Program Files/Epic Games/UE_4.27/FeaturePacks/TP_VehicleBP.upack)
[2022.03.10-17.54.58:793][  0]LogPakFile: OnPakFileMounted2Time == 0.000037
[2022.03.10-17.54.58:794][  0]LogPakFile: PakFile PrimaryIndexSize=192
[2022.03.10-17.54.58:794][  0]LogPakFile: PakFile PathHashIndexSize=101
[2022.03.10-17.54.58:794][  0]LogPakFile: PakFile FullDirectoryIndexSize=158
[2022.03.10-17.54.58:794][  0]LogShaderLibrary: Display: ShaderCodeLibraryPakFileMountedCallback: PakFile 'C:/Program Files/Epic Games/UE_4.27/FeaturePacks/TP_VirtualRealityBP.upack' (chunk index -1, root 'root:/') mounted
[2022.03.10-17.54.58:794][  0]LogShaderLibrary: Display: ShaderCodeLibraryPakFileMountedCallback: pending pak file info (ChunkID:-1 Root:root:/ File:C:/Program Files/Epic Games/UE_4.27/FeaturePacks/TP_VirtualRealityBP.upack)
[2022.03.10-17.54.58:794][  0]LogPakFile: OnPakFileMounted2Time == 0.000036
[2022.03.10-17.54.58:872][  0]LogNativeClassHierarchy: Verbose: Native class hierarchy updated for 'AddContentDialog' in 0.0003 seconds. Added 0 classes and 0 folders.
[2022.03.10-17.54.58:874][  0]LogNativeClassHierarchy: Verbose: Native class hierarchy updated for 'SceneOutliner' in 0.0003 seconds. Added 2 classes and 0 folders.
[2022.03.10-17.54.58:954][  0]LogSlate: Took 0.000239 seconds to synchronously load lazily loaded font '../../../Engine/Content/Slate/Fonts/Roboto-Regular.ttf' (155K)
[2022.03.10-17.54.58:956][  0]LogSlate: Took 0.000261 seconds to synchronously load lazily loaded font '../../../Engine/Content/Editor/Slate/Fonts/FontAwesome.ttf' (139K)
[2022.03.10-17.54.58:957][  0]LogSlate: Took 0.000194 seconds to synchronously load lazily loaded font '../../../Engine/Content/Slate/Fonts/Roboto-Bold.ttf' (160K)
[2022.03.10-17.54.59:055][  0]LogRenderer: Reallocating scene render targets to support 1156x664 Format 10 NumSamples 1 (Frame:1).
[2022.03.10-17.54.59:069][  0]LogStaticMesh: Allocated 512x217x128 distance field atlas = 27.1Mb, with 84 objects containing 17.2Mb backing data
[2022.03.10-17.54.59:339][  0]LogNativeClassHierarchy: Verbose: Native class hierarchy updated for 'HierarchicalLODOutliner' in 0.0003 seconds. Added 0 classes and 0 folders.
[2022.03.10-17.54.59:339][  0]LogInput: Warning: Action Jump uses invalid key OculusGo_Left_Trigger_Click.
[2022.03.10-17.54.59:339][  0]LogInput: Warning: Action ResetVR uses invalid key OculusGo_Left_Trackpad_Click.
[2022.03.10-17.54.59:339][  0]LogInput: Warning: Use -RemoveInvalidKeys to remove instances of these keys from the action mapping.
[2022.03.10-17.54.59:339][  0]LogLoad: (Engine Initialization) Total time: 11.67 seconds
[2022.03.10-17.54.59:339][  0]LogLoad: (Engine Initialization) Total Blueprint compile time: 0.00 seconds
[2022.03.10-17.54.59:447][  0]LogAssetRegistry: Asset discovery search completed in 7.9035 seconds
[2022.03.10-17.54.59:453][  0]LogCollectionManager: Fixed up redirectors for 0 collections in 0.000004 seconds (updated 0 objects)
[2022.03.10-17.54.59:455][  0]LogContentStreaming: Texture pool size now 1000 MB
[2022.03.10-17.54.59:559][  2]LogSlate: Took 0.000298 seconds to synchronously load lazily loaded font '../../../Engine/Content/Slate/Fonts/Roboto-Light.ttf' (167K)
[2022.03.10-17.55.04:022][516]LogUObjectHash: Compacting FUObjectHashTables data took   0.86ms
[2022.03.10-17.55.04:027][516]LogSlate: Took 0.000241 seconds to synchronously load lazily loaded font '../../../Engine/Content/Slate/Fonts/Roboto-Light.ttf' (167K)
[2022.03.10-17.55.04:324][516]LogAssetEditorSubsystem: Opening Asset editor for World /Game/MP2/Maps/MP2_Map.MP2_Map
[2022.03.10-17.55.04:324][516]Cmd: MAP LOAD FILE="../../../../../../Users/cortiz42/Documents/Unreal Projects/CS498GD-MP2/Content/MP2/Maps/MP2_Map.umap" TEMPLATE=0 SHOWPROGRESS=1 FEATURELEVEL=3
[2022.03.10-17.55.04:324][516]LightingResults: New page: Lighting Build
[2022.03.10-17.55.04:324][516]LoadErrors: New page: Loading map: MP2_Map.umap
[2022.03.10-17.55.04:330][516]LogWorld: UWorld::CleanupWorld for LearningKit_Games_Showcase, bSessionEnded=true, bCleanupResources=true
[2022.03.10-17.55.04:330][516]LogSlate: InvalidateAllWidgets triggered.  All widgets were invalidated
[2022.03.10-17.55.04:330][516]MapCheck: New page: Map Check
[2022.03.10-17.55.04:331][516]LightingResults: New page: Lighting Build
[2022.03.10-17.55.04:340][516]LogAudio: Display: Audio Device unregistered from world 'None'.
[2022.03.10-17.55.04:348][516]LogUObjectHash: Compacting FUObjectHashTables data took   1.30ms
[2022.03.10-17.55.04:349][516]LogAudio: Display: Audio Device (ID: 1) registered with world 'MP2_Map'.
[2022.03.10-17.55.06:204][516]LogEditorServer: Finished looking for orphan Actors (0.000 secs)
[2022.03.10-17.55.06:205][516]LogAIModule: Creating AISystem for world MP2_Map
[2022.03.10-17.55.06:205][516]LogNavigation: Warning: Recreating dtNavMesh instance due to saved navmesh origin (X=0.000 Y=-4260.000 Z=900.000, usually the RecastNavMesh location) not being aligned with tile size (988 uu) 
[2022.03.10-17.55.06:218][516]LogUObjectHash: Compacting FUObjectHashTables data took   0.93ms
[2022.03.10-17.55.06:223][516]Cmd: MAP CHECKDEP NOCLEARLOG
[2022.03.10-17.55.06:224][516]MapCheck: Map check complete: 0 Error(s), 0 Warning(s), took 0.164ms to complete.
[2022.03.10-17.55.06:224][516]LogFileHelpers: Loading map 'MP2_Map' took 1.901
[2022.03.10-17.55.06:298][517]LogStaticMesh: Allocated 512x217x128 distance field atlas = 27.1Mb, with 92 objects containing 18.2Mb backing data
