Log file open, 03/10/22 02:59:49
LogWindows: Failed to load 'aqProf.dll' (GetLastError=126)
LogWindows: File 'aqProf.dll' does not exist
LogWindows: Failed to load 'VtuneApi.dll' (GetLastError=126)
LogWindows: File 'VtuneApi.dll' does not exist
LogWindows: Failed to load 'VtuneApi32e.dll' (GetLastError=126)
LogWindows: File 'VtuneApi32e.dll' does not exist
LogConsoleResponse: Display: Failed to find resolution value strings in scalability ini. Falling back to default.
LogConsoleResponse: Display: Failed to find resolution value strings in scalability ini. Falling back to default.
LogInit: Display: Running engine for game: MP2
LogPlatformFile: Not using cached read wrapper
LogTaskGraph: Started task graph with 5 named threads and 23 total threads with 3 sets of task threads.
LogStats: Stats thread started at 0.320620
LogICUInternationalization: ICU TimeZone Detection - Raw Offset: -6:00, Platform Override: ''
LogInit: Display: Loading text-based GConfig....
LogPluginManager: Mounting plugin MeshPainting
LogPluginManager: Mounting plugin XGEController
LogPluginManager: Mounting plugin Paper2D
LogPluginManager: Mounting plugin EnvironmentQueryEditor
LogPluginManager: Mounting plugin AISupport
LogPluginManager: Mounting plugin CameraShakePreviewer
LogPluginManager: Mounting plugin GameplayCameras
LogPluginManager: Mounting plugin LightPropagationVolume
LogPluginManager: Mounting plugin LiveLink
LogPluginManager: Mounting plugin AnimationSharing
LogPluginManager: Mounting plugin CLionSourceCodeAccess
LogPluginManager: Mounting plugin CodeLiteSourceCodeAccess
LogPluginManager: Mounting plugin GitSourceControl
LogPluginManager: Mounting plugin AssetManagerEditor
LogPluginManager: Mounting plugin KDevelopSourceCodeAccess
LogPluginManager: Mounting plugin NullSourceCodeAccess
LogPluginManager: Mounting plugin PixWinPlugin
LogPluginManager: Mounting plugin PerforceSourceControl
LogPluginManager: Mounting plugin PlasticSourceControl
LogPluginManager: Mounting plugin PropertyAccessNode
LogPluginManager: Mounting plugin PluginUtils
LogPluginManager: Mounting plugin RiderSourceCodeAccess
LogPluginManager: Mounting plugin SubversionSourceControl
LogPluginManager: Mounting plugin TextureFormatOodle
LogPluginManager: Mounting plugin UObjectPlugin
LogPluginManager: Mounting plugin VisualStudioCodeSourceCodeAccess
LogPluginManager: Mounting plugin CryptoKeys
LogPluginManager: Mounting plugin VisualStudioSourceCodeAccess
LogPluginManager: Mounting plugin CurveEditorTools
LogPluginManager: Mounting plugin DataValidation
LogPluginManager: Mounting plugin EditorScriptingUtilities
LogPluginManager: Mounting plugin GameplayTagsEditor
LogPluginManager: Mounting plugin GeometryMode
LogPluginManager: Mounting plugin FacialAnimation
LogPluginManager: Mounting plugin MacGraphicsSwitching
LogPluginManager: Mounting plugin MaterialAnalyzer
LogPluginManager: Mounting plugin XCodeSourceCodeAccess
LogPluginManager: Mounting plugin MobileLauncherProfileWizard
LogPluginManager: Mounting plugin PluginBrowser
LogPluginManager: Mounting plugin SpeedTreeImporter
LogPluginManager: Mounting plugin StylusInput
LogPluginManager: Mounting plugin DatasmithContent
LogPluginManager: Mounting plugin VariantManagerContent
LogPluginManager: Mounting plugin AlembicImporter
LogPluginManager: Mounting plugin BackChannel
LogPluginManager: Mounting plugin AutomationUtils
LogPluginManager: Mounting plugin Niagara
LogPluginManager: Mounting plugin ChaosClothEditor
LogPluginManager: Mounting plugin ChaosCloth
LogPluginManager: Mounting plugin ChaosEditor
LogPluginManager: Mounting plugin ChaosSolverPlugin
LogPluginManager: Mounting plugin ChaosNiagara
LogPluginManager: Mounting plugin CharacterAI
LogPluginManager: Mounting plugin GeometryCache
LogPluginManager: Mounting plugin GeometryCollectionPlugin
LogPluginManager: Mounting plugin GeometryProcessing
LogPluginManager: Mounting plugin ModelingToolsEditorMode
LogPluginManager: Mounting plugin MeshModelingToolset
LogPluginManager: Mounting plugin MotoSynth
LogPluginManager: Mounting plugin OpenImageDenoise
LogPluginManager: Mounting plugin PlanarCut
LogPluginManager: Mounting plugin PlatformCrypto
LogPluginManager: Mounting plugin ProxyLODPlugin
LogPluginManager: Mounting plugin SkeletalReduction
LogPluginManager: Mounting plugin PythonScriptPlugin
LogPluginManager: Mounting plugin LuminPlatformFeatures
LogPluginManager: Mounting plugin MagicLeap
LogPluginManager: Mounting plugin MagicLeapLightEstimation
LogPluginManager: Mounting plugin MagicLeapPassableWorld
LogPluginManager: Mounting plugin MagicLeapMedia
LogPluginManager: Mounting plugin MLSDK
LogPluginManager: Mounting plugin AndroidMedia
LogPluginManager: Mounting plugin AvfMedia
LogPluginManager: Mounting plugin ImgMedia
LogPluginManager: Mounting plugin MediaCompositing
LogPluginManager: Mounting plugin MediaPlayerEditor
LogPluginManager: Mounting plugin WebMMedia
LogPluginManager: Mounting plugin WmfMedia
LogPluginManager: Mounting plugin TcpMessaging
LogPluginManager: Mounting plugin UdpMessaging
LogPluginManager: Mounting plugin ActorSequence
LogPluginManager: Mounting plugin MatineeToLevelSequence
LogPluginManager: Mounting plugin LevelSequenceEditor
LogPluginManager: Mounting plugin TemplateSequence
LogPluginManager: Mounting plugin LauncherChunkInstaller
LogPluginManager: Mounting plugin OodleData
LogPluginManager: Mounting plugin OodleNetwork
LogPluginManager: Mounting plugin ActorLayerUtilities
LogPluginManager: Mounting plugin AndroidMoviePlayer
LogPluginManager: Mounting plugin AndroidDeviceProfileSelector
LogPluginManager: Mounting plugin AndroidPermission
LogPluginManager: Mounting plugin AppleImageUtils
LogPluginManager: Mounting plugin AppleMoviePlayer
LogPluginManager: Mounting plugin ArchVisCharacter
LogPluginManager: Mounting plugin AssetTags
LogPluginManager: Mounting plugin AudioCapture
LogPluginManager: Mounting plugin AudioSynesthesia
LogPluginManager: Mounting plugin CableComponent
LogPluginManager: Mounting plugin ChunkDownloader
LogPluginManager: Mounting plugin CustomMeshComponent
LogPluginManager: Mounting plugin EditableMesh
LogPluginManager: Mounting plugin ExampleDeviceProfileSelector
LogPluginManager: Mounting plugin GoogleCloudMessaging
LogPluginManager: Mounting plugin GooglePAD
LogPluginManager: Mounting plugin HairStrands
LogPluginManager: Mounting plugin ScreenshotTools
LogPluginManager: Mounting plugin IOSDeviceProfileSelector
LogPluginManager: Mounting plugin LinuxDeviceProfileSelector
LogPluginManager: Mounting plugin LocationServicesBPLibrary
LogPluginManager: Mounting plugin MobilePatchingUtils
LogPluginManager: Mounting plugin OpenXR
LogPluginManager: Mounting plugin OpenXREyeTracker
LogPluginManager: Mounting plugin OpenXRHandTracking
LogPluginManager: Mounting plugin PhysXVehicles
LogPluginManager: Mounting plugin PostSplashScreen
LogPluginManager: Mounting plugin ProceduralMeshComponent
LogPluginManager: Mounting plugin PropertyAccessEditor
LogPluginManager: Mounting plugin RuntimePhysXCooking
LogPluginManager: Mounting plugin SignificanceManager
LogPluginManager: Mounting plugin SoundFields
LogPluginManager: Mounting plugin Synthesis
LogPluginManager: Mounting plugin WebMMoviePlayer
LogPluginManager: Mounting plugin WindowsMoviePlayer
LogPluginManager: Mounting plugin Takes
LogPluginManager: Mounting plugin OnlineSubsystem
LogPluginManager: Mounting plugin OnlineSubsystemNull
LogPluginManager: Mounting plugin OnlineSubsystemUtils
LogPluginManager: Mounting plugin ContentBrowserAssetDataSource
LogPluginManager: Mounting plugin ContentBrowserClassDataSource
LogPluginManager: Mounting plugin ContentBrowserFileDataSource
LogPluginManager: Mounting plugin OculusVR
LogPluginManager: Mounting plugin OnlineSubsystemGooglePlay
LogPluginManager: Mounting plugin OnlineSubsystemIOS
PixWinPlugin: PIX capture plugin failed to initialize! Check that the process is launched from PIX.
LogInit: Using libcurl 7.55.1-DEV
LogInit:  - built for x86_64-pc-win32
LogInit:  - supports SSL with OpenSSL/1.1.1
LogInit:  - supports HTTP deflate (compression) using libz 1.2.8
LogInit:  - other features:
LogInit:      CURL_VERSION_SSL
LogInit:      CURL_VERSION_LIBZ
LogInit:      CURL_VERSION_IPV6
LogInit:      CURL_VERSION_ASYNCHDNS
LogInit:      CURL_VERSION_LARGEFILE
LogInit:      CURL_VERSION_IDN
LogInit:  CurlRequestOptions (configurable via config and command line):
LogInit:  - bVerifyPeer = true  - Libcurl will verify peer certificate
LogInit:  - bUseHttpProxy = false  - Libcurl will NOT use HTTP proxy
LogInit:  - bDontReuseConnections = false  - Libcurl will reuse connections
LogInit:  - MaxHostConnections = 16  - Libcurl will limit the number of connections to a host
LogInit:  - LocalHostAddr = Default
LogInit:  - BufferSize = 65536
LogOnline: OSS: Creating online subsystem instance for: NULL
LogInit: WinSock: version 1.1 (2.2), MaxSocks=32767, MaxUdp=65467
LogOnline: OSS: TryLoadSubsystemAndSetDefault: Loaded subsystem for module [NULL]
LogOculusPluginWrapper: OculusPlugin initialized successfully
LogHMD: Failed initializing OVRPlugin 1.59.0
LogInit: Build: ++UE4+Release-4.27-CL-18319896
LogInit: Engine Version: 4.27.2-18319896+++UE4+Release-4.27
LogInit: Compatible Engine Version: 4.27.0-17155196+++UE4+Release-4.27
LogInit: Net CL: 17155196
LogInit: OS: Windows 10 (Release 2009) (), CPU: Intel(R) Xeon(R) W-2123 CPU @ 3.60GHz, GPU: Microsoft Remote Display Adapter
LogInit: Compiled (64-bit): Nov 30 2021 07:12:08
LogInit: Compiled with Visual C++: 19.24.28315.00
LogInit: Build Configuration: Development
LogInit: Branch Name: ++UE4+Release-4.27
LogInit: Command Line: 
LogInit: Base Directory: C:/Program Files/Epic Games/UE_4.27/Engine/Binaries/Win64/
LogInit: Allocator: TBB
LogInit: Installed Engine Build: 1
LogDevObjectVersion: Number of dev versions registered: 29
LogDevObjectVersion:   Dev-Blueprints (B0D832E4-1F89-4F0D-ACCF-7EB736FD4AA2): 10
LogDevObjectVersion:   Dev-Build (E1C64328-A22C-4D53-A36C-8E866417BD8C): 0
LogDevObjectVersion:   Dev-Core (375EC13C-06E4-48FB-B500-84F0262A717E): 4
LogDevObjectVersion:   Dev-Editor (E4B068ED-F494-42E9-A231-DA0B2E46BB41): 40
LogDevObjectVersion:   Dev-Framework (CFFC743F-43B0-4480-9391-14DF171D2073): 37
LogDevObjectVersion:   Dev-Mobile (B02B49B5-BB20-44E9-A304-32B752E40360): 3
LogDevObjectVersion:   Dev-Networking (A4E4105C-59A1-49B5-A7C5-40C4547EDFEE): 0
LogDevObjectVersion:   Dev-Online (39C831C9-5AE6-47DC-9A44-9C173E1C8E7C): 0
LogDevObjectVersion:   Dev-Physics (78F01B33-EBEA-4F98-B9B4-84EACCB95AA2): 14
LogDevObjectVersion:   Dev-Platform (6631380F-2D4D-43E0-8009-CF276956A95A): 0
LogDevObjectVersion:   Dev-Rendering (12F88B9F-8875-4AFC-A67C-D90C383ABD29): 45
LogDevObjectVersion:   Dev-Sequencer (7B5AE74C-D270-4C10-A958-57980B212A5A): 13
LogDevObjectVersion:   Dev-VR (D7296918-1DD6-4BDD-9DE2-64A83CC13884): 3
LogDevObjectVersion:   Dev-LoadTimes (C2A15278-BFE7-4AFE-6C17-90FF531DF755): 1
LogDevObjectVersion:   Private-Geometry (6EACA3D4-40EC-4CC1-B786-8BED09428FC5): 3
LogDevObjectVersion:   Dev-AnimPhys (29E575DD-E0A3-4627-9D10-D276232CDCEA): 17
LogDevObjectVersion:   Dev-Anim (AF43A65D-7FD3-4947-9873-3E8ED9C1BB05): 15
LogDevObjectVersion:   Dev-ReflectionCapture (6B266CEC-1EC7-4B8F-A30B-E4D90942FC07): 1
LogDevObjectVersion:   Dev-Automation (0DF73D61-A23F-47EA-B727-89E90C41499A): 1
LogDevObjectVersion:   FortniteMain (601D1886-AC64-4F84-AA16-D3DE0DEAC7D6): 47
LogDevObjectVersion:   FortniteRelease (E7086368-6B23-4C58-8439-1B7016265E91): 1
LogDevObjectVersion:   Dev-Enterprise (9DFFBCD6-494F-0158-E221-12823C92A888): 10
LogDevObjectVersion:   Dev-Niagara (F2AED0AC-9AFE-416F-8664-AA7FFA26D6FC): 1
LogDevObjectVersion:   Dev-Destruction (174F1F0B-B4C6-45A5-B13F-2EE8D0FB917D): 10
LogDevObjectVersion:   Dev-Physics-Ext (35F94A83-E258-406C-A318-09F59610247C): 41
LogDevObjectVersion:   Dev-PhysicsMaterial-Chaos (B68FC16E-8B1B-42E2-B453-215C058844FE): 1
LogDevObjectVersion:   Dev-CineCamera (B2E18506-4273-CFC2-A54E-F4BB758BBA07): 1
LogDevObjectVersion:   Dev-VirtualProduction (64F58936-FD1B-42BA-BA96-7289D5D0FA4E): 1
LogDevObjectVersion:   Dev-MediaFramework (6F0ED827-A609-4895-9C91-998D90180EA4): 2
LogInit: Presizing for max 25165824 objects, including 0 objects not considered by GC, pre-allocating 0 bytes for permanent pool.
LogConfig: Applying CVar settings from Section [/Script/Engine.StreamingSettings] File [C:/Users/cortiz42/Documents/Unreal Projects/CS498GD-MP2/Saved/Config/Windows/Engine.ini]
LogConfig: Setting CVar [[s.MinBulkDataSizeForAsyncLoading:131072]]
LogConfig: Setting CVar [[s.AsyncLoadingThreadEnabled:0]]
LogConfig: Setting CVar [[s.EventDrivenLoaderEnabled:1]]
LogConfig: Setting CVar [[s.WarnIfTimeLimitExceeded:0]]
LogConfig: Setting CVar [[s.TimeLimitExceededMultiplier:1.5]]
LogConfig: Setting CVar [[s.TimeLimitExceededMinTime:0.005]]
LogConfig: Setting CVar [[s.UseBackgroundLevelStreaming:1]]
LogConfig: Setting CVar [[s.PriorityAsyncLoadingExtraTime:15.0]]
LogConfig: Setting CVar [[s.LevelStreamingActorsUpdateTimeLimit:5.0]]
LogConfig: Setting CVar [[s.PriorityLevelStreamingActorsUpdateExtraTime:5.0]]
LogConfig: Setting CVar [[s.LevelStreamingComponentsRegistrationGranularity:10]]
LogConfig: Setting CVar [[s.UnregisterComponentsTimeLimit:1.0]]
LogConfig: Setting CVar [[s.LevelStreamingComponentsUnregistrationGranularity:5]]
LogConfig: Setting CVar [[s.FlushStreamingOnExit:1]]
LogInit: Object subsystem initialized
LogConfig: Setting CVar [[con.DebugEarlyDefault:1]]
LogConfig: Setting CVar [[r.setres:1280x720]]
LogConfig: Setting CVar [[fx.NiagaraAllowRuntimeScalabilityChanges:1]]
[2022.03.10-08.59.50:472][  0]LogConfig: Setting CVar [[r.VSync:0]]
[2022.03.10-08.59.50:472][  0]LogConfig: Setting CVar [[r.RHICmdBypass:0]]
[2022.03.10-08.59.50:472][  0]LogConfig: Applying CVar settings from Section [/Script/Engine.RendererSettings] File [C:/Users/cortiz42/Documents/Unreal Projects/CS498GD-MP2/Saved/Config/Windows/Engine.ini]
[2022.03.10-08.59.50:472][  0]LogConfig: Setting CVar [[r.GPUCrashDebugging:0]]
[2022.03.10-08.59.50:472][  0]LogConfig: Setting CVar [[r.MobileMSAA:4]]
[2022.03.10-08.59.50:472][  0]LogConfig: Setting CVar [[r.Mobile.AmbientOcclusion:1]]
[2022.03.10-08.59.50:472][  0]LogConfig: Setting CVar [[r.GenerateMeshDistanceFields:1]]
[2022.03.10-08.59.50:472][  0]LogConfig: Setting CVar [[r.SSGI.Enable:1]]
[2022.03.10-08.59.50:472][  0]LogConfig: Setting CVar [[r.SupportAtmosphericFog:0]]
[2022.03.10-08.59.50:472][  0]LogConfig: Setting CVar [[r.SupportSkyAtmosphereAffectsHeightFog:1]]
[2022.03.10-08.59.50:472][  0]LogConfig: Applying CVar settings from Section [/Script/Engine.RendererOverrideSettings] File [C:/Users/cortiz42/Documents/Unreal Projects/CS498GD-MP2/Saved/Config/Windows/Engine.ini]
[2022.03.10-08.59.50:472][  0]LogConfig: Applying CVar settings from Section [/Script/Engine.StreamingSettings] File [C:/Users/cortiz42/Documents/Unreal Projects/CS498GD-MP2/Saved/Config/Windows/Engine.ini]
[2022.03.10-08.59.50:472][  0]LogConfig: Setting CVar [[s.MinBulkDataSizeForAsyncLoading:131072]]
[2022.03.10-08.59.50:472][  0]LogConfig: Setting CVar [[s.AsyncLoadingThreadEnabled:0]]
[2022.03.10-08.59.50:472][  0]LogConfig: Setting CVar [[s.EventDrivenLoaderEnabled:1]]
[2022.03.10-08.59.50:472][  0]LogConfig: Setting CVar [[s.WarnIfTimeLimitExceeded:0]]
[2022.03.10-08.59.50:472][  0]LogConfig: Setting CVar [[s.TimeLimitExceededMultiplier:1.5]]
[2022.03.10-08.59.50:472][  0]LogConfig: Setting CVar [[s.TimeLimitExceededMinTime:0.005]]
[2022.03.10-08.59.50:472][  0]LogConfig: Setting CVar [[s.UseBackgroundLevelStreaming:1]]
[2022.03.10-08.59.50:472][  0]LogConfig: Setting CVar [[s.PriorityAsyncLoadingExtraTime:15.0]]
[2022.03.10-08.59.50:472][  0]LogConfig: Setting CVar [[s.LevelStreamingActorsUpdateTimeLimit:5.0]]
[2022.03.10-08.59.50:472][  0]LogConfig: Setting CVar [[s.PriorityLevelStreamingActorsUpdateExtraTime:5.0]]
[2022.03.10-08.59.50:472][  0]LogConfig: Setting CVar [[s.LevelStreamingComponentsRegistrationGranularity:10]]
[2022.03.10-08.59.50:472][  0]LogConfig: Setting CVar [[s.UnregisterComponentsTimeLimit:1.0]]
[2022.03.10-08.59.50:472][  0]LogConfig: Setting CVar [[s.LevelStreamingComponentsUnregistrationGranularity:5]]
[2022.03.10-08.59.50:472][  0]LogConfig: Setting CVar [[s.FlushStreamingOnExit:1]]
[2022.03.10-08.59.50:472][  0]LogConfig: Applying CVar settings from Section [/Script/Engine.GarbageCollectionSettings] File [C:/Users/cortiz42/Documents/Unreal Projects/CS498GD-MP2/Saved/Config/Windows/Engine.ini]
[2022.03.10-08.59.50:472][  0]LogConfig: Setting CVar [[gc.MaxObjectsNotConsideredByGC:1]]
[2022.03.10-08.59.50:472][  0]LogConfig: Setting CVar [[gc.SizeOfPermanentObjectPool:0]]
[2022.03.10-08.59.50:472][  0]LogConfig: Setting CVar [[gc.FlushStreamingOnGC:0]]
[2022.03.10-08.59.50:472][  0]LogConfig: Setting CVar [[gc.NumRetriesBeforeForcingGC:10]]
[2022.03.10-08.59.50:473][  0]LogConfig: Setting CVar [[gc.AllowParallelGC:1]]
[2022.03.10-08.59.50:473][  0]LogConfig: Setting CVar [[gc.TimeBetweenPurgingPendingKillObjects:61.1]]
[2022.03.10-08.59.50:473][  0]LogConfig: Setting CVar [[gc.MaxObjectsInEditor:25165824]]
[2022.03.10-08.59.50:473][  0]LogConfig: Setting CVar [[gc.IncrementalBeginDestroyEnabled:1]]
[2022.03.10-08.59.50:473][  0]LogConfig: Setting CVar [[gc.CreateGCClusters:1]]
[2022.03.10-08.59.50:473][  0]LogConfig: Setting CVar [[gc.MinGCClusterSize:5]]
[2022.03.10-08.59.50:473][  0]LogConfig: Setting CVar [[gc.ActorClusteringEnabled:0]]
[2022.03.10-08.59.50:473][  0]LogConfig: Setting CVar [[gc.BlueprintClusteringEnabled:0]]
[2022.03.10-08.59.50:473][  0]LogConfig: Setting CVar [[gc.UseDisregardForGCOnDedicatedServers:0]]
[2022.03.10-08.59.50:473][  0]LogConfig: Setting CVar [[gc.MultithreadedDestructionEnabled:1]]
[2022.03.10-08.59.50:473][  0]LogConfig: Applying CVar settings from Section [/Script/Engine.NetworkSettings] File [C:/Users/cortiz42/Documents/Unreal Projects/CS498GD-MP2/Saved/Config/Windows/Engine.ini]
[2022.03.10-08.59.50:473][  0]LogConfig: Applying CVar settings from Section [/Script/UnrealEd.CookerSettings] File [C:/Users/cortiz42/Documents/Unreal Projects/CS498GD-MP2/Saved/Config/Windows/Engine.ini]
[2022.03.10-08.59.50:476][  0]LogConfig: Applying CVar settings from Section [ViewDistanceQuality@3] File [C:/Users/cortiz42/Documents/Unreal Projects/CS498GD-MP2/Saved/Config/Windows/Scalability.ini]
[2022.03.10-08.59.50:476][  0]LogConfig: Setting CVar [[r.SkeletalMeshLODBias:0]]
[2022.03.10-08.59.50:476][  0]LogConfig: Setting CVar [[r.ViewDistanceScale:1.0]]
[2022.03.10-08.59.50:476][  0]LogConfig: Applying CVar settings from Section [AntiAliasingQuality@3] File [C:/Users/cortiz42/Documents/Unreal Projects/CS498GD-MP2/Saved/Config/Windows/Scalability.ini]
[2022.03.10-08.59.50:476][  0]LogConfig: Setting CVar [[r.PostProcessAAQuality:4]]
[2022.03.10-08.59.50:476][  0]LogConfig: Applying CVar settings from Section [ShadowQuality@3] File [C:/Users/cortiz42/Documents/Unreal Projects/CS498GD-MP2/Saved/Config/Windows/Scalability.ini]
[2022.03.10-08.59.50:476][  0]LogConfig: Setting CVar [[r.LightFunctionQuality:1]]
[2022.03.10-08.59.50:476][  0]LogConfig: Setting CVar [[r.ShadowQuality:5]]
[2022.03.10-08.59.50:476][  0]LogConfig: Setting CVar [[r.Shadow.CSM.MaxCascades:10]]
[2022.03.10-08.59.50:476][  0]LogConfig: Setting CVar [[r.Shadow.MaxResolution:2048]]
[2022.03.10-08.59.50:476][  0]LogConfig: Setting CVar [[r.Shadow.MaxCSMResolution:2048]]
[2022.03.10-08.59.50:476][  0]LogConfig: Setting CVar [[r.Shadow.RadiusThreshold:0.01]]
[2022.03.10-08.59.50:476][  0]LogConfig: Setting CVar [[r.Shadow.DistanceScale:1.0]]
[2022.03.10-08.59.50:476][  0]LogConfig: Setting CVar [[r.Shadow.CSM.TransitionScale:1.0]]
[2022.03.10-08.59.50:476][  0]LogConfig: Setting CVar [[r.Shadow.PreShadowResolutionFactor:1.0]]
[2022.03.10-08.59.50:476][  0]LogConfig: Setting CVar [[r.DistanceFieldShadowing:1]]
[2022.03.10-08.59.50:476][  0]LogConfig: Setting CVar [[r.DistanceFieldAO:1]]
[2022.03.10-08.59.50:476][  0]LogConfig: Setting CVar [[r.AOQuality:2]]
[2022.03.10-08.59.50:476][  0]LogConfig: Setting CVar [[r.VolumetricFog:1]]
[2022.03.10-08.59.50:477][  0]LogConfig: Setting CVar [[r.VolumetricFog.GridPixelSize:8]]
[2022.03.10-08.59.50:477][  0]LogConfig: Setting CVar [[r.VolumetricFog.GridSizeZ:128]]
[2022.03.10-08.59.50:477][  0]LogConfig: Setting CVar [[r.VolumetricFog.HistoryMissSupersampleCount:4]]
[2022.03.10-08.59.50:477][  0]LogConfig: Setting CVar [[r.LightMaxDrawDistanceScale:1]]
[2022.03.10-08.59.50:477][  0]LogConfig: Setting CVar [[r.CapsuleShadows:1]]
[2022.03.10-08.59.50:477][  0]LogConfig: Applying CVar settings from Section [PostProcessQuality@3] File [C:/Users/cortiz42/Documents/Unreal Projects/CS498GD-MP2/Saved/Config/Windows/Scalability.ini]
[2022.03.10-08.59.50:477][  0]LogConfig: Setting CVar [[r.MotionBlurQuality:4]]
[2022.03.10-08.59.50:477][  0]LogConfig: Setting CVar [[r.AmbientOcclusionMipLevelFactor:0.4]]
[2022.03.10-08.59.50:477][  0]LogConfig: Setting CVar [[r.AmbientOcclusionMaxQuality:100]]
[2022.03.10-08.59.50:477][  0]LogConfig: Setting CVar [[r.AmbientOcclusionLevels:-1]]
[2022.03.10-08.59.50:477][  0]LogConfig: Setting CVar [[r.AmbientOcclusionRadiusScale:1.0]]
[2022.03.10-08.59.50:477][  0]LogConfig: Setting CVar [[r.DepthOfFieldQuality:2]]
[2022.03.10-08.59.50:477][  0]LogConfig: Setting CVar [[r.RenderTargetPoolMin:400]]
[2022.03.10-08.59.50:477][  0]LogConfig: Setting CVar [[r.LensFlareQuality:2]]
[2022.03.10-08.59.50:477][  0]LogConfig: Setting CVar [[r.SceneColorFringeQuality:1]]
[2022.03.10-08.59.50:477][  0]LogConfig: Setting CVar [[r.EyeAdaptationQuality:2]]
[2022.03.10-08.59.50:477][  0]LogConfig: Setting CVar [[r.BloomQuality:5]]
[2022.03.10-08.59.50:477][  0]LogConfig: Setting CVar [[r.FastBlurThreshold:100]]
[2022.03.10-08.59.50:477][  0]LogConfig: Setting CVar [[r.Upscale.Quality:3]]
[2022.03.10-08.59.50:477][  0]LogConfig: Setting CVar [[r.Tonemapper.GrainQuantization:1]]
[2022.03.10-08.59.50:477][  0]LogConfig: Setting CVar [[r.LightShaftQuality:1]]
[2022.03.10-08.59.50:477][  0]LogConfig: Setting CVar [[r.Filter.SizeScale:1]]
[2022.03.10-08.59.50:477][  0]LogConfig: Setting CVar [[r.Tonemapper.Quality:5]]
[2022.03.10-08.59.50:477][  0]LogConfig: Setting CVar [[r.DOF.Gather.AccumulatorQuality:1        ; higher gathering accumulator quality]]
[2022.03.10-08.59.50:477][  0]LogConfig: Setting CVar [[r.DOF.Gather.PostfilterMethod:1          ; Median3x3 postfilering method]]
[2022.03.10-08.59.50:477][  0]LogConfig: Setting CVar [[r.DOF.Gather.EnableBokehSettings:0       ; no bokeh simulation when gathering]]
[2022.03.10-08.59.50:477][  0]LogConfig: Setting CVar [[r.DOF.Gather.RingCount:4                 ; medium number of samples when gathering]]
[2022.03.10-08.59.50:477][  0]LogConfig: Setting CVar [[r.DOF.Scatter.ForegroundCompositing:1    ; additive foreground scattering]]
[2022.03.10-08.59.50:477][  0]LogConfig: Setting CVar [[r.DOF.Scatter.BackgroundCompositing:2    ; additive background scattering]]
[2022.03.10-08.59.50:477][  0]LogConfig: Setting CVar [[r.DOF.Scatter.EnableBokehSettings:1      ; bokeh simulation when scattering]]
[2022.03.10-08.59.50:477][  0]LogConfig: Setting CVar [[r.DOF.Scatter.MaxSpriteRatio:0.1         ; only a maximum of 10% of scattered bokeh]]
[2022.03.10-08.59.50:477][  0]LogConfig: Setting CVar [[r.DOF.Recombine.Quality:1                ; cheap slight out of focus]]
[2022.03.10-08.59.50:477][  0]LogConfig: Setting CVar [[r.DOF.Recombine.EnableBokehSettings:0    ; no bokeh simulation on slight out of focus]]
[2022.03.10-08.59.50:477][  0]LogConfig: Setting CVar [[r.DOF.TemporalAAQuality:1                ; more stable temporal accumulation]]
[2022.03.10-08.59.50:477][  0]LogConfig: Setting CVar [[r.DOF.Kernel.MaxForegroundRadius:0.025]]
[2022.03.10-08.59.50:477][  0]LogConfig: Setting CVar [[r.DOF.Kernel.MaxBackgroundRadius:0.025]]
[2022.03.10-08.59.50:477][  0]LogConfig: Applying CVar settings from Section [TextureQuality@3] File [C:/Users/cortiz42/Documents/Unreal Projects/CS498GD-MP2/Saved/Config/Windows/Scalability.ini]
[2022.03.10-08.59.50:477][  0]LogConfig: Setting CVar [[r.Streaming.MipBias:0]]
[2022.03.10-08.59.50:477][  0]LogConfig: Setting CVar [[r.Streaming.AmortizeCPUToGPUCopy:0]]
[2022.03.10-08.59.50:477][  0]LogConfig: Setting CVar [[r.Streaming.MaxNumTexturesToStreamPerFrame:0]]
[2022.03.10-08.59.50:477][  0]LogConfig: Setting CVar [[r.Streaming.Boost:1]]
[2022.03.10-08.59.50:477][  0]LogConfig: Setting CVar [[r.MaxAnisotropy:8]]
[2022.03.10-08.59.50:477][  0]LogConfig: Setting CVar [[r.VT.MaxAnisotropy:8]]
[2022.03.10-08.59.50:477][  0]LogConfig: Setting CVar [[r.Streaming.LimitPoolSizeToVRAM:0]]
[2022.03.10-08.59.50:477][  0]LogConfig: Setting CVar [[r.Streaming.PoolSize:1000]]
[2022.03.10-08.59.50:477][  0]LogConfig: Setting CVar [[r.Streaming.MaxEffectiveScreenSize:0]]
[2022.03.10-08.59.50:477][  0]LogConfig: Applying CVar settings from Section [EffectsQuality@3] File [C:/Users/cortiz42/Documents/Unreal Projects/CS498GD-MP2/Saved/Config/Windows/Scalability.ini]
[2022.03.10-08.59.50:477][  0]LogConfig: Setting CVar [[r.TranslucencyLightingVolumeDim:64]]
[2022.03.10-08.59.50:477][  0]LogConfig: Setting CVar [[r.RefractionQuality:2]]
[2022.03.10-08.59.50:477][  0]LogConfig: Setting CVar [[r.SSR.Quality:3]]
[2022.03.10-08.59.50:477][  0]LogConfig: Setting CVar [[r.SSR.HalfResSceneColor:0]]
[2022.03.10-08.59.50:477][  0]LogConfig: Setting CVar [[r.SceneColorFormat:4]]
[2022.03.10-08.59.50:477][  0]LogConfig: Setting CVar [[r.DetailMode:2]]
[2022.03.10-08.59.50:477][  0]LogConfig: Setting CVar [[r.TranslucencyVolumeBlur:1]]
[2022.03.10-08.59.50:477][  0]LogConfig: Setting CVar [[r.MaterialQualityLevel:1 ; High quality]]
[2022.03.10-08.59.50:477][  0]LogConfig: Setting CVar [[r.AnisotropicMaterials:1]]
[2022.03.10-08.59.50:477][  0]LogConfig: Setting CVar [[r.SSS.Scale:1]]
[2022.03.10-08.59.50:477][  0]LogConfig: Setting CVar [[r.SSS.SampleSet:2]]
[2022.03.10-08.59.50:477][  0]LogConfig: Setting CVar [[r.SSS.Quality:1]]
[2022.03.10-08.59.50:477][  0]LogConfig: Setting CVar [[r.SSS.HalfRes:0]]
[2022.03.10-08.59.50:477][  0]LogConfig: Setting CVar [[r.SSGI.Quality:3]]
[2022.03.10-08.59.50:477][  0]LogConfig: Setting CVar [[r.EmitterSpawnRateScale:1.0]]
[2022.03.10-08.59.50:477][  0]LogConfig: Setting CVar [[r.ParticleLightQuality:2]]
[2022.03.10-08.59.50:477][  0]LogConfig: Setting CVar [[r.SkyAtmosphere.AerialPerspectiveLUT.FastApplyOnOpaque:1 ; Always have FastSkyLUT 1 in this case to avoid wrong sky]]
[2022.03.10-08.59.50:477][  0]LogConfig: Setting CVar [[r.SkyAtmosphere.AerialPerspectiveLUT.SampleCountMaxPerSlice:4]]
[2022.03.10-08.59.50:477][  0]LogConfig: Setting CVar [[r.SkyAtmosphere.AerialPerspectiveLUT.DepthResolution:16.0]]
[2022.03.10-08.59.50:477][  0]LogConfig: Setting CVar [[r.SkyAtmosphere.FastSkyLUT:1]]
[2022.03.10-08.59.50:477][  0]LogConfig: Setting CVar [[r.SkyAtmosphere.FastSkyLUT.SampleCountMin:4.0]]
[2022.03.10-08.59.50:477][  0]LogConfig: Setting CVar [[r.SkyAtmosphere.FastSkyLUT.SampleCountMax:128.0]]
[2022.03.10-08.59.50:477][  0]LogConfig: Setting CVar [[r.SkyAtmosphere.SampleCountMin:4.0]]
[2022.03.10-08.59.50:477][  0]LogConfig: Setting CVar [[r.SkyAtmosphere.SampleCountMax:128.0]]
[2022.03.10-08.59.50:477][  0]LogConfig: Setting CVar [[r.SkyAtmosphere.TransmittanceLUT.UseSmallFormat:0]]
[2022.03.10-08.59.50:477][  0]LogConfig: Setting CVar [[r.SkyAtmosphere.TransmittanceLUT.SampleCount:10.0]]
[2022.03.10-08.59.50:477][  0]LogConfig: Setting CVar [[r.SkyAtmosphere.MultiScatteringLUT.SampleCount:15.0]]
[2022.03.10-08.59.50:477][  0]LogConfig: Setting CVar [[r.SkyLight.RealTimeReflectionCapture:1]]
[2022.03.10-08.59.50:477][  0]LogConfig: Setting CVar [[fx.Niagara.QualityLevel:3]]
[2022.03.10-08.59.50:478][  0]LogConfig: Applying CVar settings from Section [FoliageQuality@3] File [C:/Users/cortiz42/Documents/Unreal Projects/CS498GD-MP2/Saved/Config/Windows/Scalability.ini]
[2022.03.10-08.59.50:478][  0]LogConfig: Setting CVar [[foliage.DensityScale:1.0]]
[2022.03.10-08.59.50:478][  0]LogConfig: Setting CVar [[grass.DensityScale:1.0]]
[2022.03.10-08.59.50:478][  0]LogConfig: Applying CVar settings from Section [ShadingQuality@3] File [C:/Users/cortiz42/Documents/Unreal Projects/CS498GD-MP2/Saved/Config/Windows/Scalability.ini]
[2022.03.10-08.59.50:478][  0]LogConfig: Setting CVar [[r.HairStrands.SkyLighting.IntegrationType:2]]
[2022.03.10-08.59.50:478][  0]LogConfig: Setting CVar [[r.HairStrands.SkyAO.SampleCount:4]]
[2022.03.10-08.59.50:478][  0]LogConfig: Setting CVar [[r.HairStrands.Visibility.MSAA.SamplePerPixel:4]]
[2022.03.10-08.59.50:478][  0]LogConfig: Setting CVar [[r.HairStrands.Interpolation.UseSingleGuide:0]]
[2022.03.10-08.59.50:478][  0]LogInit: Selected Device Profile: [Windows]
[2022.03.10-08.59.50:478][  0]LogInit: Applying CVar settings loaded from the selected device profile: [Windows]
[2022.03.10-08.59.50:478][  0]LogHAL: Display: Platform has ~ 16 GB [16885571584 / 17179869184 / 16], which maps to Larger [LargestMinGB=32, LargerMinGB=12, DefaultMinGB=8, SmallerMinGB=6, SmallestMinGB=0)
[2022.03.10-08.59.50:478][  0]LogInit: Going up to parent DeviceProfile []
[2022.03.10-08.59.50:478][  0]LogConfig: Applying CVar settings from Section [ViewDistanceQuality@3] File [C:/Users/cortiz42/Documents/Unreal Projects/CS498GD-MP2/Saved/Config/Windows/Scalability.ini]
[2022.03.10-08.59.50:478][  0]LogConfig: Setting CVar [[r.SkeletalMeshLODBias:0]]
[2022.03.10-08.59.50:478][  0]LogConfig: Setting CVar [[r.ViewDistanceScale:1.0]]
[2022.03.10-08.59.50:478][  0]LogConfig: Applying CVar settings from Section [AntiAliasingQuality@3] File [C:/Users/cortiz42/Documents/Unreal Projects/CS498GD-MP2/Saved/Config/Windows/Scalability.ini]
[2022.03.10-08.59.50:478][  0]LogConfig: Setting CVar [[r.PostProcessAAQuality:4]]
[2022.03.10-08.59.50:478][  0]LogConfig: Applying CVar settings from Section [ShadowQuality@3] File [C:/Users/cortiz42/Documents/Unreal Projects/CS498GD-MP2/Saved/Config/Windows/Scalability.ini]
[2022.03.10-08.59.50:478][  0]LogConfig: Setting CVar [[r.LightFunctionQuality:1]]
[2022.03.10-08.59.50:478][  0]LogConfig: Setting CVar [[r.ShadowQuality:5]]
[2022.03.10-08.59.50:478][  0]LogConfig: Setting CVar [[r.Shadow.CSM.MaxCascades:10]]
[2022.03.10-08.59.50:478][  0]LogConfig: Setting CVar [[r.Shadow.MaxResolution:2048]]
[2022.03.10-08.59.50:478][  0]LogConfig: Setting CVar [[r.Shadow.MaxCSMResolution:2048]]
[2022.03.10-08.59.50:478][  0]LogConfig: Setting CVar [[r.Shadow.RadiusThreshold:0.01]]
[2022.03.10-08.59.50:478][  0]LogConfig: Setting CVar [[r.Shadow.DistanceScale:1.0]]
[2022.03.10-08.59.50:478][  0]LogConfig: Setting CVar [[r.Shadow.CSM.TransitionScale:1.0]]
[2022.03.10-08.59.50:478][  0]LogConfig: Setting CVar [[r.Shadow.PreShadowResolutionFactor:1.0]]
[2022.03.10-08.59.50:478][  0]LogConfig: Setting CVar [[r.DistanceFieldShadowing:1]]
[2022.03.10-08.59.50:478][  0]LogConfig: Setting CVar [[r.DistanceFieldAO:1]]
[2022.03.10-08.59.50:478][  0]LogConfig: Setting CVar [[r.AOQuality:2]]
[2022.03.10-08.59.50:478][  0]LogConfig: Setting CVar [[r.VolumetricFog:1]]
[2022.03.10-08.59.50:478][  0]LogConfig: Setting CVar [[r.VolumetricFog.GridPixelSize:8]]
[2022.03.10-08.59.50:478][  0]LogConfig: Setting CVar [[r.VolumetricFog.GridSizeZ:128]]
[2022.03.10-08.59.50:478][  0]LogConfig: Setting CVar [[r.VolumetricFog.HistoryMissSupersampleCount:4]]
[2022.03.10-08.59.50:478][  0]LogConfig: Setting CVar [[r.LightMaxDrawDistanceScale:1]]
[2022.03.10-08.59.50:478][  0]LogConfig: Setting CVar [[r.CapsuleShadows:1]]
[2022.03.10-08.59.50:478][  0]LogConfig: Applying CVar settings from Section [PostProcessQuality@3] File [C:/Users/cortiz42/Documents/Unreal Projects/CS498GD-MP2/Saved/Config/Windows/Scalability.ini]
[2022.03.10-08.59.50:478][  0]LogConfig: Setting CVar [[r.MotionBlurQuality:4]]
[2022.03.10-08.59.50:478][  0]LogConfig: Setting CVar [[r.AmbientOcclusionMipLevelFactor:0.4]]
[2022.03.10-08.59.50:478][  0]LogConfig: Setting CVar [[r.AmbientOcclusionMaxQuality:100]]
[2022.03.10-08.59.50:478][  0]LogConfig: Setting CVar [[r.AmbientOcclusionLevels:-1]]
[2022.03.10-08.59.50:478][  0]LogConfig: Setting CVar [[r.AmbientOcclusionRadiusScale:1.0]]
[2022.03.10-08.59.50:478][  0]LogConfig: Setting CVar [[r.DepthOfFieldQuality:2]]
[2022.03.10-08.59.50:478][  0]LogConfig: Setting CVar [[r.RenderTargetPoolMin:400]]
[2022.03.10-08.59.50:478][  0]LogConfig: Setting CVar [[r.LensFlareQuality:2]]
[2022.03.10-08.59.50:478][  0]LogConfig: Setting CVar [[r.SceneColorFringeQuality:1]]
[2022.03.10-08.59.50:478][  0]LogConfig: Setting CVar [[r.EyeAdaptationQuality:2]]
[2022.03.10-08.59.50:478][  0]LogConfig: Setting CVar [[r.BloomQuality:5]]
[2022.03.10-08.59.50:478][  0]LogConfig: Setting CVar [[r.FastBlurThreshold:100]]
[2022.03.10-08.59.50:478][  0]LogConfig: Setting CVar [[r.Upscale.Quality:3]]
[2022.03.10-08.59.50:478][  0]LogConfig: Setting CVar [[r.Tonemapper.GrainQuantization:1]]
[2022.03.10-08.59.50:478][  0]LogConfig: Setting CVar [[r.LightShaftQuality:1]]
[2022.03.10-08.59.50:478][  0]LogConfig: Setting CVar [[r.Filter.SizeScale:1]]
[2022.03.10-08.59.50:478][  0]LogConfig: Setting CVar [[r.Tonemapper.Quality:5]]
[2022.03.10-08.59.50:478][  0]LogConfig: Setting CVar [[r.DOF.Gather.AccumulatorQuality:1        ; higher gathering accumulator quality]]
[2022.03.10-08.59.50:478][  0]LogConfig: Setting CVar [[r.DOF.Gather.PostfilterMethod:1          ; Median3x3 postfilering method]]
[2022.03.10-08.59.50:478][  0]LogConfig: Setting CVar [[r.DOF.Gather.EnableBokehSettings:0       ; no bokeh simulation when gathering]]
[2022.03.10-08.59.50:478][  0]LogConfig: Setting CVar [[r.DOF.Gather.RingCount:4                 ; medium number of samples when gathering]]
[2022.03.10-08.59.50:478][  0]LogConfig: Setting CVar [[r.DOF.Scatter.ForegroundCompositing:1    ; additive foreground scattering]]
[2022.03.10-08.59.50:478][  0]LogConfig: Setting CVar [[r.DOF.Scatter.BackgroundCompositing:2    ; additive background scattering]]
[2022.03.10-08.59.50:478][  0]LogConfig: Setting CVar [[r.DOF.Scatter.EnableBokehSettings:1      ; bokeh simulation when scattering]]
[2022.03.10-08.59.50:478][  0]LogConfig: Setting CVar [[r.DOF.Scatter.MaxSpriteRatio:0.1         ; only a maximum of 10% of scattered bokeh]]
[2022.03.10-08.59.50:478][  0]LogConfig: Setting CVar [[r.DOF.Recombine.Quality:1                ; cheap slight out of focus]]
[2022.03.10-08.59.50:478][  0]LogConfig: Setting CVar [[r.DOF.Recombine.EnableBokehSettings:0    ; no bokeh simulation on slight out of focus]]
[2022.03.10-08.59.50:478][  0]LogConfig: Setting CVar [[r.DOF.TemporalAAQuality:1                ; more stable temporal accumulation]]
[2022.03.10-08.59.50:478][  0]LogConfig: Setting CVar [[r.DOF.Kernel.MaxForegroundRadius:0.025]]
[2022.03.10-08.59.50:478][  0]LogConfig: Setting CVar [[r.DOF.Kernel.MaxBackgroundRadius:0.025]]
[2022.03.10-08.59.50:478][  0]LogConfig: Applying CVar settings from Section [TextureQuality@3] File [C:/Users/cortiz42/Documents/Unreal Projects/CS498GD-MP2/Saved/Config/Windows/Scalability.ini]
[2022.03.10-08.59.50:479][  0]LogConfig: Setting CVar [[r.Streaming.MipBias:0]]
[2022.03.10-08.59.50:479][  0]LogConfig: Setting CVar [[r.Streaming.AmortizeCPUToGPUCopy:0]]
[2022.03.10-08.59.50:479][  0]LogConfig: Setting CVar [[r.Streaming.MaxNumTexturesToStreamPerFrame:0]]
[2022.03.10-08.59.50:479][  0]LogConfig: Setting CVar [[r.Streaming.Boost:1]]
[2022.03.10-08.59.50:479][  0]LogConfig: Setting CVar [[r.MaxAnisotropy:8]]
[2022.03.10-08.59.50:479][  0]LogConfig: Setting CVar [[r.VT.MaxAnisotropy:8]]
[2022.03.10-08.59.50:479][  0]LogConfig: Setting CVar [[r.Streaming.LimitPoolSizeToVRAM:0]]
[2022.03.10-08.59.50:479][  0]LogConfig: Setting CVar [[r.Streaming.PoolSize:1000]]
[2022.03.10-08.59.50:479][  0]LogConfig: Setting CVar [[r.Streaming.MaxEffectiveScreenSize:0]]
[2022.03.10-08.59.50:479][  0]LogConfig: Applying CVar settings from Section [EffectsQuality@3] File [C:/Users/cortiz42/Documents/Unreal Projects/CS498GD-MP2/Saved/Config/Windows/Scalability.ini]
[2022.03.10-08.59.50:479][  0]LogConfig: Setting CVar [[r.TranslucencyLightingVolumeDim:64]]
[2022.03.10-08.59.50:479][  0]LogConfig: Setting CVar [[r.RefractionQuality:2]]
[2022.03.10-08.59.50:479][  0]LogConfig: Setting CVar [[r.SSR.Quality:3]]
[2022.03.10-08.59.50:479][  0]LogConfig: Setting CVar [[r.SSR.HalfResSceneColor:0]]
[2022.03.10-08.59.50:479][  0]LogConfig: Setting CVar [[r.SceneColorFormat:4]]
[2022.03.10-08.59.50:479][  0]LogConfig: Setting CVar [[r.DetailMode:2]]
[2022.03.10-08.59.50:479][  0]LogConfig: Setting CVar [[r.TranslucencyVolumeBlur:1]]
[2022.03.10-08.59.50:479][  0]LogConfig: Setting CVar [[r.MaterialQualityLevel:1 ; High quality]]
[2022.03.10-08.59.50:479][  0]LogConfig: Setting CVar [[r.AnisotropicMaterials:1]]
[2022.03.10-08.59.50:479][  0]LogConfig: Setting CVar [[r.SSS.Scale:1]]
[2022.03.10-08.59.50:479][  0]LogConfig: Setting CVar [[r.SSS.SampleSet:2]]
[2022.03.10-08.59.50:479][  0]LogConfig: Setting CVar [[r.SSS.Quality:1]]
[2022.03.10-08.59.50:479][  0]LogConfig: Setting CVar [[r.SSS.HalfRes:0]]
[2022.03.10-08.59.50:479][  0]LogConfig: Setting CVar [[r.SSGI.Quality:3]]
[2022.03.10-08.59.50:479][  0]LogConfig: Setting CVar [[r.EmitterSpawnRateScale:1.0]]
[2022.03.10-08.59.50:479][  0]LogConfig: Setting CVar [[r.ParticleLightQuality:2]]
[2022.03.10-08.59.50:479][  0]LogConfig: Setting CVar [[r.SkyAtmosphere.AerialPerspectiveLUT.FastApplyOnOpaque:1 ; Always have FastSkyLUT 1 in this case to avoid wrong sky]]
[2022.03.10-08.59.50:479][  0]LogConfig: Setting CVar [[r.SkyAtmosphere.AerialPerspectiveLUT.SampleCountMaxPerSlice:4]]
[2022.03.10-08.59.50:479][  0]LogConfig: Setting CVar [[r.SkyAtmosphere.AerialPerspectiveLUT.DepthResolution:16.0]]
[2022.03.10-08.59.50:479][  0]LogConfig: Setting CVar [[r.SkyAtmosphere.FastSkyLUT:1]]
[2022.03.10-08.59.50:479][  0]LogConfig: Setting CVar [[r.SkyAtmosphere.FastSkyLUT.SampleCountMin:4.0]]
[2022.03.10-08.59.50:479][  0]LogConfig: Setting CVar [[r.SkyAtmosphere.FastSkyLUT.SampleCountMax:128.0]]
[2022.03.10-08.59.50:479][  0]LogConfig: Setting CVar [[r.SkyAtmosphere.SampleCountMin:4.0]]
[2022.03.10-08.59.50:479][  0]LogConfig: Setting CVar [[r.SkyAtmosphere.SampleCountMax:128.0]]
[2022.03.10-08.59.50:479][  0]LogConfig: Setting CVar [[r.SkyAtmosphere.TransmittanceLUT.UseSmallFormat:0]]
[2022.03.10-08.59.50:479][  0]LogConfig: Setting CVar [[r.SkyAtmosphere.TransmittanceLUT.SampleCount:10.0]]
[2022.03.10-08.59.50:479][  0]LogConfig: Setting CVar [[r.SkyAtmosphere.MultiScatteringLUT.SampleCount:15.0]]
[2022.03.10-08.59.50:479][  0]LogConfig: Setting CVar [[r.SkyLight.RealTimeReflectionCapture:1]]
[2022.03.10-08.59.50:479][  0]LogConfig: Setting CVar [[fx.Niagara.QualityLevel:3]]
[2022.03.10-08.59.50:479][  0]LogConfig: Applying CVar settings from Section [FoliageQuality@3] File [C:/Users/cortiz42/Documents/Unreal Projects/CS498GD-MP2/Saved/Config/Windows/Scalability.ini]
[2022.03.10-08.59.50:479][  0]LogConfig: Setting CVar [[foliage.DensityScale:1.0]]
[2022.03.10-08.59.50:479][  0]LogConfig: Setting CVar [[grass.DensityScale:1.0]]
[2022.03.10-08.59.50:479][  0]LogConfig: Applying CVar settings from Section [ShadingQuality@3] File [C:/Users/cortiz42/Documents/Unreal Projects/CS498GD-MP2/Saved/Config/Windows/Scalability.ini]
[2022.03.10-08.59.50:479][  0]LogConfig: Setting CVar [[r.HairStrands.SkyLighting.IntegrationType:2]]
[2022.03.10-08.59.50:479][  0]LogConfig: Setting CVar [[r.HairStrands.SkyAO.SampleCount:4]]
[2022.03.10-08.59.50:479][  0]LogConfig: Setting CVar [[r.HairStrands.Visibility.MSAA.SamplePerPixel:4]]
[2022.03.10-08.59.50:479][  0]LogConfig: Setting CVar [[r.HairStrands.Interpolation.UseSingleGuide:0]]
[2022.03.10-08.59.50:479][  0]LogConfig: Applying CVar settings from Section [Startup] File [../../../Engine/Config/ConsoleVariables.ini]
[2022.03.10-08.59.50:479][  0]LogConfig: Setting CVar [[net.UseAdaptiveNetUpdateFrequency:0]]
[2022.03.10-08.59.50:479][  0]LogConfig: Setting CVar [[p.chaos.AllowCreatePhysxBodies:1]]
[2022.03.10-08.59.50:479][  0]LogConfig: Setting CVar [[fx.SkipVectorVMBackendOptimizations:1]]
[2022.03.10-08.59.50:479][  0]LogConfig: Applying CVar settings from Section [ConsoleVariables] File [C:/Users/cortiz42/Documents/Unreal Projects/CS498GD-MP2/Saved/Config/Windows/Engine.ini]
[2022.03.10-08.59.50:480][  0]LogConfig: Applying CVar settings from Section [ConsoleVariables] File [C:/Users/cortiz42/Documents/Unreal Projects/CS498GD-MP2/Saved/Config/Windows/Editor.ini]
[2022.03.10-08.59.50:480][  0]LogInit: Computer: SIEBL-4107-15
[2022.03.10-08.59.50:480][  0]LogInit: User: cortiz42
[2022.03.10-08.59.50:480][  0]LogInit: CPU Page size=4096, Cores=4
[2022.03.10-08.59.50:480][  0]LogInit: High frequency timer resolution =10.000000 MHz
[2022.03.10-08.59.50:480][  0]LogMemory: Memory total: Physical=15.7GB (16GB approx)
[2022.03.10-08.59.50:480][  0]LogMemory: Platform Memory Stats for Windows
[2022.03.10-08.59.50:480][  0]LogMemory: Process Physical Memory: 147.62 MB used, 147.63 MB peak
[2022.03.10-08.59.50:480][  0]LogMemory: Process Virtual Memory: 128.43 MB used, 128.43 MB peak
[2022.03.10-08.59.50:480][  0]LogMemory: Physical Memory: 8791.10 MB used,  7312.24 MB free, 16103.34 MB total
[2022.03.10-08.59.50:480][  0]LogMemory: Virtual Memory: 134214168.00 MB used,  3558.21 MB free, 134217728.00 MB total
[2022.03.10-08.59.50:487][  0]LogWindows: WindowsPlatformFeatures enabled
[2022.03.10-08.59.50:526][  0]LogInit: Physics initialised using underlying interface: PhysX
[2022.03.10-08.59.50:527][  0]LogInit: Using OS detected language (en-US).
[2022.03.10-08.59.50:527][  0]LogInit: Using OS detected locale (en-US).
[2022.03.10-08.59.50:530][  0]LogTextLocalizationManager: No specific localization for 'en-US' exists, so the 'en' localization will be used.
[2022.03.10-08.59.50:765][  0]LogInit: Setting process to per monitor DPI aware
[2022.03.10-08.59.50:787][  0]LogWindowsTextInputMethodSystem: Display: IME system deactivated.
[2022.03.10-08.59.50:807][  0]LogSlate: New Slate User Created.  User Index 0, Is Virtual User: 0
[2022.03.10-08.59.50:807][  0]LogSlate: Slate User Registered.  User Index 0, Is Virtual User: 0
[2022.03.10-08.59.51:011][  0]LogD3D11RHI: Loaded GFSDK_Aftermath_Lib.x64.dll
[2022.03.10-08.59.51:016][  0]LogHMD: Failed to enumerate extensions. Please check that you have a valid OpenXR runtime installed.
[2022.03.10-08.59.51:016][  0]LogD3D11RHI: D3D11 min allowed feature level: 11_0
[2022.03.10-08.59.51:016][  0]LogD3D11RHI: D3D11 max allowed feature level: 11_0
[2022.03.10-08.59.51:016][  0]LogD3D11RHI: D3D11 adapters:
[2022.03.10-08.59.51:115][  0]LogD3D11RHI:    0. 'NVIDIA GeForce RTX 2080 Ti' (Feature Level 11_0)
[2022.03.10-08.59.51:115][  0]LogD3D11RHI:       11049/0/8051 MB DedicatedVideo/DedicatedSystem/SharedSystem, Outputs:1, VendorId:0x10de
[2022.03.10-08.59.51:119][  0]LogD3D11RHI:    1. 'Microsoft Basic Render Driver' (Feature Level 11_0)
[2022.03.10-08.59.51:119][  0]LogD3D11RHI:       0/0/8051 MB DedicatedVideo/DedicatedSystem/SharedSystem, Outputs:0, VendorId:0x1414
[2022.03.10-08.59.51:192][  0]LogD3D11RHI:    2. 'NVIDIA GeForce RTX 2080 Ti' (Feature Level 11_0)
[2022.03.10-08.59.51:192][  0]LogD3D11RHI:       11049/0/8051 MB DedicatedVideo/DedicatedSystem/SharedSystem, Outputs:0, VendorId:0x10de
[2022.03.10-08.59.51:192][  0]LogD3D11RHI: Chosen D3D11 Adapter:
[2022.03.10-08.59.51:192][  0]LogD3D11RHI:     Description : NVIDIA GeForce RTX 2080 Ti
[2022.03.10-08.59.51:192][  0]LogD3D11RHI:     VendorId    : 10de
[2022.03.10-08.59.51:192][  0]LogD3D11RHI:     DeviceId    : 1e04
[2022.03.10-08.59.51:192][  0]LogD3D11RHI:     SubSysId    : 8550103c
[2022.03.10-08.59.51:192][  0]LogD3D11RHI:     Revision    : 00a1
[2022.03.10-08.59.51:192][  0]LogD3D11RHI:     DedicatedVideoMemory : 11585716224 bytes
[2022.03.10-08.59.51:192][  0]LogD3D11RHI:     DedicatedSystemMemory : 0 bytes
[2022.03.10-08.59.51:192][  0]LogD3D11RHI:     SharedSystemMemory : 8442785792 bytes
[2022.03.10-08.59.51:192][  0]LogD3D11RHI:     AdapterLuid : 0 149899
[2022.03.10-08.59.51:198][  0]LogD3D11RHI: Creating new Direct3DDevice
[2022.03.10-08.59.51:198][  0]LogD3D11RHI:     GPU DeviceId: 0x1e04 (for the marketing name, search the web for "GPU Device Id")
[2022.03.10-08.59.51:198][  0]LogWindows: EnumDisplayDevices:
[2022.03.10-08.59.51:198][  0]LogWindows:    0. 'Microsoft Remote Display Adapter' (P:1 D:1)
[2022.03.10-08.59.51:198][  0]LogWindows:    1. 'Microsoft Remote Display Adapter' (P:0 D:0)
[2022.03.10-08.59.51:198][  0]LogWindows:    2. 'Microsoft Remote Display Adapter' (P:0 D:0)
[2022.03.10-08.59.51:198][  0]LogWindows:    3. 'Microsoft Remote Display Adapter' (P:0 D:0)
[2022.03.10-08.59.51:198][  0]LogWindows:    4. 'Microsoft Remote Display Adapter' (P:0 D:0)
[2022.03.10-08.59.51:198][  0]LogWindows:    5. 'Microsoft Remote Display Adapter' (P:0 D:0)
[2022.03.10-08.59.51:199][  0]LogWindows:    6. 'Microsoft Remote Display Adapter' (P:0 D:0)
[2022.03.10-08.59.51:199][  0]LogWindows:    7. 'Microsoft Remote Display Adapter' (P:0 D:0)
[2022.03.10-08.59.51:199][  0]LogWindows:    8. 'Microsoft Remote Display Adapter' (P:0 D:0)
[2022.03.10-08.59.51:199][  0]LogWindows:    9. 'Microsoft Remote Display Adapter' (P:0 D:0)
[2022.03.10-08.59.51:199][  0]LogWindows:    10. 'Microsoft Remote Display Adapter' (P:0 D:0)
[2022.03.10-08.59.51:199][  0]LogWindows:    11. 'Microsoft Remote Display Adapter' (P:0 D:0)
[2022.03.10-08.59.51:199][  0]LogWindows:    12. 'Microsoft Remote Display Adapter' (P:0 D:0)
[2022.03.10-08.59.51:199][  0]LogWindows:    13. 'Microsoft Remote Display Adapter' (P:0 D:0)
[2022.03.10-08.59.51:199][  0]LogWindows:    14. 'Microsoft Remote Display Adapter' (P:0 D:0)
[2022.03.10-08.59.51:199][  0]LogWindows:    15. 'Microsoft Remote Display Adapter' (P:0 D:0)
[2022.03.10-08.59.51:199][  0]LogWindows: DebugString: PrimaryDriverLocationFailed PrimaryDriverLocationFailed PrimaryDriverLocationFailed PrimaryDriverLocationFailed PrimaryDriverLocationFailed PrimaryDriverLocationFailed PrimaryDriverLocationFailed PrimaryDriverLocationFailed PrimaryDriverLocationFailed PrimaryDriverLocationFailed PrimaryDriverLocationFailed PrimaryDriverLocationFailed PrimaryDriverLocationFailed PrimaryDriverLocationFailed PrimaryDriverLocationFailed PrimaryDriverLocationFailed FoundDriverCount:0 
[2022.03.10-08.59.51:199][  0]LogD3D11RHI:     Adapter Name: NVIDIA GeForce RTX 2080 Ti
[2022.03.10-08.59.51:199][  0]LogD3D11RHI:   Driver Version: Unknown (internal:Unknown, unified:Unknown)
[2022.03.10-08.59.51:199][  0]LogD3D11RHI:      Driver Date: Unknown
[2022.03.10-08.59.51:199][  0]LogRHI: Texture pool is 7734 MB (70% of 11049 MB)
[2022.03.10-08.59.51:199][  0]LogD3D11RHI: Creating D3DDevice using adapter:
[2022.03.10-08.59.51:199][  0]LogD3D11RHI:     Description : NVIDIA GeForce RTX 2080 Ti
[2022.03.10-08.59.51:199][  0]LogD3D11RHI:     VendorId    : 10de
[2022.03.10-08.59.51:199][  0]LogD3D11RHI:     DeviceId    : 1e04
[2022.03.10-08.59.51:199][  0]LogD3D11RHI:     SubSysId    : 8550103c
[2022.03.10-08.59.51:199][  0]LogD3D11RHI:     Revision    : 00a1
[2022.03.10-08.59.51:199][  0]LogD3D11RHI:     DedicatedVideoMemory : 11585716224 bytes
[2022.03.10-08.59.51:199][  0]LogD3D11RHI:     DedicatedSystemMemory : 0 bytes
[2022.03.10-08.59.51:199][  0]LogD3D11RHI:     SharedSystemMemory : 8442785792 bytes
[2022.03.10-08.59.51:199][  0]LogD3D11RHI:     AdapterLuid : 0 149899
[2022.03.10-08.59.51:275][  0]LogD3D11RHI: RHI has support for 64 bit atomics
[2022.03.10-08.59.51:275][  0]LogD3D11RHI: Async texture creation enabled
[2022.03.10-08.59.51:275][  0]LogD3D11RHI: Array index from any shader is supported
[2022.03.10-08.59.51:296][  0]LogD3D11RHI: GPU Timing Frequency: 1000.000000 (Debug: 2 2)
[2022.03.10-08.59.51:336][  0]LogRHI: GeForceNow SDK initialized: 1
[2022.03.10-08.59.51:790][  0]LogTargetPlatformManager: Display: Loaded TargetPlatform 'AllDesktop'
[2022.03.10-08.59.51:818][  0]LogTargetPlatformManager: Display: Loaded TargetPlatform 'Android'
[2022.03.10-08.59.51:818][  0]LogTargetPlatformManager: Display: Loaded TargetPlatform 'Android_ASTC'
[2022.03.10-08.59.51:818][  0]LogTargetPlatformManager: Display: Loaded TargetPlatform 'Android_DXT'
[2022.03.10-08.59.51:818][  0]LogTargetPlatformManager: Display: Loaded TargetPlatform 'Android_ETC2'
[2022.03.10-08.59.51:818][  0]LogTargetPlatformManager: Display: Loaded TargetPlatform 'AndroidClient'
[2022.03.10-08.59.51:818][  0]LogTargetPlatformManager: Display: Loaded TargetPlatform 'Android_ASTCClient'
[2022.03.10-08.59.51:818][  0]LogTargetPlatformManager: Display: Loaded TargetPlatform 'Android_DXTClient'
[2022.03.10-08.59.51:818][  0]LogTargetPlatformManager: Display: Loaded TargetPlatform 'Android_ETC2Client'
[2022.03.10-08.59.51:818][  0]LogTargetPlatformManager: Display: Loaded TargetPlatform 'Android_Multi'
[2022.03.10-08.59.51:818][  0]LogTargetPlatformManager: Display: Loaded TargetPlatform 'Android_MultiClient'
[2022.03.10-08.59.51:839][  0]LogTargetPlatformManager: Display: Loaded TargetPlatform 'IOSClient'
[2022.03.10-08.59.51:839][  0]LogTargetPlatformManager: Display: Loaded TargetPlatform 'IOS'
[2022.03.10-08.59.51:852][  0]LogTargetPlatformManager: Display: Loaded TargetPlatform 'Linux'
[2022.03.10-08.59.51:858][  0]LogTargetPlatformManager: Display: Loaded TargetPlatform 'LinuxNoEditor'
[2022.03.10-08.59.51:863][  0]LogTargetPlatformManager: Display: Loaded TargetPlatform 'LinuxClient'
[2022.03.10-08.59.51:869][  0]LogTargetPlatformManager: Display: Loaded TargetPlatform 'LinuxServer'
[2022.03.10-08.59.51:880][  0]LogTargetPlatformManager: Display: Loaded TargetPlatform 'LinuxAArch64NoEditor'
[2022.03.10-08.59.51:886][  0]LogTargetPlatformManager: Display: Loaded TargetPlatform 'LinuxAArch64Client'
[2022.03.10-08.59.51:891][  0]LogTargetPlatformManager: Display: Loaded TargetPlatform 'LinuxAArch64Server'
[2022.03.10-08.59.51:919][  0]LogTargetPlatformManager: Display: Loaded TargetPlatform 'Lumin'
[2022.03.10-08.59.51:919][  0]LogTargetPlatformManager: Display: Loaded TargetPlatform 'LuminClient'
[2022.03.10-08.59.51:929][  0]LogTargetPlatformManager: Display: Loaded TargetPlatform 'MacNoEditor'
[2022.03.10-08.59.51:934][  0]LogTargetPlatformManager: Display: Loaded TargetPlatform 'Mac'
[2022.03.10-08.59.51:940][  0]LogTargetPlatformManager: Display: Loaded TargetPlatform 'MacClient'
[2022.03.10-08.59.51:946][  0]LogTargetPlatformManager: Display: Loaded TargetPlatform 'MacServer'
[2022.03.10-08.59.51:961][  0]LogTargetPlatformManager: Display: Loaded TargetPlatform 'TVOSClient'
[2022.03.10-08.59.51:961][  0]LogTargetPlatformManager: Display: Loaded TargetPlatform 'TVOS'
[2022.03.10-08.59.51:972][  0]LogTargetPlatformManager: Display: Loaded TargetPlatform 'WindowsNoEditor'
[2022.03.10-08.59.51:978][  0]LogTargetPlatformManager: Display: Loaded TargetPlatform 'Windows'
[2022.03.10-08.59.51:983][  0]LogTargetPlatformManager: Display: Loaded TargetPlatform 'WindowsClient'
[2022.03.10-08.59.51:989][  0]LogTargetPlatformManager: Display: Loaded TargetPlatform 'WindowsServer'
[2022.03.10-08.59.51:989][  0]LogTargetPlatformManager: Display: Building Assets For Windows
[2022.03.10-08.59.51:999][  0]LogAudioDebug: Display: Lib vorbis DLL was dynamically loaded.
[2022.03.10-08.59.52:042][  0]LogTextureFormatOodle: Display: Oodle Texture 2.9.0 init RDO Off
[2022.03.10-08.59.52:080][  0]LogRendererCore: Ray tracing is disabled. Reason: r.RayTracing=0.
[2022.03.10-08.59.52:080][  0]LogShaderCompilers: Guid format shader working directory is -22 characters bigger than the processId version (../../../../../../Users/cortiz42/Documents/Unreal Projects/CS498GD-MP2/Intermediate/Shaders/WorkingDirectory/12980/).
[2022.03.10-08.59.52:080][  0]LogShaderCompilers: Cleaned the shader compiler working directory 'C:/Users/cortiz42/AppData/Local/Temp/UnrealShaderWorkingDir/B27D74D34CD532FE3C5226A2D6EFECB2/'.
[2022.03.10-08.59.52:080][  0]LogXGEController: Cannot use XGE Controller as Incredibuild is not installed on this machine.
[2022.03.10-08.59.52:081][  0]LogShaderCompilers: Cannot use XGE Shader Compiler as Incredibuild is not installed on this machine.
[2022.03.10-08.59.52:081][  0]LogShaderCompilers: Display: Using Local Shader Compiler.
[2022.03.10-08.59.53:110][  0]LogDerivedDataCache: Display: Max Cache Size: 512 MB
[2022.03.10-08.59.53:204][  0]LogDerivedDataCache: Loaded boot cache 0.09s 98MB C:/Users/cortiz42/AppData/Local/UnrealEngine/4.27/DerivedDataCache/Boot.ddc.
[2022.03.10-08.59.53:204][  0]LogDerivedDataCache: Display: Loaded Boot cache: C:/Users/cortiz42/AppData/Local/UnrealEngine/4.27/DerivedDataCache/Boot.ddc
[2022.03.10-08.59.53:204][  0]LogDerivedDataCache: FDerivedDataBackendGraph:  Pak pak cache file ../../../../../../Users/cortiz42/Documents/Unreal Projects/CS498GD-MP2/DerivedDataCache/DDC.ddp not found, will not use a pak cache.
[2022.03.10-08.59.53:204][  0]LogDerivedDataCache: Unable to find inner node Pak for hierarchical cache Hierarchy.
[2022.03.10-08.59.53:204][  0]LogDerivedDataCache: FDerivedDataBackendGraph:  CompressedPak pak cache file ../../../../../../Users/cortiz42/Documents/Unreal Projects/CS498GD-MP2/DerivedDataCache/Compressed.ddp not found, will not use a pak cache.
[2022.03.10-08.59.53:205][  0]LogDerivedDataCache: Unable to find inner node CompressedPak for hierarchical cache Hierarchy.
[2022.03.10-08.59.53:223][  0]LogDerivedDataCache: Display: Pak cache opened for reading ../../../Engine/DerivedDataCache/Compressed.ddp.
[2022.03.10-08.59.53:223][  0]LogDerivedDataCache: FDerivedDataBackendGraph:  EnterprisePak pak cache file ../../../Enterprise/DerivedDataCache/Compressed.ddp not found, will not use a pak cache.
[2022.03.10-08.59.53:223][  0]LogDerivedDataCache: Unable to find inner node EnterprisePak for hierarchical cache Hierarchy.
[2022.03.10-08.59.53:235][  0]LogDerivedDataCache: Speed tests for C:/Users/cortiz42/AppData/Local/UnrealEngine/Common/DerivedDataCache took 0.01 seconds
[2022.03.10-08.59.53:235][  0]LogDerivedDataCache: Display: Performance to C:/Users/cortiz42/AppData/Local/UnrealEngine/Common/DerivedDataCache: Latency=0.06ms. RandomReadSpeed=603.50MBs, RandomWriteSpeed=96.59MBs. Assigned SpeedClass 'Local'
[2022.03.10-08.59.53:236][  0]LogDerivedDataCache: Using Local data cache path C:/Users/cortiz42/AppData/Local/UnrealEngine/Common/DerivedDataCache: Writable
[2022.03.10-08.59.53:236][  0]LogDerivedDataCache: Shared data cache path not found in *engine.ini, will not use an Shared cache.
[2022.03.10-08.59.53:236][  0]LogDerivedDataCache: Unable to find inner node Shared for hierarchical cache Hierarchy.
[2022.03.10-08.59.53:306][  0]LogSlate: Using FreeType 2.10.0
[2022.03.10-08.59.53:306][  0]LogSlate: SlateFontServices - WITH_FREETYPE: 1, WITH_HARFBUZZ: 1
[2022.03.10-08.59.53:307][  0]LogHMD: Failed to enumerate extensions. Please check that you have a valid OpenXR runtime installed.
[2022.03.10-08.59.53:346][  0]LogAssetRegistry: FAssetRegistry took 0.0048 seconds to start up
[2022.03.10-08.59.53:706][  0]LogInit: Selected Device Profile: [Windows]
[2022.03.10-08.59.53:706][  0]LogInit: Active device profile: [000001EF5CDE0F00][000001EF585B7140 49] Windows
[2022.03.10-08.59.53:706][  0]LogInit: Profiles: [000001EF5CDE0F00][000001EF585B7140 49] Windows, [000001EF5CDB6200][000001EF585BF2C0 49] WindowsNoEditor, [000001EF5CDE1F00][000001EF585C3440 49] WindowsServer, [000001EF5CDB5400][000001EF559D55C0 49] WindowsClient, [000001EF5CDE1000][000001EF559D9740 49] IOS, [000001EF5CDB7B00][000001EF559DD8C0 49] iPadAir, [000001EF5CDE3300][000001EF559E1A40 49] iPadAir2, [000001EF5CCE9300][000001EF55EF4180 49] IPadPro, [000001EF5CCE9400][000001EF559F01C0 49] iPadAir3, [000001EF5CDB4B00][000001EF55A1C340 49] iPadAir4, [000001EF5CCEA100][000001EF55A244C0 49] iPadMini2, [000001EF5CDB7200][000001EF585BA600 49] iPadMini3, [000001EF5CCEAC00][000001EF5AC5C740 49] iPadMini4, [000001EF5CDB6500][000001EF5AC6C880 49] iPadMini5, [000001EF5CD2CE00][000001EF59CD2B00 49] iPhone6, [000001EF5CD2CF00][000001EF59CC2B40 49] iPodTouch6, [000001EF5CDE2800][000001EF5A60CE00 49] iPhone7, [000001EF5CDE2900][000001EF5A5E8E40 49] iPodTouch7, [000001EF5CCE8C00][000001EF59CFEFC0 49] iPhone5S, [000001EF5CDE1300][000001EF59D03140 49] iPhone6Plus, [000001EF5CCEAA00][000001EF59D072C0 49] iPhone6S, [000001EF5CDE2D00][000001EF59D0F440 49] iPhone6SPlus, [000001EF5CD2C100][000001EF59D1F5C0 49] iPhone7Plus, [000001EF5CCE9D00][000001EF59D3B740 49] iPhoneSE, [000001EF5CD2CC00][000001EF59D438C0 49] iPhone8, [000001EF5CCE8400][000001EF59D47A40 49] iPhone8Plus, [000001EF5CD2EA00][000001EF59D4BBC0 49] iPhoneX, [000001EF5CCEBC00][000001EF59D4E1C0 49] iPhoneXS, [000001EF5CD2E900][000001EF5A44E340 49] iPhoneXSMax, [000001EF5CCE8B00][000001EF5A01C4C0 49] iPhoneXR, [000001EF5CDE3800][000001EF59D56640 49] iPhone11, [000001EF5CCEBD00][000001EF5A02A7C0 49] iPhone11Pro, [000001EF5CDE1C00][000001EF59CCE900 49] iPhone11ProMax, [000001EF5CCE9100][000001EF5A02EA40 49] iPhoneSE2, [000001EF5CDE1200][000001EF58580B80 49] iPhone12Mini, [000001EF5CCEB100][000001EF58588D00 49] iPhone12, [000001EF5CDE0900][000001EF55ECEE80 49] iPhone12Pro, [000001EF5CCE8D00][000001EF5AC4B000 49] iPhone12ProMax, [000001EF5CDE3C00][000001EF55ED3180 49] iPadPro105, [000001EF5CCEB700][000001EF55EE7300 49] iPadPro129, [000001EF5CDE3000][000001EF5840D480 49] iPadPro97, [000001EF5CCE8F00][000001EF58411600 49] iPadPro2_129, [000001EF5CDE0C00][000001EF58415780 49] iPad5, [000001EF5CCEBB00][000001EF5A5C3900 49] iPad6, [000001EF5CDE0400][000001EF5A5D7A80 49] iPad7, [000001EF5CCEBE00][000001EF5A09BC00 49] iPad8, [000001EF5CDE1B00][000001EF5A09E200 49] iPadPro11, [000001EF5CCEA400][000001EF5A0A2380 49] iPadPro2_11, [000001EF5CDE0800][000001EF5A1C4500 49] iPadPro3_129, [000001EF5CCEA800][000001EF5A1F4680 49] iPadPro4_129, [000001EF5CDE2F00][000001EF5A240800 49] AppleTV, [000001EF5CCE9200][000001EF5A66A980 49] AppleTV4K, [000001EF5CDE1700][000001EF58584AC0 49] TVOS, [000001EF5CCEB600][000001EF5A682C00 49] Mac, [000001EF5CDE3A00][000001EF5A686D40 49] MacClient, [000001EF5CCEA500][000001EF5A6B4EC0 49] MacNoEditor, [000001EF5CDE0500][000001EF5A71B040 49] MacServer, [000001EF5CCEA000][000001EF5A7CD1C0 49] Linux, [000001EF5CDE3B00][000001EF5A7EB340 49] LinuxAArch64, [000001EF5CCE8300][000001EF5851D4C0 49] LinuxNoEditor, [000001EF5CDE3700][000001EF58531640 49] LinuxAArch64NoEditor, [000001EF5CCEA600][000001EF585357C0 49] LinuxClient, [000001EF5CDE2600][000001EF58539940 49] LinuxAArch64Client, [000001EF5CCE9A00][000001EF5853DAC0 49] LinuxServer, [000001EF5CDE0200][000001EF585400C0 49] LinuxAArch64Server, [000001EF5CCE9600][000001EF58544240 49] Android, [000001EF5CDE2100][000001EF585483C0 49] Android_Low, [000001EF5CCEB800][000001EF5854C540 49] Android_Mid, [000001EF5CDE0600][000001EF585566C0 49] Android_High, [000001EF5CCEA300][000001EF5855A840 49] Android_Default, [000001EF5CDE2300][000001EF55E609C0 49] Android_Adreno4xx, [000001EF5CCEB000][000001EF55E64B40 49] Android_Adreno5xx_Low, [000001EF5CDE2A00][000001EF5A6B0C80 49] Android_Adreno5xx, [000001EF5CCE8100][000001EF5855EDC0 49] Android_Adreno6xx, [000001EF5CDE0B00][000001EF58562F00 49] Android_Adreno6xx_Vulkan, [000001EF5CCE8A00][000001EF58567040 49] Android_Mali_T6xx, [000001EF5CDE0700][000001EF585751C0 49] Android_Mali_T7xx, [000001EF5CDB5800][000001EF58579340 49] Android_Mali_T8xx, [000001EF5CD2C300][000001EF5857D4C0 49] Android_Mali_G71, [000001EF5CDB4600][000001EF55E7D640 49] Android_Mali_G72, [000001EF5CD2D200][000001EF55EBD7C0 49] Android_Mali_G72_Vulkan, [000001EF5CDB7900][000001EF55EC1940 49] Android_Mali_G76, [000001EF5CD2C700][000001EF55EC5AC0 49] Android_Mali_G76_Vulkan, [000001EF5CDB7800][000001EF55EC80C0 49] Android_Mali_G77, [000001EF5CD2FB00][000001EF5A838240 49] Android_Mali_G77_Vulkan, [000001EF5CDB5900][000001EF5A83C3C0 49] Android_Mali_G78, [000001EF5CD2F100][000001EF5A840540 49] Android_Mali_G78_Vulkan, [000001EF5CDB7700][000001EF5A8486C0 49] Android_Mali_G710, [000001EF5CD2EC00][000001EF5A84C840 49] Android_Mali_G710_Vulkan, [000001EF5CDB7400][000001EF5A8509C0 49] Android_Vulkan_SM5, [000001EF5CD2F800][000001EF5AC42B40 49] Android_PowerVR_G6xxx, [000001EF5CDB5700][000001EF5AC46CC0 49] Android_PowerVR_GT7xxx, [000001EF5CD2DD00][000001EF58570E00 49] Android_PowerVR_GE8xxx, [000001EF5CDB6B00][000001EF5A854F40 49] Android_PowerVR_GM9xxx, [000001EF5CD2C800][000001EF5A859080 49] Android_PowerVR_GM9xxx_Vulkan, [000001EF5CDB5A00][000001EF5A85D1C0 49] Android_TegraK1, [000001EF5CD2D000][000001EF5A865340 49] Android_Unknown_Vulkan, [000001EF5CDB6100][000001EF5A8694C0 49] Lumin, [000001EF5CD2FE00][000001EF5A86D640 49] Lumin_Desktop, [000001EF5CDB6900][000001EF5A0AB7C0 49] HoloLens, 
[2022.03.10-08.59.53:872][  0]LogMeshReduction: Using QuadricMeshReduction for automatic static mesh reduction
[2022.03.10-08.59.53:872][  0]LogMeshReduction: Using SimplygonMeshReduction for automatic skeletal mesh reduction
[2022.03.10-08.59.53:872][  0]LogMeshReduction: Using ProxyLODMeshReduction for automatic mesh merging
[2022.03.10-08.59.53:872][  0]LogMeshReduction: No distributed automatic mesh merging module available
[2022.03.10-08.59.53:872][  0]LogMeshMerging: No distributed automatic mesh merging module available
[2022.03.10-08.59.53:892][  0]LogNetVersion: MP2 1.0.0, NetCL: 17155196, EngineNetVer: 17, GameNetVer: 0 (Checksum: 2849652843)
[2022.03.10-08.59.54:367][  0]LogTexture: Default maximum texture size for cubemaps generated from long-lat sources has been changed from 512 to unlimited. In order to preserve old behaiour for '/Engine/MapTemplates/Sky/DaylightAmbientCubemap.DaylightAmbientCubemap', its maximum texture size has been explicitly set to 512.
[2022.03.10-08.59.54:489][  0]LogHMD: PokeAHoleMaterial loaded successfully
[2022.03.10-08.59.54:496][  0]LogUObjectArray: 17947 objects as part of root set at end of initial load.
[2022.03.10-08.59.54:496][  0]LogUObjectAllocator: 4584912 out of 0 bytes used by permanent object pool.
[2022.03.10-08.59.54:496][  0]LogUObjectArray: CloseDisregardForGC: 0/0 objects in disregard for GC pool
[2022.03.10-08.59.54:835][  0]LogNiagaraDebuggerClient: Niagara Debugger Client Initialized | Session: F6B433AB443A304AA4EA828341D6EB7B | Instance: A74BDE0B4CE130792E42FCA7BB9446CA (SIEBL-4107-15-12980).
[2022.03.10-08.59.54:880][  0]LogPython: Using Python 3.7.7
[2022.03.10-08.59.55:687][  0]LogTcpMessaging: Initializing TcpMessaging bridge
[2022.03.10-08.59.55:693][  0]LogUdpMessaging: Initializing bridge on interface 0.0.0.0:0 to multicast group 230.0.0.1:6666.
[2022.03.10-08.59.55:901][  0]SourceControl: Source control is disabled
[2022.03.10-08.59.55:901][  0]SourceControl: Source control is disabled
[2022.03.10-08.59.55:906][  0]SourceControl: Source control is disabled
[2022.03.10-08.59.55:910][  0]SourceControl: Source control is disabled
[2022.03.10-08.59.55:923][  0]SourceControl: Source control is disabled
[2022.03.10-08.59.55:931][  0]LogUProjectInfo: Found projects:
[2022.03.10-08.59.56:280][  0]LogOpenImageDenoise: OIDN starting up
[2022.03.10-08.59.56:348][  0]LogAndroidPermission: UAndroidPermissionCallbackProxy::GetInstance
[2022.03.10-08.59.56:383][  0]LogAudioCaptureCore: Display: No Audio Capture implementations found. Audio input will be silent.
[2022.03.10-08.59.56:383][  0]LogAudioCaptureCore: Display: No Audio Capture implementations found. Audio input will be silent.
[2022.03.10-08.59.56:564][  0]LogCollectionManager: Loaded 0 collections in 0.002879 seconds
[2022.03.10-08.59.56:567][  0]LogFileCache: Scanning file cache for directory 'C:/Users/cortiz42/Documents/Unreal Projects/CS498GD-MP2/Saved/Collections/' took 0.00s
[2022.03.10-08.59.56:567][  0]LogFileCache: Scanning file cache for directory 'C:/Users/cortiz42/Documents/Unreal Projects/CS498GD-MP2/Content/Developers/cortiz42/Collections/' took 0.00s
[2022.03.10-08.59.56:567][  0]LogFileCache: Scanning file cache for directory 'C:/Users/cortiz42/Documents/Unreal Projects/CS498GD-MP2/Content/Collections/' took 0.00s
[2022.03.10-08.59.56:596][  0]LogOcInput: OculusInput pre-init called
[2022.03.10-08.59.56:923][  0]LogClass: Display: IntProperty FPhysicsConvexData::NumVertices is not initialized properly. Module:MeshModelingTools File:Public/Physics/CollisionPropertySets.h
[2022.03.10-08.59.56:923][  0]LogClass: Display: IntProperty FPhysicsConvexData::NumFaces is not initialized properly. Module:MeshModelingTools File:Public/Physics/CollisionPropertySets.h
[2022.03.10-08.59.56:923][  0]LogClass: Display: FloatProperty FPhysicsCapsuleData::Radius is not initialized properly. Module:MeshModelingTools File:Public/Physics/CollisionPropertySets.h
[2022.03.10-08.59.56:923][  0]LogClass: Display: FloatProperty FPhysicsCapsuleData::Length is not initialized properly. Module:MeshModelingTools File:Public/Physics/CollisionPropertySets.h
[2022.03.10-08.59.56:923][  0]LogClass: Display: StructProperty FPhysicsBoxData::Dimensions is not initialized properly. Module:MeshModelingTools File:Public/Physics/CollisionPropertySets.h
[2022.03.10-08.59.56:923][  0]LogClass: Display: FloatProperty FPhysicsSphereData::Radius is not initialized properly. Module:MeshModelingTools File:Public/Physics/CollisionPropertySets.h
[2022.03.10-08.59.56:924][  0]LogClass: Display: EnumProperty FLODLevelGenerateSettings::TargetMode is not initialized properly. Module:MeshModelingToolsEditorOnly File:Public/GenerateLODMeshesTool.h
[2022.03.10-08.59.56:924][  0]LogClass: Display: IntProperty FLODLevelGenerateSettings::TargetPercentage is not initialized properly. Module:MeshModelingToolsEditorOnly File:Public/GenerateLODMeshesTool.h
[2022.03.10-08.59.56:924][  0]LogClass: Display: IntProperty FLODLevelGenerateSettings::TargetCount is not initialized properly. Module:MeshModelingToolsEditorOnly File:Public/GenerateLODMeshesTool.h
[2022.03.10-08.59.56:924][  0]LogClass: Display: 9 Uninitialized script struct members found including 0 object properties
[2022.03.10-08.59.56:925][  0]LogEngine: Initializing Engine...
[2022.03.10-08.59.56:926][  0]LogHMD: Failed to enumerate extensions. Please check that you have a valid OpenXR runtime installed.
[2022.03.10-08.59.56:926][  0]LogMagicLeap: Warning: VR disabled because ZI is not enabled.  To enable, in the editor, Edit -> Project Settings -> Plugins -> Magic Leap Plugin -> Enable Zero Iteration
[2022.03.10-08.59.56:927][  0]LogStylusInput: Initializing StylusInput subsystem.
[2022.03.10-08.59.56:929][  0]LogStats: UGameplayTagsManager::InitializeManager -  0.000 s
[2022.03.10-08.59.57:102][  0]LogInit: Initializing FReadOnlyCVARCache
[2022.03.10-08.59.57:116][  0]LogAIModule: Creating AISystem for world Untitled
[2022.03.10-08.59.57:122][  0]LogAudio: Display: Initializing Audio Device Manager...
[2022.03.10-08.59.57:128][  0]LogAudio: Display: Loading Default Audio Settings Objects...
[2022.03.10-08.59.57:129][  0]LogAudio: Display: No default SoundConcurrencyObject specified (or failed to load).
[2022.03.10-08.59.57:130][  0]LogAudio: Display: Audio Device Manager Initialized
[2022.03.10-08.59.57:130][  0]LogAudio: Display: Creating Audio Device:                 Id: 1, Scope: Shared, Realtime: True
[2022.03.10-08.59.57:130][  0]LogAudioMixer: Display: Audio Mixer Platform Settings:
[2022.03.10-08.59.57:130][  0]LogAudioMixer: Display: 	Sample Rate:						  48000
[2022.03.10-08.59.57:130][  0]LogAudioMixer: Display: 	Callback Buffer Frame Size Requested: 1024
[2022.03.10-08.59.57:130][  0]LogAudioMixer: Display: 	Callback Buffer Frame Size To Use:	  1024
[2022.03.10-08.59.57:130][  0]LogAudioMixer: Display: 	Number of buffers to queue:			  2
[2022.03.10-08.59.57:130][  0]LogAudioMixer: Display: 	Max Channels (voices):				  32
[2022.03.10-08.59.57:130][  0]LogAudioMixer: Display: 	Number of Async Source Workers:		  0
[2022.03.10-08.59.57:130][  0]LogAudio: Display: AudioDevice MaxSources: 32
[2022.03.10-08.59.57:131][  0]LogAudio: Display: Audio Spatialization Plugin: None (built-in).
[2022.03.10-08.59.57:131][  0]LogAudio: Display: Audio Reverb Plugin: None (built-in).
[2022.03.10-08.59.57:131][  0]LogAudio: Display: Audio Occlusion Plugin: None (built-in).
[2022.03.10-08.59.57:131][  0]LogAudioMixer: Display: Initializing audio mixer.
[2022.03.10-08.59.57:150][  0]LogAudioMixer: Display: 0: FrontLeft
[2022.03.10-08.59.57:150][  0]LogAudioMixer: Display: 1: FrontRight
[2022.03.10-08.59.57:198][  0]LogAudioMixer: Display: Using Audio Device Remote Audio
[2022.03.10-08.59.57:201][  0]LogAudioMixer: Display: Initializing Sound Submixes...
[2022.03.10-08.59.57:204][  0]LogAudioMixer: Display: Creating Master Submix 'MasterSubmixDefault'
[2022.03.10-08.59.57:204][  0]LogAudioMixer: Display: Creating Master Submix 'MasterReverbSubmixDefault'
[2022.03.10-08.59.57:206][  0]LogAudioMixer: Display: Creating Master Submix 'MasterEQSubmixDefault'
[2022.03.10-08.59.57:206][  0]LogAudioMixer: FMixerPlatformXAudio2::StartAudioStream() called
[2022.03.10-08.59.57:206][  0]LogAudioMixer: Display: Output buffers initialized: Frames=1024, Channels=2, Samples=2048
[2022.03.10-08.59.57:207][  0]LogAudioMixer: Display: Starting AudioMixerPlatformInterface::RunInternal()
[2022.03.10-08.59.57:207][  0]LogAudioMixer: Display: FMixerPlatformXAudio2::SubmitBuffer() called for the first time
[2022.03.10-08.59.57:207][  0]LogInit: FAudioDevice initialized.
[2022.03.10-08.59.57:207][  0]LogAudio: Display: Audio Device (ID: 1) registered with world 'Untitled'.
[2022.03.10-08.59.57:207][  0]LogNetVersion: Set ProjectVersion to 4.1. Version Checksum will be recalculated on next use.
[2022.03.10-08.59.57:274][  0]LogDerivedDataCache: Saved boot cache 0.07s 98MB C:/Users/cortiz42/AppData/Local/UnrealEngine/4.27/DerivedDataCache/Boot.ddc.
[2022.03.10-08.59.57:279][  0]LogInit: Texture streaming: Enabled
[2022.03.10-08.59.57:295][  0]LogAnalytics: Display: [UEEditor.Rocket.Release] APIServer = https://datarouter.ol.epicgames.com/. AppVersion = 4.27.2-18319896+++UE4+Release-4.27
[2022.03.10-08.59.57:302][  0]LogEngineSessionManager: EngineSessionManager initialized
[2022.03.10-08.59.57:302][  0]LogEditorSessionSummary: Verbose: Initializing EditorSessionSummaryWriter for editor session tracking
[2022.03.10-08.59.57:309][  0]LogEditorSessionSummary: EditorSessionSummaryWriter initialized
[2022.03.10-08.59.57:347][  0]LogInit: Transaction tracking system initialized
[2022.03.10-08.59.57:378][  0]BlueprintLog: New page: Editor Load
[2022.03.10-08.59.57:459][  0]LocalizationService: Localization service is disabled
[2022.03.10-08.59.57:491][  0]TimingProfiler: Initialize
[2022.03.10-08.59.57:491][  0]TimingProfiler: OnSessionChanged
[2022.03.10-08.59.57:491][  0]LoadingProfiler: Initialize
[2022.03.10-08.59.57:491][  0]LoadingProfiler: OnSessionChanged
[2022.03.10-08.59.57:491][  0]NetworkingProfiler: Initialize
[2022.03.10-08.59.57:491][  0]NetworkingProfiler: OnSessionChanged
[2022.03.10-08.59.57:491][  0]MemoryProfiler: Initialize
[2022.03.10-08.59.57:491][  0]MemoryProfiler: OnSessionChanged
[2022.03.10-08.59.57:496][  0]LogClass: Warning: In asset 'None', there is an enum property of type 'EIOSVersion' with an invalid value of 'IOS_11'
[2022.03.10-08.59.57:496][  0]LogObj: Error: LoadConfig (/Script/IOSRuntimeSettings.Default__IOSRuntimeSettings): import failed for MinimumiOSVersion in: IOS_11
[2022.03.10-08.59.57:733][  0]LogCook: Display: CookSettings for Memory: MemoryMaxUsedVirtual 0MiB, MemoryMaxUsedPhysical 16384MiB, MemoryMinFreeVirtual 0MiB, MemoryMinFreePhysical 1024MiB
[2022.03.10-08.59.57:733][  0]LogCook: Display: Mobile HDR setting 1
[2022.03.10-08.59.58:045][  0]LogFileCache: Scanning file cache for directory 'C:/Users/cortiz42/Documents/Unreal Projects/CS498GD-MP2/Content/' took 0.04s
[2022.03.10-08.59.58:045][  0]LogInit: Display: Engine is initialized. Leaving FEngineLoop::Init()
[2022.03.10-08.59.58:053][  0]SourceControl: Source control is disabled
[2022.03.10-08.59.58:053][  0]LogUnrealEdMisc: Loading editor; pre map load, took 9.280
[2022.03.10-08.59.58:053][  0]Cmd: MAP LOAD FILE="../../../../../../Users/cortiz42/Documents/Unreal Projects/CS498GD-MP2/Content/LearningKit_Games/Maps/LearningKit_Games_Showcase.umap" TEMPLATE=0 SHOWPROGRESS=1 FEATURELEVEL=3
[2022.03.10-08.59.58:054][  0]LightingResults: New page: Lighting Build
[2022.03.10-08.59.58:055][  0]LogWorld: UWorld::CleanupWorld for Untitled, bSessionEnded=true, bCleanupResources=true
[2022.03.10-08.59.58:056][  0]LogSlate: InvalidateAllWidgets triggered.  All widgets were invalidated
[2022.03.10-08.59.58:056][  0]MapCheck: New page: Map Check
[2022.03.10-08.59.58:056][  0]LightingResults: New page: Lighting Build
[2022.03.10-08.59.58:062][  0]LogAudio: Display: Audio Device unregistered from world 'None'.
[2022.03.10-08.59.58:066][  0]LogUObjectHash: Compacting FUObjectHashTables data took   0.98ms
[2022.03.10-08.59.59:668][  0]LogAudio: Display: Audio Device (ID: 1) registered with world 'LearningKit_Games_Showcase'.
[2022.03.10-08.59.59:669][  0]LogAIModule: Creating AISystem for world LearningKit_Games_Showcase
[2022.03.10-09.00.01:841][  0]LogEditorServer: Finished looking for orphan Actors (0.000 secs)
[2022.03.10-09.00.01:858][  0]LogUObjectHash: Compacting FUObjectHashTables data took   1.37ms
[2022.03.10-09.00.01:858][  0]Cmd: MAP CHECKDEP NOCLEARLOG
[2022.03.10-09.00.01:858][  0]MapCheck: Map check complete: 0 Error(s), 0 Warning(s), took 0.226ms to complete.
[2022.03.10-09.00.01:858][  0]LogFileHelpers: Loading map 'LearningKit_Games_Showcase' took 3.805
[2022.03.10-09.00.01:860][  0]LogUnrealEdMisc: Total Editor Startup Time, took 13.087
[2022.03.10-09.00.02:039][  0]LogSlate: Updating window title bar state: overlay mode, drag disabled, window buttons hidden, title bar hidden
[2022.03.10-09.00.02:046][  0]LogSlate: Updating window title bar state: overlay mode, drag disabled, window buttons hidden, title bar hidden
[2022.03.10-09.00.02:052][  0]LogSlate: Updating window title bar state: overlay mode, drag disabled, window buttons hidden, title bar hidden
[2022.03.10-09.00.02:058][  0]LogSlate: Updating window title bar state: overlay mode, drag disabled, window buttons hidden, title bar hidden
[2022.03.10-09.00.02:080][  0]LogNativeClassHierarchy: Verbose: Native class hierarchy populated in 0.0133 seconds. Added 4200 classes and 956 folders.
[2022.03.10-09.00.02:082][  0]LogNativeClassHierarchy: Verbose: Native class hierarchy updated for 'WidgetCarousel' in 0.0003 seconds. Added 0 classes and 0 folders.
[2022.03.10-09.00.02:084][  0]LogPakFile: PakFile PrimaryIndexSize=187
[2022.03.10-09.00.02:084][  0]LogPakFile: PakFile PathHashIndexSize=101
[2022.03.10-09.00.02:084][  0]LogPakFile: PakFile FullDirectoryIndexSize=148
[2022.03.10-09.00.02:084][  0]LogShaderLibrary: Display: ShaderCodeLibraryPakFileMountedCallback: PakFile 'C:/Program Files/Epic Games/UE_4.27/FeaturePacks/FP_FirstPerson.upack' (chunk index -1, root 'root:/') mounted
[2022.03.10-09.00.02:084][  0]LogShaderLibrary: Display: ShaderCodeLibraryPakFileMountedCallback: pending pak file info (ChunkID:-1 Root:root:/ File:C:/Program Files/Epic Games/UE_4.27/FeaturePacks/FP_FirstPerson.upack)
[2022.03.10-09.00.02:084][  0]LogPakFile: OnPakFileMounted2Time == 0.000060
[2022.03.10-09.00.02:085][  0]LogPakFile: PakFile PrimaryIndexSize=189
[2022.03.10-09.00.02:085][  0]LogPakFile: PakFile PathHashIndexSize=101
[2022.03.10-09.00.02:085][  0]LogPakFile: PakFile FullDirectoryIndexSize=152
[2022.03.10-09.00.02:085][  0]LogShaderLibrary: Display: ShaderCodeLibraryPakFileMountedCallback: PakFile 'C:/Program Files/Epic Games/UE_4.27/FeaturePacks/FP_FirstPersonBP.upack' (chunk index -1, root 'root:/') mounted
[2022.03.10-09.00.02:085][  0]LogShaderLibrary: Display: ShaderCodeLibraryPakFileMountedCallback: pending pak file info (ChunkID:-1 Root:root:/ File:C:/Program Files/Epic Games/UE_4.27/FeaturePacks/FP_FirstPersonBP.upack)
[2022.03.10-09.00.02:085][  0]LogPakFile: OnPakFileMounted2Time == 0.000045
[2022.03.10-09.00.02:086][  0]LogPakFile: PakFile PrimaryIndexSize=191
[2022.03.10-09.00.02:086][  0]LogPakFile: PakFile PathHashIndexSize=101
[2022.03.10-09.00.02:086][  0]LogPakFile: PakFile FullDirectoryIndexSize=160
[2022.03.10-09.00.02:086][  0]LogShaderLibrary: Display: ShaderCodeLibraryPakFileMountedCallback: PakFile 'C:/Program Files/Epic Games/UE_4.27/FeaturePacks/MobileStarterContent.upack' (chunk index -1, root 'root:/') mounted
[2022.03.10-09.00.02:086][  0]LogShaderLibrary: Display: ShaderCodeLibraryPakFileMountedCallback: pending pak file info (ChunkID:-1 Root:root:/ File:C:/Program Files/Epic Games/UE_4.27/FeaturePacks/MobileStarterContent.upack)
[2022.03.10-09.00.02:086][  0]LogPakFile: OnPakFileMounted2Time == 0.000050
[2022.03.10-09.00.02:086][  0]LogPakFile: PakFile PrimaryIndexSize=185
[2022.03.10-09.00.02:086][  0]LogPakFile: PakFile PathHashIndexSize=101
[2022.03.10-09.00.02:087][  0]LogPakFile: PakFile FullDirectoryIndexSize=148
[2022.03.10-09.00.02:087][  0]LogShaderLibrary: Display: ShaderCodeLibraryPakFileMountedCallback: PakFile 'C:/Program Files/Epic Games/UE_4.27/FeaturePacks/StarterContent.upack' (chunk index -1, root 'root:/') mounted
[2022.03.10-09.00.02:087][  0]LogShaderLibrary: Display: ShaderCodeLibraryPakFileMountedCallback: pending pak file info (ChunkID:-1 Root:root:/ File:C:/Program Files/Epic Games/UE_4.27/FeaturePacks/StarterContent.upack)
[2022.03.10-09.00.02:087][  0]LogPakFile: OnPakFileMounted2Time == 0.000040
[2022.03.10-09.00.02:087][  0]LogPakFile: PakFile PrimaryIndexSize=190
[2022.03.10-09.00.02:087][  0]LogPakFile: PakFile PathHashIndexSize=101
[2022.03.10-09.00.02:087][  0]LogPakFile: PakFile FullDirectoryIndexSize=154
[2022.03.10-09.00.02:087][  0]LogShaderLibrary: Display: ShaderCodeLibraryPakFileMountedCallback: PakFile 'C:/Program Files/Epic Games/UE_4.27/FeaturePacks/TP_2DSideScroller.upack' (chunk index -1, root 'root:/') mounted
[2022.03.10-09.00.02:087][  0]LogShaderLibrary: Display: ShaderCodeLibraryPakFileMountedCallback: pending pak file info (ChunkID:-1 Root:root:/ File:C:/Program Files/Epic Games/UE_4.27/FeaturePacks/TP_2DSideScroller.upack)
[2022.03.10-09.00.02:087][  0]LogPakFile: OnPakFileMounted2Time == 0.000037
[2022.03.10-09.00.02:088][  0]LogPakFile: PakFile PrimaryIndexSize=192
[2022.03.10-09.00.02:088][  0]LogPakFile: PakFile PathHashIndexSize=101
[2022.03.10-09.00.02:088][  0]LogPakFile: PakFile FullDirectoryIndexSize=158
[2022.03.10-09.00.02:088][  0]LogShaderLibrary: Display: ShaderCodeLibraryPakFileMountedCallback: PakFile 'C:/Program Files/Epic Games/UE_4.27/FeaturePacks/TP_2DSideScrollerBP.upack' (chunk index -1, root 'root:/') mounted
[2022.03.10-09.00.02:088][  0]LogShaderLibrary: Display: ShaderCodeLibraryPakFileMountedCallback: pending pak file info (ChunkID:-1 Root:root:/ File:C:/Program Files/Epic Games/UE_4.27/FeaturePacks/TP_2DSideScrollerBP.upack)
[2022.03.10-09.00.02:088][  0]LogPakFile: OnPakFileMounted2Time == 0.000039
[2022.03.10-09.00.02:088][  0]LogPakFile: PakFile PrimaryIndexSize=182
[2022.03.10-09.00.02:089][  0]LogPakFile: PakFile PathHashIndexSize=101
[2022.03.10-09.00.02:089][  0]LogPakFile: PakFile FullDirectoryIndexSize=138
[2022.03.10-09.00.02:089][  0]LogShaderLibrary: Display: ShaderCodeLibraryPakFileMountedCallback: PakFile 'C:/Program Files/Epic Games/UE_4.27/FeaturePacks/TP_Flying.upack' (chunk index -1, root 'root:/') mounted
[2022.03.10-09.00.02:089][  0]LogShaderLibrary: Display: ShaderCodeLibraryPakFileMountedCallback: pending pak file info (ChunkID:-1 Root:root:/ File:C:/Program Files/Epic Games/UE_4.27/FeaturePacks/TP_Flying.upack)
[2022.03.10-09.00.02:089][  0]LogPakFile: OnPakFileMounted2Time == 0.000037
[2022.03.10-09.00.02:089][  0]LogPakFile: PakFile PrimaryIndexSize=184
[2022.03.10-09.00.02:089][  0]LogPakFile: PakFile PathHashIndexSize=101
[2022.03.10-09.00.02:089][  0]LogPakFile: PakFile FullDirectoryIndexSize=142
[2022.03.10-09.00.02:089][  0]LogShaderLibrary: Display: ShaderCodeLibraryPakFileMountedCallback: PakFile 'C:/Program Files/Epic Games/UE_4.27/FeaturePacks/TP_FlyingBP.upack' (chunk index -1, root 'root:/') mounted
[2022.03.10-09.00.02:089][  0]LogShaderLibrary: Display: ShaderCodeLibraryPakFileMountedCallback: pending pak file info (ChunkID:-1 Root:root:/ File:C:/Program Files/Epic Games/UE_4.27/FeaturePacks/TP_FlyingBP.upack)
[2022.03.10-09.00.02:089][  0]LogPakFile: OnPakFileMounted2Time == 0.000036
[2022.03.10-09.00.02:090][  0]LogPakFile: PakFile PrimaryIndexSize=188
[2022.03.10-09.00.02:090][  0]LogPakFile: PakFile PathHashIndexSize=101
[2022.03.10-09.00.02:090][  0]LogPakFile: PakFile FullDirectoryIndexSize=150
[2022.03.10-09.00.02:090][  0]LogShaderLibrary: Display: ShaderCodeLibraryPakFileMountedCallback: PakFile 'C:/Program Files/Epic Games/UE_4.27/FeaturePacks/TP_HandheldARBP.upack' (chunk index -1, root 'root:/') mounted
[2022.03.10-09.00.02:090][  0]LogShaderLibrary: Display: ShaderCodeLibraryPakFileMountedCallback: pending pak file info (ChunkID:-1 Root:root:/ File:C:/Program Files/Epic Games/UE_4.27/FeaturePacks/TP_HandheldARBP.upack)
[2022.03.10-09.00.02:090][  0]LogPakFile: OnPakFileMounted2Time == 0.000036
[2022.03.10-09.00.02:091][  0]LogPakFile: PakFile PrimaryIndexSize=182
[2022.03.10-09.00.02:091][  0]LogPakFile: PakFile PathHashIndexSize=101
[2022.03.10-09.00.02:091][  0]LogPakFile: PakFile FullDirectoryIndexSize=138
[2022.03.10-09.00.02:091][  0]LogShaderLibrary: Display: ShaderCodeLibraryPakFileMountedCallback: PakFile 'C:/Program Files/Epic Games/UE_4.27/FeaturePacks/TP_Puzzle.upack' (chunk index -1, root 'root:/') mounted
[2022.03.10-09.00.02:091][  0]LogShaderLibrary: Display: ShaderCodeLibraryPakFileMountedCallback: pending pak file info (ChunkID:-1 Root:root:/ File:C:/Program Files/Epic Games/UE_4.27/FeaturePacks/TP_Puzzle.upack)
[2022.03.10-09.00.02:091][  0]LogPakFile: OnPakFileMounted2Time == 0.000037
[2022.03.10-09.00.02:091][  0]LogPakFile: PakFile PrimaryIndexSize=184
[2022.03.10-09.00.02:091][  0]LogPakFile: PakFile PathHashIndexSize=101
[2022.03.10-09.00.02:091][  0]LogPakFile: PakFile FullDirectoryIndexSize=142
[2022.03.10-09.00.02:091][  0]LogShaderLibrary: Display: ShaderCodeLibraryPakFileMountedCallback: PakFile 'C:/Program Files/Epic Games/UE_4.27/FeaturePacks/TP_PuzzleBP.upack' (chunk index -1, root 'root:/') mounted
[2022.03.10-09.00.02:091][  0]LogShaderLibrary: Display: ShaderCodeLibraryPakFileMountedCallback: pending pak file info (ChunkID:-1 Root:root:/ File:C:/Program Files/Epic Games/UE_4.27/FeaturePacks/TP_PuzzleBP.upack)
[2022.03.10-09.00.02:091][  0]LogPakFile: OnPakFileMounted2Time == 0.000037
[2022.03.10-09.00.02:092][  0]LogPakFile: PakFile PrimaryIndexSize=183
[2022.03.10-09.00.02:092][  0]LogPakFile: PakFile PathHashIndexSize=101
[2022.03.10-09.00.02:092][  0]LogPakFile: PakFile FullDirectoryIndexSize=140
[2022.03.10-09.00.02:092][  0]LogShaderLibrary: Display: ShaderCodeLibraryPakFileMountedCallback: PakFile 'C:/Program Files/Epic Games/UE_4.27/FeaturePacks/TP_Rolling.upack' (chunk index -1, root 'root:/') mounted
[2022.03.10-09.00.02:092][  0]LogShaderLibrary: Display: ShaderCodeLibraryPakFileMountedCallback: pending pak file info (ChunkID:-1 Root:root:/ File:C:/Program Files/Epic Games/UE_4.27/FeaturePacks/TP_Rolling.upack)
[2022.03.10-09.00.02:092][  0]LogPakFile: OnPakFileMounted2Time == 0.000036
[2022.03.10-09.00.02:093][  0]LogPakFile: PakFile PrimaryIndexSize=185
[2022.03.10-09.00.02:093][  0]LogPakFile: PakFile PathHashIndexSize=101
[2022.03.10-09.00.02:093][  0]LogPakFile: PakFile FullDirectoryIndexSize=144
[2022.03.10-09.00.02:093][  0]LogShaderLibrary: Display: ShaderCodeLibraryPakFileMountedCallback: PakFile 'C:/Program Files/Epic Games/UE_4.27/FeaturePacks/TP_RollingBP.upack' (chunk index -1, root 'root:/') mounted
[2022.03.10-09.00.02:093][  0]LogShaderLibrary: Display: ShaderCodeLibraryPakFileMountedCallback: pending pak file info (ChunkID:-1 Root:root:/ File:C:/Program Files/Epic Games/UE_4.27/FeaturePacks/TP_RollingBP.upack)
[2022.03.10-09.00.02:093][  0]LogPakFile: OnPakFileMounted2Time == 0.000037
[2022.03.10-09.00.02:093][  0]LogPakFile: PakFile PrimaryIndexSize=188
[2022.03.10-09.00.02:093][  0]LogPakFile: PakFile PathHashIndexSize=101
[2022.03.10-09.00.02:093][  0]LogPakFile: PakFile FullDirectoryIndexSize=150
[2022.03.10-09.00.02:093][  0]LogShaderLibrary: Display: ShaderCodeLibraryPakFileMountedCallback: PakFile 'C:/Program Files/Epic Games/UE_4.27/FeaturePacks/TP_SideScroller.upack' (chunk index -1, root 'root:/') mounted
[2022.03.10-09.00.02:093][  0]LogShaderLibrary: Display: ShaderCodeLibraryPakFileMountedCallback: pending pak file info (ChunkID:-1 Root:root:/ File:C:/Program Files/Epic Games/UE_4.27/FeaturePacks/TP_SideScroller.upack)
[2022.03.10-09.00.02:093][  0]LogPakFile: OnPakFileMounted2Time == 0.000036
[2022.03.10-09.00.02:095][  0]LogPakFile: PakFile PrimaryIndexSize=190
[2022.03.10-09.00.02:095][  0]LogPakFile: PakFile PathHashIndexSize=101
[2022.03.10-09.00.02:095][  0]LogPakFile: PakFile FullDirectoryIndexSize=154
[2022.03.10-09.00.02:095][  0]LogShaderLibrary: Display: ShaderCodeLibraryPakFileMountedCallback: PakFile 'C:/Program Files/Epic Games/UE_4.27/FeaturePacks/TP_SideScrollerBP.upack' (chunk index -1, root 'root:/') mounted
[2022.03.10-09.00.02:095][  0]LogShaderLibrary: Display: ShaderCodeLibraryPakFileMountedCallback: pending pak file info (ChunkID:-1 Root:root:/ File:C:/Program Files/Epic Games/UE_4.27/FeaturePacks/TP_SideScrollerBP.upack)
[2022.03.10-09.00.02:095][  0]LogPakFile: OnPakFileMounted2Time == 0.000053
[2022.03.10-09.00.02:096][  0]LogPakFile: PakFile PrimaryIndexSize=187
[2022.03.10-09.00.02:096][  0]LogPakFile: PakFile PathHashIndexSize=101
[2022.03.10-09.00.02:096][  0]LogPakFile: PakFile FullDirectoryIndexSize=148
[2022.03.10-09.00.02:096][  0]LogShaderLibrary: Display: ShaderCodeLibraryPakFileMountedCallback: PakFile 'C:/Program Files/Epic Games/UE_4.27/FeaturePacks/TP_ThirdPerson.upack' (chunk index -1, root 'root:/') mounted
[2022.03.10-09.00.02:096][  0]LogShaderLibrary: Display: ShaderCodeLibraryPakFileMountedCallback: pending pak file info (ChunkID:-1 Root:root:/ File:C:/Program Files/Epic Games/UE_4.27/FeaturePacks/TP_ThirdPerson.upack)
[2022.03.10-09.00.02:096][  0]LogPakFile: OnPakFileMounted2Time == 0.000055
[2022.03.10-09.00.02:097][  0]LogPakFile: PakFile PrimaryIndexSize=189
[2022.03.10-09.00.02:097][  0]LogPakFile: PakFile PathHashIndexSize=101
[2022.03.10-09.00.02:097][  0]LogPakFile: PakFile FullDirectoryIndexSize=152
[2022.03.10-09.00.02:097][  0]LogShaderLibrary: Display: ShaderCodeLibraryPakFileMountedCallback: PakFile 'C:/Program Files/Epic Games/UE_4.27/FeaturePacks/TP_ThirdPersonBP.upack' (chunk index -1, root 'root:/') mounted
[2022.03.10-09.00.02:097][  0]LogShaderLibrary: Display: ShaderCodeLibraryPakFileMountedCallback: pending pak file info (ChunkID:-1 Root:root:/ File:C:/Program Files/Epic Games/UE_4.27/FeaturePacks/TP_ThirdPersonBP.upack)
[2022.03.10-09.00.02:097][  0]LogPakFile: OnPakFileMounted2Time == 0.000046
[2022.03.10-09.00.02:098][  0]LogPakFile: PakFile PrimaryIndexSize=183
[2022.03.10-09.00.02:098][  0]LogPakFile: PakFile PathHashIndexSize=101
[2022.03.10-09.00.02:098][  0]LogPakFile: PakFile FullDirectoryIndexSize=140
[2022.03.10-09.00.02:098][  0]LogShaderLibrary: Display: ShaderCodeLibraryPakFileMountedCallback: PakFile 'C:/Program Files/Epic Games/UE_4.27/FeaturePacks/TP_TopDown.upack' (chunk index -1, root 'root:/') mounted
[2022.03.10-09.00.02:098][  0]LogShaderLibrary: Display: ShaderCodeLibraryPakFileMountedCallback: pending pak file info (ChunkID:-1 Root:root:/ File:C:/Program Files/Epic Games/UE_4.27/FeaturePacks/TP_TopDown.upack)
[2022.03.10-09.00.02:098][  0]LogPakFile: OnPakFileMounted2Time == 0.000046
[2022.03.10-09.00.02:099][  0]LogPakFile: PakFile PrimaryIndexSize=185
[2022.03.10-09.00.02:099][  0]LogPakFile: PakFile PathHashIndexSize=101
[2022.03.10-09.00.02:099][  0]LogPakFile: PakFile FullDirectoryIndexSize=144
[2022.03.10-09.00.02:099][  0]LogShaderLibrary: Display: ShaderCodeLibraryPakFileMountedCallback: PakFile 'C:/Program Files/Epic Games/UE_4.27/FeaturePacks/TP_TopDownBP.upack' (chunk index -1, root 'root:/') mounted
[2022.03.10-09.00.02:099][  0]LogShaderLibrary: Display: ShaderCodeLibraryPakFileMountedCallback: pending pak file info (ChunkID:-1 Root:root:/ File:C:/Program Files/Epic Games/UE_4.27/FeaturePacks/TP_TopDownBP.upack)
[2022.03.10-09.00.02:099][  0]LogPakFile: OnPakFileMounted2Time == 0.000039
[2022.03.10-09.00.02:099][  0]LogPakFile: PakFile PrimaryIndexSize=185
[2022.03.10-09.00.02:099][  0]LogPakFile: PakFile PathHashIndexSize=101
[2022.03.10-09.00.02:099][  0]LogPakFile: PakFile FullDirectoryIndexSize=144
[2022.03.10-09.00.02:099][  0]LogShaderLibrary: Display: ShaderCodeLibraryPakFileMountedCallback: PakFile 'C:/Program Files/Epic Games/UE_4.27/FeaturePacks/TP_TwinStick.upack' (chunk index -1, root 'root:/') mounted
[2022.03.10-09.00.02:099][  0]LogShaderLibrary: Display: ShaderCodeLibraryPakFileMountedCallback: pending pak file info (ChunkID:-1 Root:root:/ File:C:/Program Files/Epic Games/UE_4.27/FeaturePacks/TP_TwinStick.upack)
[2022.03.10-09.00.02:099][  0]LogPakFile: OnPakFileMounted2Time == 0.000038
[2022.03.10-09.00.02:100][  0]LogPakFile: PakFile PrimaryIndexSize=187
[2022.03.10-09.00.02:100][  0]LogPakFile: PakFile PathHashIndexSize=101
[2022.03.10-09.00.02:100][  0]LogPakFile: PakFile FullDirectoryIndexSize=148
[2022.03.10-09.00.02:100][  0]LogShaderLibrary: Display: ShaderCodeLibraryPakFileMountedCallback: PakFile 'C:/Program Files/Epic Games/UE_4.27/FeaturePacks/TP_TwinStickBP.upack' (chunk index -1, root 'root:/') mounted
[2022.03.10-09.00.02:100][  0]LogShaderLibrary: Display: ShaderCodeLibraryPakFileMountedCallback: pending pak file info (ChunkID:-1 Root:root:/ File:C:/Program Files/Epic Games/UE_4.27/FeaturePacks/TP_TwinStickBP.upack)
[2022.03.10-09.00.02:100][  0]LogPakFile: OnPakFileMounted2Time == 0.000038
[2022.03.10-09.00.02:101][  0]LogPakFile: PakFile PrimaryIndexSize=183
[2022.03.10-09.00.02:101][  0]LogPakFile: PakFile PathHashIndexSize=101
[2022.03.10-09.00.02:101][  0]LogPakFile: PakFile FullDirectoryIndexSize=140
[2022.03.10-09.00.02:101][  0]LogShaderLibrary: Display: ShaderCodeLibraryPakFileMountedCallback: PakFile 'C:/Program Files/Epic Games/UE_4.27/FeaturePacks/TP_Vehicle.upack' (chunk index -1, root 'root:/') mounted
[2022.03.10-09.00.02:101][  0]LogShaderLibrary: Display: ShaderCodeLibraryPakFileMountedCallback: pending pak file info (ChunkID:-1 Root:root:/ File:C:/Program Files/Epic Games/UE_4.27/FeaturePacks/TP_Vehicle.upack)
[2022.03.10-09.00.02:101][  0]LogPakFile: OnPakFileMounted2Time == 0.000039
[2022.03.10-09.00.02:102][  0]LogPakFile: PakFile PrimaryIndexSize=186
[2022.03.10-09.00.02:102][  0]LogPakFile: PakFile PathHashIndexSize=101
[2022.03.10-09.00.02:102][  0]LogPakFile: PakFile FullDirectoryIndexSize=146
[2022.03.10-09.00.02:102][  0]LogShaderLibrary: Display: ShaderCodeLibraryPakFileMountedCallback: PakFile 'C:/Program Files/Epic Games/UE_4.27/FeaturePacks/TP_VehicleAdv.upack' (chunk index -1, root 'root:/') mounted
[2022.03.10-09.00.02:102][  0]LogShaderLibrary: Display: ShaderCodeLibraryPakFileMountedCallback: pending pak file info (ChunkID:-1 Root:root:/ File:C:/Program Files/Epic Games/UE_4.27/FeaturePacks/TP_VehicleAdv.upack)
[2022.03.10-09.00.02:102][  0]LogPakFile: OnPakFileMounted2Time == 0.000039
[2022.03.10-09.00.02:102][  0]LogPakFile: PakFile PrimaryIndexSize=188
[2022.03.10-09.00.02:102][  0]LogPakFile: PakFile PathHashIndexSize=101
[2022.03.10-09.00.02:102][  0]LogPakFile: PakFile FullDirectoryIndexSize=150
[2022.03.10-09.00.02:102][  0]LogShaderLibrary: Display: ShaderCodeLibraryPakFileMountedCallback: PakFile 'C:/Program Files/Epic Games/UE_4.27/FeaturePacks/TP_VehicleAdvBP.upack' (chunk index -1, root 'root:/') mounted
[2022.03.10-09.00.02:102][  0]LogShaderLibrary: Display: ShaderCodeLibraryPakFileMountedCallback: pending pak file info (ChunkID:-1 Root:root:/ File:C:/Program Files/Epic Games/UE_4.27/FeaturePacks/TP_VehicleAdvBP.upack)
[2022.03.10-09.00.02:102][  0]LogPakFile: OnPakFileMounted2Time == 0.000036
[2022.03.10-09.00.02:103][  0]LogPakFile: PakFile PrimaryIndexSize=185
[2022.03.10-09.00.02:103][  0]LogPakFile: PakFile PathHashIndexSize=101
[2022.03.10-09.00.02:103][  0]LogPakFile: PakFile FullDirectoryIndexSize=144
[2022.03.10-09.00.02:103][  0]LogShaderLibrary: Display: ShaderCodeLibraryPakFileMountedCallback: PakFile 'C:/Program Files/Epic Games/UE_4.27/FeaturePacks/TP_VehicleBP.upack' (chunk index -1, root 'root:/') mounted
[2022.03.10-09.00.02:103][  0]LogShaderLibrary: Display: ShaderCodeLibraryPakFileMountedCallback: pending pak file info (ChunkID:-1 Root:root:/ File:C:/Program Files/Epic Games/UE_4.27/FeaturePacks/TP_VehicleBP.upack)
[2022.03.10-09.00.02:103][  0]LogPakFile: OnPakFileMounted2Time == 0.000036
[2022.03.10-09.00.02:104][  0]LogPakFile: PakFile PrimaryIndexSize=192
[2022.03.10-09.00.02:104][  0]LogPakFile: PakFile PathHashIndexSize=101
[2022.03.10-09.00.02:104][  0]LogPakFile: PakFile FullDirectoryIndexSize=158
[2022.03.10-09.00.02:104][  0]LogShaderLibrary: Display: ShaderCodeLibraryPakFileMountedCallback: PakFile 'C:/Program Files/Epic Games/UE_4.27/FeaturePacks/TP_VirtualRealityBP.upack' (chunk index -1, root 'root:/') mounted
[2022.03.10-09.00.02:104][  0]LogShaderLibrary: Display: ShaderCodeLibraryPakFileMountedCallback: pending pak file info (ChunkID:-1 Root:root:/ File:C:/Program Files/Epic Games/UE_4.27/FeaturePacks/TP_VirtualRealityBP.upack)
[2022.03.10-09.00.02:104][  0]LogPakFile: OnPakFileMounted2Time == 0.000037
[2022.03.10-09.00.02:181][  0]LogNativeClassHierarchy: Verbose: Native class hierarchy updated for 'AddContentDialog' in 0.0003 seconds. Added 0 classes and 0 folders.
[2022.03.10-09.00.02:183][  0]LogNativeClassHierarchy: Verbose: Native class hierarchy updated for 'SceneOutliner' in 0.0003 seconds. Added 2 classes and 0 folders.
[2022.03.10-09.00.02:250][  0]LogSlate: Took 0.000356 seconds to synchronously load lazily loaded font '../../../Engine/Content/Slate/Fonts/Roboto-Regular.ttf' (155K)
[2022.03.10-09.00.02:252][  0]LogSlate: Took 0.000299 seconds to synchronously load lazily loaded font '../../../Engine/Content/Editor/Slate/Fonts/FontAwesome.ttf' (139K)
[2022.03.10-09.00.02:253][  0]LogSlate: Took 0.000241 seconds to synchronously load lazily loaded font '../../../Engine/Content/Slate/Fonts/Roboto-Bold.ttf' (160K)
[2022.03.10-09.00.02:362][  0]LogRenderer: Reallocating scene render targets to support 1156x684 Format 10 NumSamples 1 (Frame:1).
[2022.03.10-09.00.02:379][  0]LogStaticMesh: Allocated 512x217x128 distance field atlas = 27.1Mb, with 84 objects containing 17.2Mb backing data
[2022.03.10-09.00.02:527][  0]LogNativeClassHierarchy: Verbose: Native class hierarchy updated for 'HierarchicalLODOutliner' in 0.0004 seconds. Added 0 classes and 0 folders.
[2022.03.10-09.00.02:528][  0]LogInput: Warning: Action Jump uses invalid key OculusGo_Left_Trigger_Click.
[2022.03.10-09.00.02:528][  0]LogInput: Warning: Action ResetVR uses invalid key OculusGo_Left_Trackpad_Click.
[2022.03.10-09.00.02:528][  0]LogInput: Warning: Use -RemoveInvalidKeys to remove instances of these keys from the action mapping.
[2022.03.10-09.00.02:528][  0]LogLoad: (Engine Initialization) Total time: 13.75 seconds
[2022.03.10-09.00.02:528][  0]LogLoad: (Engine Initialization) Total Blueprint compile time: 0.00 seconds
[2022.03.10-09.00.02:591][  0]LogContentStreaming: Texture pool size now 1000 MB
[2022.03.10-09.00.02:648][  1]LogAssetRegistry: Asset discovery search completed in 9.3050 seconds
[2022.03.10-09.00.02:655][  1]LogCollectionManager: Fixed up redirectors for 0 collections in 0.000004 seconds (updated 0 objects)
[2022.03.10-09.00.02:781][  3]LogSlate: Took 0.000324 seconds to synchronously load lazily loaded font '../../../Engine/Content/Slate/Fonts/Roboto-Light.ttf' (167K)
[2022.03.10-09.00.03:551][ 94]LogSlate: Took 0.000340 seconds to synchronously load lazily loaded font '../../../Engine/Content/Slate/Fonts/Roboto-Light.ttf' (167K)
[2022.03.10-09.00.05:287][232]LogAssetEditorSubsystem: Opening Asset editor for ObjectRedirector /Game/MP2/Enemies/Chaser.Chaser
[2022.03.10-09.00.05:505][232]LogAssetEditorSubsystem: Opening Asset editor for Blueprint /Game/MP2/Enemies/Turret/Turret.Turret
[2022.03.10-09.00.05:686][232]LogNativeClassHierarchy: Verbose: Native class hierarchy updated for 'BlueprintGraph' in 0.0006 seconds. Added 126 classes and 0 folders.
[2022.03.10-09.00.06:628][232]LogAssetEditorSubsystem: Opening Asset editor for Blueprint /Game/LearningKit_Games/Blueprints/PlayerCharacter/BP_LearningKit_PlayerCharacter.BP_LearningKit_PlayerCharacter
[2022.03.10-09.00.07:051][232]LogSlate: Took 0.000352 seconds to synchronously load lazily loaded font '../../../Engine/Content/Slate/Fonts/Roboto-BoldCondensed.ttf' (158K)
[2022.03.10-09.00.07:280][233]LogSlate: Took 0.000421 seconds to synchronously load lazily loaded font '../../../Engine/Content/Slate/Fonts/Roboto-Italic.ttf' (157K)
[2022.03.10-09.00.39:028][744]LogStaticMesh: Allocated 512x261x128 distance field atlas = 32.6Mb, with 86 objects containing 17.5Mb backing data
[2022.03.10-09.02.00:387][594]LogAssetTools: Warning: Failed to import 'C:\Users\cortiz42\Downloads\CS498GD-MP2-main\CS498GD-MP2-main\Content\MP2\Enemies\Mortar\Mortar.uasset'. Unknown extension 'uasset'.
[2022.03.10-09.02.00:390][594]LogAssetTools: Warning: Failed to import 'C:\Users\cortiz42\Downloads\CS498GD-MP2-main\CS498GD-MP2-main\Content\MP2\Enemies\Mortar\Mortar_Projectile.uasset'. Unknown extension 'uasset'.
[2022.03.10-09.02.15:103][178]LogAssetTools: Warning: Failed to import 'C:\Users\cortiz42\Downloads\CS498GD-MP2-main\CS498GD-MP2-main\Content\MP2\Enemies\Mortar\Mortar.uasset'. Unknown extension 'uasset'.
[2022.03.10-09.02.15:106][178]LogAssetTools: Warning: Failed to import 'C:\Users\cortiz42\Downloads\CS498GD-MP2-main\CS498GD-MP2-main\Content\MP2\Enemies\Mortar\Mortar_Projectile.uasset'. Unknown extension 'uasset'.
